#
# There is insufficient memory for the Java Runtime Environment to continue.
# Native memory allocation (malloc) failed to allocate 1177136 bytes for Chunk::new
# Possible reasons:
#   The system is out of physical RAM or swap space
#   The process is running with CompressedOops enabled, and the Java Heap may be blocking the growth of the native heap
# Possible solutions:
#   Reduce memory load on the system
#   Increase physical memory or swap space
#   Check if swap backing store is full
#   Decrease Java heap size (-Xmx/-Xms)
#   Decrease number of Java threads
#   Decrease Java thread stack sizes (-Xss)
#   Set larger code cache with -XX:ReservedCodeCacheSize=
#   JVM is running with Zero Based Compressed Oops mode in which the Java heap is
#     placed in the first 32GB address space. The Java Heap base address is the
#     maximum limit for the native heap growth. Please use -XX:HeapBaseMinAddress
#     to set the Java Heap base and to place the Java Heap above 32GB virtual address.
# This output file may be truncated or incomplete.
#
#  Out of Memory Error (arena.cpp:168), pid=8496, tid=4328
#
# JRE version: Java(TM) SE Runtime Environment (21.0.2+13) (build 21.0.2+13-LTS-58)
# Java VM: Java HotSpot(TM) 64-Bit Server VM (21.0.2+13-LTS-58, mixed mode, sharing, tiered, compressed oops, compressed class ptrs, g1 gc, windows-amd64)
# No core dump will be written. Minidumps are not enabled by default on client versions of Windows
#

---------------  S U M M A R Y ------------

Command Line: C:\Users\sambh\AppData\Local\Temp\surefire7783276880393669467\surefirebooter-20250514225923848_3.jar C:\Users\sambh\AppData\Local\Temp\surefire7783276880393669467 2025-05-14T22-59-23_725-jvmRun1 surefire-20250514225923848_1tmp surefire_0-20250514225923848_2tmp

Host: AMD Ryzen 5 5600H with Radeon Graphics         , 12 cores, 15G,  Windows 11 , 64 bit Build 26100 (10.0.26100.3775)
Time: Wed May 14 22:59:32 2025 India Standard Time elapsed time: 8.062474 seconds (0d 0h 0m 8s)

---------------  T H R E A D  ---------------

Current thread (0x0000026510098110):  JavaThread "C2 CompilerThread1" daemon [_thread_in_native, id=4328, stack(0x0000009b01a00000,0x0000009b01b00000) (1024K)]


Current CompileTask:
C2:   8062 7316       4       org.springframework.core.annotation.AnnotationsScanner::getDeclaredAnnotations (166 bytes)

Stack: [0x0000009b01a00000,0x0000009b01b00000]
Native frames: (J=compiled Java code, j=interpreted, Vv=VM code, C=native code)
V  [jvm.dll+0x6cade9]
V  [jvm.dll+0x8569c1]
V  [jvm.dll+0x858d2e]
V  [jvm.dll+0x859413]
V  [jvm.dll+0x280e56]
V  [jvm.dll+0xc3f3d]
V  [jvm.dll+0xc4473]
V  [jvm.dll+0x3b5bf2]
V  [jvm.dll+0x382855]
V  [jvm.dll+0x381cca]
V  [jvm.dll+0x249bd0]
V  [jvm.dll+0x2491b1]
V  [jvm.dll+0x1c9634]
V  [jvm.dll+0x258859]
V  [jvm.dll+0x256e3a]
V  [jvm.dll+0x3ef6c6]
V  [jvm.dll+0x7ff568]
V  [jvm.dll+0x6c953d]
C  [ucrtbase.dll+0x37b0]
C  [KERNEL32.DLL+0x2e8d7]
C  [ntdll.dll+0xb14fc]


---------------  P R O C E S S  ---------------

Threads class SMR info:
_java_thread_list=0x000002650c6fd7f0, length=26, elements={
0x00000264a43630b0, 0x00000264c581f220, 0x00000264c581fa40, 0x00000264c5823870,
0x00000264c5824370, 0x00000264c5824d40, 0x00000264c582b630, 0x00000264c58386a0,
0x00000264c5838e80, 0x00000264c5acb830, 0x00000264c5ad1f80, 0x00000264c5d0fb20,
0x000002650b185c10, 0x000002650e41ddb0, 0x000002650c0fbdc0, 0x000002650edb4d70,
0x0000026510098110, 0x000002650fce4840, 0x000002650e391a60, 0x000002650d778450,
0x000002650d776a10, 0x000002650d7770a0, 0x000002650d779800, 0x000002650d777dc0,
0x000002650d777730, 0x0000026510bdab20
}

Java Threads: ( => current thread )
  0x00000264a43630b0 JavaThread "main"                              [_thread_in_native, id=20056, stack(0x0000009b00000000,0x0000009b00100000) (1024K)]
  0x00000264c581f220 JavaThread "Reference Handler"          daemon [_thread_blocked, id=2948, stack(0x0000009b00800000,0x0000009b00900000) (1024K)]
  0x00000264c581fa40 JavaThread "Finalizer"                  daemon [_thread_blocked, id=14840, stack(0x0000009b00900000,0x0000009b00a00000) (1024K)]
  0x00000264c5823870 JavaThread "Signal Dispatcher"          daemon [_thread_blocked, id=13192, stack(0x0000009b00a00000,0x0000009b00b00000) (1024K)]
  0x00000264c5824370 JavaThread "Attach Listener"            daemon [_thread_blocked, id=10824, stack(0x0000009b00b00000,0x0000009b00c00000) (1024K)]
  0x00000264c5824d40 JavaThread "Service Thread"             daemon [_thread_blocked, id=20684, stack(0x0000009b00c00000,0x0000009b00d00000) (1024K)]
  0x00000264c582b630 JavaThread "Monitor Deflation Thread"   daemon [_thread_blocked, id=20696, stack(0x0000009b00d00000,0x0000009b00e00000) (1024K)]
  0x00000264c58386a0 JavaThread "C2 CompilerThread0"         daemon [_thread_in_native, id=20672, stack(0x0000009b00e00000,0x0000009b00f00000) (1024K)]
  0x00000264c5838e80 JavaThread "C1 CompilerThread0"         daemon [_thread_blocked, id=20692, stack(0x0000009b00f00000,0x0000009b01000000) (1024K)]
  0x00000264c5acb830 JavaThread "Notification Thread"        daemon [_thread_blocked, id=5048, stack(0x0000009b01000000,0x0000009b01100000) (1024K)]
  0x00000264c5ad1f80 JavaThread "Common-Cleaner"             daemon [_thread_blocked, id=17864, stack(0x0000009b01100000,0x0000009b01200000) (1024K)]
  0x00000264c5d0fb20 JavaThread "surefire-forkedjvm-stream-flusher" daemon [_thread_blocked, id=6092, stack(0x0000009b01200000,0x0000009b01300000) (1024K)]
  0x000002650b185c10 JavaThread "surefire-forkedjvm-command-thread" daemon [_thread_in_native, id=17872, stack(0x0000009b01300000,0x0000009b01400000) (1024K)]
  0x000002650e41ddb0 JavaThread "mysql-cj-abandoned-connection-cleanup" daemon [_thread_blocked, id=20648, stack(0x0000009b01f00000,0x0000009b02000000) (1024K)]
  0x000002650c0fbdc0 JavaThread "HikariPool-1 housekeeper"   daemon [_thread_blocked, id=21460, stack(0x0000009b02300000,0x0000009b02400000) (1024K)]
  0x000002650edb4d70 JavaThread "HikariPool-1 connection adder" daemon [_thread_blocked, id=21444, stack(0x0000009b02400000,0x0000009b02500000) (1024K)]
=>0x0000026510098110 JavaThread "C2 CompilerThread1"         daemon [_thread_in_native, id=4328, stack(0x0000009b01a00000,0x0000009b01b00000) (1024K)]
  0x000002650fce4840 JavaThread "C2 CompilerThread2"         daemon [_thread_in_native, id=3696, stack(0x0000009b01e00000,0x0000009b01f00000) (1024K)]
  0x000002650e391a60 JavaThread "spring.cloud.inetutils"     daemon [_thread_blocked, id=1392, stack(0x0000009b02500000,0x0000009b02600000) (1024K)]
  0x000002650d778450 JavaThread "spectator-gauge-polling-0"  daemon [_thread_blocked, id=10588, stack(0x0000009b02600000,0x0000009b02700000) (1024K)]
  0x000002650d776a10 JavaThread "AsyncResolver-bootstrap-%d" daemon [_thread_blocked, id=12736, stack(0x0000009b02700000,0x0000009b02800000) (1024K)]
  0x000002650d7770a0 JavaThread "DiscoveryClient-%d"         daemon [_thread_blocked, id=2760, stack(0x0000009b02800000,0x0000009b02900000) (1024K)]
  0x000002650d779800 JavaThread "DiscoveryClient-%d"         daemon [_thread_blocked, id=20644, stack(0x0000009b02900000,0x0000009b02a00000) (1024K)]
  0x000002650d777dc0 JavaThread "DiscoveryClient-InstanceInfoReplicator-%d" daemon [_thread_blocked, id=16996, stack(0x0000009b02a00000,0x0000009b02b00000) (1024K)]
  0x000002650d777730 JavaThread "ThreadPoolTaskScheduler-1"         [_thread_blocked, id=18676, stack(0x0000009b02b00000,0x0000009b02c00000) (1024K)]
  0x0000026510bdab20 JavaThread "org.springframework.kafka.KafkaListenerEndpointContainer#0-0-C-1"        [_thread_in_native, id=8432, stack(0x0000009b02c00000,0x0000009b02d00000) (1024K)]
Total: 26

Other Threads:
  0x00000264c58005b0 VMThread "VM Thread"                           [id=9724, stack(0x0000009b00700000,0x0000009b00800000) (1024K)]
  0x00000264c57df7b0 WatcherThread "VM Periodic Task Thread"        [id=3352, stack(0x0000009b00600000,0x0000009b00700000) (1024K)]
  0x00000264a659a3b0 WorkerThread "GC Thread#0"                     [id=20068, stack(0x0000009b00100000,0x0000009b00200000) (1024K)]
  0x000002650b7d6f90 WorkerThread "GC Thread#1"                     [id=7476, stack(0x0000009b01400000,0x0000009b01500000) (1024K)]
  0x000002650b7d7330 WorkerThread "GC Thread#2"                     [id=14648, stack(0x0000009b01500000,0x0000009b01600000) (1024K)]
  0x000002650b7d76d0 WorkerThread "GC Thread#3"                     [id=12152, stack(0x0000009b01600000,0x0000009b01700000) (1024K)]
  0x000002650b7d7a70 WorkerThread "GC Thread#4"                     [id=3332, stack(0x0000009b01700000,0x0000009b01800000) (1024K)]
  0x000002650b84f680 WorkerThread "GC Thread#5"                     [id=21828, stack(0x0000009b01800000,0x0000009b01900000) (1024K)]
  0x000002650b85e680 WorkerThread "GC Thread#6"                     [id=21824, stack(0x0000009b01900000,0x0000009b01a00000) (1024K)]
  0x000002650bfd1960 WorkerThread "GC Thread#7"                     [id=22908, stack(0x0000009b01b00000,0x0000009b01c00000) (1024K)]
  0x000002650bfd1d00 WorkerThread "GC Thread#8"                     [id=22540, stack(0x0000009b01c00000,0x0000009b01d00000) (1024K)]
  0x000002650bfd20a0 WorkerThread "GC Thread#9"                     [id=18396, stack(0x0000009b01d00000,0x0000009b01e00000) (1024K)]
  0x00000264a65acf00 ConcurrentGCThread "G1 Main Marker"            [id=7096, stack(0x0000009b00200000,0x0000009b00300000) (1024K)]
  0x00000264a65ad910 WorkerThread "G1 Conc#0"                       [id=20088, stack(0x0000009b00300000,0x0000009b00400000) (1024K)]
  0x000002650c0cb620 WorkerThread "G1 Conc#1"                       [id=6292, stack(0x0000009b02000000,0x0000009b02100000) (1024K)]
  0x000002650c0cc100 WorkerThread "G1 Conc#2"                       [id=19732, stack(0x0000009b02100000,0x0000009b02200000) (1024K)]
  0x00000264c56af160 ConcurrentGCThread "G1 Refine#0"               [id=2084, stack(0x0000009b00400000,0x0000009b00500000) (1024K)]
  0x00000264c56b25b0 ConcurrentGCThread "G1 Service"                [id=2780, stack(0x0000009b00500000,0x0000009b00600000) (1024K)]
Total: 18

Threads with active compile tasks:
C2 CompilerThread0     8094 7312       4       org.springframework.beans.factory.support.AbstractBeanFactory::isTypeMatch (745 bytes)
C2 CompilerThread1     8094 7316       4       org.springframework.core.annotation.AnnotationsScanner::getDeclaredAnnotations (166 bytes)
C2 CompilerThread2     8094 7317       4       org.springframework.core.BridgeMethodResolver::resolveBridgeMethod (180 bytes)
Total: 3

VM state: not at safepoint (normal execution)

VM Mutex/Monitor currently owned by a thread: None

Heap address: 0x000000070a400000, size: 3932 MB, Compressed Oops mode: Zero based, Oop shift amount: 3

CDS archive(s) mapped at: [0x00000264c6000000-0x00000264c6c90000-0x00000264c6c90000), size 13172736, SharedBaseAddress: 0x00000264c6000000, ArchiveRelocationMode: 1.
Compressed class space mapped at: 0x00000264c7000000-0x0000026507000000, reserved size: 1073741824
Narrow klass base: 0x00000264c6000000, Narrow klass shift: 0, Narrow klass range: 0x100000000

GC Precious Log:
 CardTable entry size: 512
 Card Set container configuration: InlinePtr #cards 4 size 8 Array Of Cards #cards 16 size 48 Howl #buckets 8 coarsen threshold 3686 Howl Bitmap #cards 512 size 80 coarsen threshold 460 Card regions per heap region 1 cards per card region 4096
 CPUs: 12 total, 12 available
 Memory: 15724M
 Large Page Support: Disabled
 NUMA Support: Disabled
 Compressed Oops: Enabled (Zero based)
 Heap Region Size: 2M
 Heap Min Capacity: 8M
 Heap Initial Capacity: 246M
 Heap Max Capacity: 3932M
 Pre-touch: Disabled
 Parallel Workers: 10
 Concurrent Workers: 3
 Concurrent Refinement Workers: 10
 Periodic GC: Disabled

Heap:
 garbage-first heap   total 118784K, used 85158K [0x000000070a400000, 0x0000000800000000)
  region size 2048K, 23 young (47104K), 2 survivors (4096K)
 Metaspace       used 94453K, committed 95296K, reserved 1179648K
  class space    used 12688K, committed 13056K, reserved 1048576K

Heap Regions: E=young(eden), S=young(survivor), O=old, HS=humongous(starts), HC=humongous(continues), CS=collection set, F=free, TAMS=top-at-mark-start, PB=parsable bottom
|   0|0x000000070a400000, 0x000000070a600000, 0x000000070a600000|100%| O|  |TAMS 0x000000070a400000| PB 0x000000070a400000| Untracked 
|   1|0x000000070a600000, 0x000000070a800000, 0x000000070a800000|100%| O|  |TAMS 0x000000070a600000| PB 0x000000070a600000| Untracked 
|   2|0x000000070a800000, 0x000000070aa00000, 0x000000070aa00000|100%| O|  |TAMS 0x000000070a800000| PB 0x000000070a800000| Untracked 
|   3|0x000000070aa00000, 0x000000070ac00000, 0x000000070ac00000|100%| O|  |TAMS 0x000000070aa00000| PB 0x000000070aa00000| Untracked 
|   4|0x000000070ac00000, 0x000000070ae00000, 0x000000070ae00000|100%| O|  |TAMS 0x000000070ac00000| PB 0x000000070ac00000| Untracked 
|   5|0x000000070ae00000, 0x000000070b000000, 0x000000070b000000|100%| O|  |TAMS 0x000000070ae00000| PB 0x000000070ae00000| Untracked 
|   6|0x000000070b000000, 0x000000070b200000, 0x000000070b200000|100%| O|  |TAMS 0x000000070b000000| PB 0x000000070b000000| Untracked 
|   7|0x000000070b200000, 0x000000070b400000, 0x000000070b400000|100%| O|  |TAMS 0x000000070b200000| PB 0x000000070b200000| Untracked 
|   8|0x000000070b400000, 0x000000070b600000, 0x000000070b600000|100%| O|  |TAMS 0x000000070b400000| PB 0x000000070b400000| Untracked 
|   9|0x000000070b600000, 0x000000070b800000, 0x000000070b800000|100%| O|  |TAMS 0x000000070b600000| PB 0x000000070b600000| Untracked 
|  10|0x000000070b800000, 0x000000070ba00000, 0x000000070ba00000|100%| O|  |TAMS 0x000000070b800000| PB 0x000000070b800000| Untracked 
|  11|0x000000070ba00000, 0x000000070bc00000, 0x000000070bc00000|100%| O|  |TAMS 0x000000070ba00000| PB 0x000000070ba00000| Untracked 
|  12|0x000000070bc00000, 0x000000070be00000, 0x000000070be00000|100%| O|  |TAMS 0x000000070bc00000| PB 0x000000070bc00000| Untracked 
|  13|0x000000070be00000, 0x000000070c000000, 0x000000070c000000|100%| O|  |TAMS 0x000000070be00000| PB 0x000000070be00000| Untracked 
|  14|0x000000070c000000, 0x000000070c200000, 0x000000070c200000|100%| O|  |TAMS 0x000000070c000000| PB 0x000000070c000000| Untracked 
|  15|0x000000070c200000, 0x000000070c400000, 0x000000070c400000|100%| O|  |TAMS 0x000000070c200000| PB 0x000000070c200000| Untracked 
|  16|0x000000070c400000, 0x000000070c600000, 0x000000070c600000|100%| O|  |TAMS 0x000000070c400000| PB 0x000000070c400000| Untracked 
|  17|0x000000070c600000, 0x000000070c800000, 0x000000070c800000|100%| O|  |TAMS 0x000000070c600000| PB 0x000000070c600000| Untracked 
|  18|0x000000070c800000, 0x000000070ca00000, 0x000000070ca00000|100%| O|  |TAMS 0x000000070c800000| PB 0x000000070c800000| Untracked 
|  19|0x000000070ca00000, 0x000000070cb29960, 0x000000070cc00000| 58%| O|  |TAMS 0x000000070ca00000| PB 0x000000070ca00000| Untracked 
|  20|0x000000070cc00000, 0x000000070cc00000, 0x000000070ce00000|  0%| F|  |TAMS 0x000000070cc00000| PB 0x000000070cc00000| Untracked 
|  21|0x000000070ce00000, 0x000000070ce00000, 0x000000070d000000|  0%| F|  |TAMS 0x000000070ce00000| PB 0x000000070ce00000| Untracked 
|  22|0x000000070d000000, 0x000000070d000000, 0x000000070d200000|  0%| F|  |TAMS 0x000000070d000000| PB 0x000000070d000000| Untracked 
|  23|0x000000070d200000, 0x000000070d200000, 0x000000070d400000|  0%| F|  |TAMS 0x000000070d200000| PB 0x000000070d200000| Untracked 
|  24|0x000000070d400000, 0x000000070d400000, 0x000000070d600000|  0%| F|  |TAMS 0x000000070d400000| PB 0x000000070d400000| Untracked 
|  25|0x000000070d600000, 0x000000070d600000, 0x000000070d800000|  0%| F|  |TAMS 0x000000070d600000| PB 0x000000070d600000| Untracked 
|  26|0x000000070d800000, 0x000000070da00000, 0x000000070da00000|100%| S|CS|TAMS 0x000000070d800000| PB 0x000000070d800000| Complete 
|  27|0x000000070da00000, 0x000000070dc00000, 0x000000070dc00000|100%| S|CS|TAMS 0x000000070da00000| PB 0x000000070da00000| Complete 
|  28|0x000000070dc00000, 0x000000070dc00000, 0x000000070de00000|  0%| F|  |TAMS 0x000000070dc00000| PB 0x000000070dc00000| Untracked 
|  29|0x000000070de00000, 0x000000070de00000, 0x000000070e000000|  0%| F|  |TAMS 0x000000070de00000| PB 0x000000070de00000| Untracked 
|  30|0x000000070e000000, 0x000000070e000000, 0x000000070e200000|  0%| F|  |TAMS 0x000000070e000000| PB 0x000000070e000000| Untracked 
|  31|0x000000070e200000, 0x000000070e200000, 0x000000070e400000|  0%| F|  |TAMS 0x000000070e200000| PB 0x000000070e200000| Untracked 
|  32|0x000000070e400000, 0x000000070e400000, 0x000000070e600000|  0%| F|  |TAMS 0x000000070e400000| PB 0x000000070e400000| Untracked 
|  33|0x000000070e600000, 0x000000070e600000, 0x000000070e800000|  0%| F|  |TAMS 0x000000070e600000| PB 0x000000070e600000| Untracked 
|  34|0x000000070e800000, 0x000000070e800000, 0x000000070ea00000|  0%| F|  |TAMS 0x000000070e800000| PB 0x000000070e800000| Untracked 
|  35|0x000000070ea00000, 0x000000070ea00000, 0x000000070ec00000|  0%| F|  |TAMS 0x000000070ea00000| PB 0x000000070ea00000| Untracked 
|  36|0x000000070ec00000, 0x000000070ec00000, 0x000000070ee00000|  0%| F|  |TAMS 0x000000070ec00000| PB 0x000000070ec00000| Untracked 
|  37|0x000000070ee00000, 0x000000070ef0da78, 0x000000070f000000| 52%| E|  |TAMS 0x000000070ee00000| PB 0x000000070ee00000| Complete 
|  38|0x000000070f000000, 0x000000070f200000, 0x000000070f200000|100%| E|CS|TAMS 0x000000070f000000| PB 0x000000070f000000| Complete 
|  39|0x000000070f200000, 0x000000070f400000, 0x000000070f400000|100%| E|CS|TAMS 0x000000070f200000| PB 0x000000070f200000| Complete 
|  40|0x000000070f400000, 0x000000070f600000, 0x000000070f600000|100%| E|CS|TAMS 0x000000070f400000| PB 0x000000070f400000| Complete 
|  41|0x000000070f600000, 0x000000070f800000, 0x000000070f800000|100%| E|CS|TAMS 0x000000070f600000| PB 0x000000070f600000| Complete 
|  42|0x000000070f800000, 0x000000070fa00000, 0x000000070fa00000|100%| E|CS|TAMS 0x000000070f800000| PB 0x000000070f800000| Complete 
|  43|0x000000070fa00000, 0x000000070fc00000, 0x000000070fc00000|100%| E|CS|TAMS 0x000000070fa00000| PB 0x000000070fa00000| Complete 
|  44|0x000000070fc00000, 0x000000070fe00000, 0x000000070fe00000|100%| E|CS|TAMS 0x000000070fc00000| PB 0x000000070fc00000| Complete 
|  45|0x000000070fe00000, 0x0000000710000000, 0x0000000710000000|100%| E|CS|TAMS 0x000000070fe00000| PB 0x000000070fe00000| Complete 
|  46|0x0000000710000000, 0x0000000710200000, 0x0000000710200000|100%| E|CS|TAMS 0x0000000710000000| PB 0x0000000710000000| Complete 
|  47|0x0000000710200000, 0x0000000710400000, 0x0000000710400000|100%| E|CS|TAMS 0x0000000710200000| PB 0x0000000710200000| Complete 
|  48|0x0000000710400000, 0x0000000710600000, 0x0000000710600000|100%| E|CS|TAMS 0x0000000710400000| PB 0x0000000710400000| Complete 
|  49|0x0000000710600000, 0x0000000710800000, 0x0000000710800000|100%| E|CS|TAMS 0x0000000710600000| PB 0x0000000710600000| Complete 
|  50|0x0000000710800000, 0x0000000710a00000, 0x0000000710a00000|100%| E|CS|TAMS 0x0000000710800000| PB 0x0000000710800000| Complete 
|  51|0x0000000710a00000, 0x0000000710c00000, 0x0000000710c00000|100%| E|CS|TAMS 0x0000000710a00000| PB 0x0000000710a00000| Complete 
|  52|0x0000000710c00000, 0x0000000710e00000, 0x0000000710e00000|100%| E|CS|TAMS 0x0000000710c00000| PB 0x0000000710c00000| Complete 
| 109|0x0000000717e00000, 0x0000000718000000, 0x0000000718000000|100%| E|CS|TAMS 0x0000000717e00000| PB 0x0000000717e00000| Complete 
| 110|0x0000000718000000, 0x0000000718200000, 0x0000000718200000|100%| E|CS|TAMS 0x0000000718000000| PB 0x0000000718000000| Complete 
| 111|0x0000000718200000, 0x0000000718400000, 0x0000000718400000|100%| E|CS|TAMS 0x0000000718200000| PB 0x0000000718200000| Complete 
| 112|0x0000000718400000, 0x0000000718600000, 0x0000000718600000|100%| E|CS|TAMS 0x0000000718400000| PB 0x0000000718400000| Complete 
| 122|0x0000000719800000, 0x0000000719a00000, 0x0000000719a00000|100%| E|CS|TAMS 0x0000000719800000| PB 0x0000000719800000| Complete 

Card table byte_map: [0x00000264be6a0000,0x00000264bee50000] _byte_map_base: 0x00000264bae4e000

Marking Bits: (CMBitMap*) 0x00000264a659a9c0
 Bits: [0x00000264bee50000, 0x00000264c2bc0000)

Polling page: 0x00000264a5d00000

Metaspace:

Usage:
  Non-class:     79.87 MB used.
      Class:     12.39 MB used.
       Both:     92.27 MB used.

Virtual space:
  Non-class space:      128.00 MB reserved,      80.38 MB ( 63%) committed,  2 nodes.
      Class space:        1.00 GB reserved,      12.75 MB (  1%) committed,  1 nodes.
             Both:        1.12 GB reserved,      93.12 MB (  8%) committed. 

Chunk freelists:
   Non-Class:  15.36 MB
       Class:  3.26 MB
        Both:  18.62 MB

MaxMetaspaceSize: unlimited
CompressedClassSpaceSize: 1.00 GB
Initial GC threshold: 21.00 MB
Current GC threshold: 98.44 MB
CDS: on
 - commit_granule_bytes: 65536.
 - commit_granule_words: 8192.
 - virtual_space_node_default_size: 8388608.
 - enlarge_chunks_in_place: 1.
 - use_allocation_guard: 0.


Internal statistics:

num_allocs_failed_limit: 9.
num_arena_births: 1228.
num_arena_deaths: 0.
num_vsnodes_births: 3.
num_vsnodes_deaths: 0.
num_space_committed: 1490.
num_space_uncommitted: 0.
num_chunks_returned_to_freelist: 9.
num_chunks_taken_from_freelist: 4516.
num_chunk_merges: 9.
num_chunk_splits: 3318.
num_chunks_enlarged: 2685.
num_inconsistent_stats: 0.

CodeHeap 'non-profiled nmethods': size=120000Kb used=5127Kb max_used=5127Kb free=114872Kb
 bounds [0x00000264b6470000, 0x00000264b6980000, 0x00000264bd9a0000]
CodeHeap 'profiled nmethods': size=120000Kb used=13075Kb max_used=13075Kb free=106924Kb
 bounds [0x00000264ae9a0000, 0x00000264af670000, 0x00000264b5ed0000]
CodeHeap 'non-nmethods': size=5760Kb used=1828Kb max_used=1854Kb free=3931Kb
 bounds [0x00000264b5ed0000, 0x00000264b6140000, 0x00000264b6470000]
 total_blobs=7397 nmethods=6573 adapters=727
 compilation: enabled
              stopped_count=0, restarted_count=0
 full_count=0

Compilation events (20 events):
Event: 7.770 Thread 0x00000264c5838e80 7336       3       org.apache.kafka.common.protocol.types.Type$DocumentedType::<init> (5 bytes)
Event: 7.770 Thread 0x00000264c5838e80 nmethod 7336 0x00000264af65f790 code [0x00000264af65f940, 0x00000264af65fb08]
Event: 7.774 Thread 0x00000264c5838e80 7338       3       java.util.concurrent.ScheduledThreadPoolExecutor::canRunInCurrentRunState (61 bytes)
Event: 7.774 Thread 0x00000264c5838e80 nmethod 7338 0x00000264af65fc10 code [0x00000264af65fe20, 0x00000264af660610]
Event: 7.776 Thread 0x00000264c5838e80 7339       3       java.lang.invoke.LambdaFormBuffer::lambdaForm (37 bytes)
Event: 7.777 Thread 0x00000264c5838e80 nmethod 7339 0x00000264af660890 code [0x00000264af660a80, 0x00000264af660e68]
Event: 7.782 Thread 0x00000264c5838e80 7341       3       java.util.zip.Inflater$InflaterZStreamRef::<init> (30 bytes)
Event: 7.782 Thread 0x00000264c5838e80 nmethod 7341 0x00000264af661010 code [0x00000264af6611e0, 0x00000264af6614b8]
Event: 7.786 Thread 0x00000264c5838e80 7342   !   2       java.util.zip.Inflater::finished (19 bytes)
Event: 7.787 Thread 0x00000264c5838e80 nmethod 7342 0x00000264af661610 code [0x00000264af6617c0, 0x00000264af6619c0]
Event: 7.788 Thread 0x00000264c5838e80 7344   !   2       java.util.zip.InflaterInputStream::read (129 bytes)
Event: 7.789 Thread 0x00000264c5838e80 nmethod 7344 0x00000264af661a90 code [0x00000264af661d00, 0x00000264af662588]
Event: 7.789 Thread 0x00000264c5838e80 7345       3       java.io.FileDescriptor$1::get (5 bytes)
Event: 7.789 Thread 0x00000264c5838e80 nmethod 7345 0x00000264af662b10 code [0x00000264af662ca0, 0x00000264af662db8]
Event: 7.792 Thread 0x000002650fce4840 nmethod 7281 0x00000264b696c590 code [0x00000264b696ca80, 0x00000264b696fb70]
Event: 7.793 Thread 0x000002650fce4840 7317       4       org.springframework.core.BridgeMethodResolver::resolveBridgeMethod (180 bytes)
Event: 7.795 Thread 0x00000264c5838e80 7347       3       org.apache.kafka.common.protocol.types.Schema::<init> (165 bytes)
Event: 7.796 Thread 0x00000264c5838e80 nmethod 7347 0x00000264af662e90 code [0x00000264af663180, 0x00000264af664340]
Event: 7.796 Thread 0x00000264c5838e80 7346       3       org.apache.kafka.common.protocol.types.Schema::<init> (7 bytes)
Event: 7.797 Thread 0x00000264c5838e80 nmethod 7346 0x00000264af664990 code [0x00000264af664b40, 0x00000264af664c88]

GC Heap History (20 events):
Event: 1.579 GC heap before
{Heap before GC invocations=2 (full 0):
 garbage-first heap   total 251904K, used 60996K [0x000000070a400000, 0x0000000800000000)
  region size 2048K, 25 young (51200K), 1 survivors (2048K)
 Metaspace       used 16531K, committed 16832K, reserved 1114112K
  class space    used 2088K, committed 2240K, reserved 1048576K
}
Event: 1.583 GC heap after
{Heap after GC invocations=3 (full 0):
 garbage-first heap   total 251904K, used 19968K [0x000000070a400000, 0x0000000800000000)
  region size 2048K, 4 young (8192K), 4 survivors (8192K)
 Metaspace       used 16531K, committed 16832K, reserved 1114112K
  class space    used 2088K, committed 2240K, reserved 1048576K
}
Event: 1.847 GC heap before
{Heap before GC invocations=3 (full 0):
 garbage-first heap   total 251904K, used 36352K [0x000000070a400000, 0x0000000800000000)
  region size 2048K, 14 young (28672K), 4 survivors (8192K)
 Metaspace       used 21181K, committed 21504K, reserved 1114112K
  class space    used 2667K, committed 2816K, reserved 1048576K
}
Event: 1.851 GC heap after
{Heap after GC invocations=4 (full 0):
 garbage-first heap   total 251904K, used 20692K [0x000000070a400000, 0x0000000800000000)
  region size 2048K, 4 young (8192K), 4 survivors (8192K)
 Metaspace       used 21181K, committed 21504K, reserved 1114112K
  class space    used 2667K, committed 2816K, reserved 1048576K
}
Event: 2.434 GC heap before
{Heap before GC invocations=5 (full 0):
 garbage-first heap   total 81920K, used 61652K [0x000000070a400000, 0x0000000800000000)
  region size 2048K, 24 young (49152K), 4 survivors (8192K)
 Metaspace       used 26909K, committed 27264K, reserved 1114112K
  class space    used 3370K, committed 3520K, reserved 1048576K
}
Event: 2.442 GC heap after
{Heap after GC invocations=6 (full 0):
 garbage-first heap   total 81920K, used 25052K [0x000000070a400000, 0x0000000800000000)
  region size 2048K, 3 young (6144K), 3 survivors (6144K)
 Metaspace       used 26909K, committed 27264K, reserved 1114112K
  class space    used 3370K, committed 3520K, reserved 1048576K
}
Event: 3.020 GC heap before
{Heap before GC invocations=6 (full 0):
 garbage-first heap   total 81920K, used 57820K [0x000000070a400000, 0x0000000800000000)
  region size 2048K, 19 young (38912K), 3 survivors (6144K)
 Metaspace       used 31800K, committed 32256K, reserved 1114112K
  class space    used 4124K, committed 4352K, reserved 1048576K
}
Event: 3.027 GC heap after
{Heap after GC invocations=7 (full 0):
 garbage-first heap   total 81920K, used 26737K [0x000000070a400000, 0x0000000800000000)
  region size 2048K, 2 young (4096K), 2 survivors (4096K)
 Metaspace       used 31800K, committed 32256K, reserved 1114112K
  class space    used 4124K, committed 4352K, reserved 1048576K
}
Event: 3.407 GC heap before
{Heap before GC invocations=7 (full 0):
 garbage-first heap   total 81920K, used 49265K [0x000000070a400000, 0x0000000800000000)
  region size 2048K, 14 young (28672K), 2 survivors (4096K)
 Metaspace       used 35553K, committed 35968K, reserved 1114112K
  class space    used 4619K, committed 4800K, reserved 1048576K
}
Event: 3.413 GC heap after
{Heap after GC invocations=8 (full 0):
 garbage-first heap   total 98304K, used 28608K [0x000000070a400000, 0x0000000800000000)
  region size 2048K, 3 young (6144K), 3 survivors (6144K)
 Metaspace       used 35553K, committed 35968K, reserved 1114112K
  class space    used 4619K, committed 4800K, reserved 1048576K
}
Event: 4.496 GC heap before
{Heap before GC invocations=9 (full 0):
 garbage-first heap   total 98304K, used 73664K [0x000000070a400000, 0x0000000800000000)
  region size 2048K, 26 young (53248K), 3 survivors (6144K)
 Metaspace       used 51002K, committed 51520K, reserved 1114112K
  class space    used 6744K, committed 6976K, reserved 1048576K
}
Event: 4.504 GC heap after
{Heap after GC invocations=10 (full 0):
 garbage-first heap   total 98304K, used 32184K [0x000000070a400000, 0x0000000800000000)
  region size 2048K, 4 young (8192K), 4 survivors (8192K)
 Metaspace       used 51002K, committed 51520K, reserved 1114112K
  class space    used 6744K, committed 6976K, reserved 1048576K
}
Event: 5.019 GC heap before
{Heap before GC invocations=10 (full 0):
 garbage-first heap   total 98304K, used 62904K [0x000000070a400000, 0x0000000800000000)
  region size 2048K, 20 young (40960K), 4 survivors (8192K)
 Metaspace       used 59701K, committed 60160K, reserved 1114112K
  class space    used 7936K, committed 8128K, reserved 1048576K
}
Event: 5.027 GC heap after
{Heap after GC invocations=11 (full 0):
 garbage-first heap   total 98304K, used 33706K [0x000000070a400000, 0x0000000800000000)
  region size 2048K, 3 young (6144K), 3 survivors (6144K)
 Metaspace       used 59701K, committed 60160K, reserved 1114112K
  class space    used 7936K, committed 8128K, reserved 1048576K
}
Event: 5.835 GC heap before
{Heap before GC invocations=12 (full 0):
 garbage-first heap   total 98304K, used 82858K [0x000000070a400000, 0x0000000800000000)
  region size 2048K, 27 young (55296K), 3 survivors (6144K)
 Metaspace       used 72820K, committed 73408K, reserved 1114112K
  class space    used 9920K, committed 10176K, reserved 1048576K
}
Event: 5.844 GC heap after
{Heap after GC invocations=13 (full 0):
 garbage-first heap   total 98304K, used 37558K [0x000000070a400000, 0x0000000800000000)
  region size 2048K, 3 young (6144K), 3 survivors (6144K)
 Metaspace       used 72820K, committed 73408K, reserved 1114112K
  class space    used 9920K, committed 10176K, reserved 1048576K
}
Event: 6.595 GC heap before
{Heap before GC invocations=13 (full 0):
 garbage-first heap   total 98304K, used 82614K [0x000000070a400000, 0x0000000800000000)
  region size 2048K, 25 young (51200K), 3 survivors (6144K)
 Metaspace       used 78834K, committed 79488K, reserved 1179648K
  class space    used 10771K, committed 11072K, reserved 1048576K
}
Event: 6.606 GC heap after
{Heap after GC invocations=14 (full 0):
 garbage-first heap   total 98304K, used 40435K [0x000000070a400000, 0x0000000800000000)
  region size 2048K, 4 young (8192K), 4 survivors (8192K)
 Metaspace       used 78834K, committed 79488K, reserved 1179648K
  class space    used 10771K, committed 11072K, reserved 1048576K
}
Event: 7.142 GC heap before
{Heap before GC invocations=14 (full 0):
 garbage-first heap   total 98304K, used 79347K [0x000000070a400000, 0x0000000800000000)
  region size 2048K, 24 young (49152K), 4 survivors (8192K)
 Metaspace       used 83534K, committed 84288K, reserved 1179648K
  class space    used 11481K, committed 11776K, reserved 1048576K
}
Event: 7.153 GC heap after
{Heap after GC invocations=15 (full 0):
 garbage-first heap   total 118784K, used 44198K [0x000000070a400000, 0x0000000800000000)
  region size 2048K, 2 young (4096K), 2 survivors (4096K)
 Metaspace       used 83534K, committed 84288K, reserved 1179648K
  class space    used 11481K, committed 11776K, reserved 1048576K
}

Dll operation events (11 events):
Event: 0.006 Loaded shared library C:\Program Files\Java\jdk-21\bin\java.dll
Event: 0.029 Loaded shared library C:\Program Files\Java\jdk-21\bin\jsvml.dll
Event: 0.041 Loaded shared library C:\Program Files\Java\jdk-21\bin\net.dll
Event: 0.043 Loaded shared library C:\Program Files\Java\jdk-21\bin\nio.dll
Event: 0.045 Loaded shared library C:\Program Files\Java\jdk-21\bin\zip.dll
Event: 0.087 Loaded shared library C:\Program Files\Java\jdk-21\bin\management.dll
Event: 0.093 Loaded shared library C:\Program Files\Java\jdk-21\bin\management_ext.dll
Event: 0.110 Loaded shared library C:\Program Files\Java\jdk-21\bin\jimage.dll
Event: 2.040 Loaded shared library C:\Program Files\Java\jdk-21\bin\sunmscapi.dll
Event: 3.835 Loaded shared library C:\Program Files\Java\jdk-21\bin\verify.dll
Event: 4.098 Loaded shared library C:\Program Files\Java\jdk-21\bin\extnet.dll

Deoptimization events (20 events):
Event: 7.746 Thread 0x00000264a43630b0 Uncommon trap: trap_request=0xffffffde fr.pc=0x00000264b66092f0 relative=0x0000000000000cf0
Event: 7.746 Thread 0x00000264a43630b0 Uncommon trap: reason=class_check action=maybe_recompile pc=0x00000264b66092f0 method=org.springframework.core.annotation.AnnotationsScanner.isWithoutHierarchy(Ljava/lang/reflect/AnnotatedElement;Ljava/util/function/Predicate;)Z @ 45 c2
Event: 7.746 Thread 0x00000264a43630b0 DEOPT PACKING pc=0x00000264b66092f0 sp=0x0000009b000fd280
Event: 7.746 Thread 0x00000264a43630b0 DEOPT UNPACKING pc=0x00000264b5f246a2 sp=0x0000009b000fd128 mode 2
Event: 7.770 Thread 0x00000264a43630b0 Uncommon trap: trap_request=0xffffff45 fr.pc=0x00000264b6942118 relative=0x00000000000006b8
Event: 7.770 Thread 0x00000264a43630b0 Uncommon trap: reason=unstable_if action=reinterpret pc=0x00000264b6942118 method=java.lang.reflect.Method.isCallerSensitive()Z @ 14 c2
Event: 7.770 Thread 0x00000264a43630b0 DEOPT PACKING pc=0x00000264b6942118 sp=0x0000009b000f98f0
Event: 7.770 Thread 0x00000264a43630b0 DEOPT UNPACKING pc=0x00000264b5f246a2 sp=0x0000009b000f98b8 mode 2
Event: 7.770 Thread 0x00000264a43630b0 Uncommon trap: trap_request=0xffffff45 fr.pc=0x00000264b6947658 relative=0x0000000000000bf8
Event: 7.770 Thread 0x00000264a43630b0 Uncommon trap: reason=unstable_if action=reinterpret pc=0x00000264b6947658 method=java.lang.invoke.MemberName.isResolved()Z @ 4 c2
Event: 7.770 Thread 0x00000264a43630b0 DEOPT PACKING pc=0x00000264b6947658 sp=0x0000009b000f94c0
Event: 7.770 Thread 0x00000264a43630b0 DEOPT UNPACKING pc=0x00000264b5f246a2 sp=0x0000009b000f9420 mode 2
Event: 7.782 Thread 0x00000264a43630b0 Uncommon trap: trap_request=0xffffffde fr.pc=0x00000264b65a6480 relative=0x00000000000018e0
Event: 7.782 Thread 0x00000264a43630b0 Uncommon trap: reason=class_check action=maybe_recompile pc=0x00000264b65a6480 method=java.util.zip.InflaterInputStream.read([BII)I @ 78 c2
Event: 7.782 Thread 0x00000264a43630b0 DEOPT PACKING pc=0x00000264b65a6480 sp=0x0000009b000f9e90
Event: 7.782 Thread 0x00000264a43630b0 DEOPT UNPACKING pc=0x00000264b5f246a2 sp=0x0000009b000f9ef0 mode 2
Event: 7.782 Thread 0x00000264a43630b0 Uncommon trap: trap_request=0xffffffde fr.pc=0x00000264b65a6480 relative=0x00000000000018e0
Event: 7.782 Thread 0x00000264a43630b0 Uncommon trap: reason=class_check action=maybe_recompile pc=0x00000264b65a6480 method=java.util.zip.InflaterInputStream.read([BII)I @ 78 c2
Event: 7.782 Thread 0x00000264a43630b0 DEOPT PACKING pc=0x00000264b65a6480 sp=0x0000009b000f9e90
Event: 7.782 Thread 0x00000264a43630b0 DEOPT UNPACKING pc=0x00000264b5f246a2 sp=0x0000009b000f9ef0 mode 2

Classes loaded (20 events):
Event: 7.725 Loading class java/util/IdentityHashMap$IdentityHashMapSpliterator done
Event: 7.725 Loading class java/util/IdentityHashMap$KeySpliterator done
Event: 7.767 Loading class java/lang/instrument/Instrumentation
Event: 7.767 Loading class java/lang/instrument/Instrumentation done
Event: 7.771 Loading class java/lang/ProcessHandle$Info
Event: 7.771 Loading class java/lang/ProcessHandle$Info done
Event: 7.781 Loading class java/util/jar/JarInputStream
Event: 7.781 Loading class java/util/zip/ZipInputStream
Event: 7.781 Loading class java/util/zip/ZipInputStream done
Event: 7.781 Loading class java/util/jar/JarInputStream done
Event: 7.784 Loading class java/lang/ProcessBuilder
Event: 7.784 Loading class java/lang/ProcessBuilder done
Event: 7.784 Loading class java/lang/ProcessImpl
Event: 7.784 Loading class java/lang/ProcessImpl done
Event: 7.789 Loading class java/lang/ProcessImpl$2
Event: 7.789 Loading class java/lang/ProcessImpl$2 done
Event: 7.789 Loading class java/lang/Process$PipeInputStream
Event: 7.789 Loading class java/lang/Process$PipeInputStream done
Event: 7.789 Loading class jdk/internal/event/ProcessStartEvent
Event: 7.789 Loading class jdk/internal/event/ProcessStartEvent done

Classes unloaded (0 events):
No events

Classes redefined (0 events):
No events

Internal exceptions (20 events):
Event: 6.965 Thread 0x00000264a43630b0 Exception <a 'java/lang/NoSuchMethodError'{0x000000070e89ce50}: 'long java.lang.invoke.DirectMethodHandle$Holder.invokeStatic(java.lang.Object, java.lang.Object, int)'> (0x000000070e89ce50) 
thrown [s\open\src\hotspot\share\interpreter\linkResolver.cpp, line 773]
Event: 6.965 Thread 0x00000264a43630b0 Exception <a 'java/lang/NoSuchMethodError'{0x000000070e8a7468}: 'void java.lang.invoke.DelegatingMethodHandle$Holder.reinvoke_L(java.lang.Object, java.lang.Object, long)'> (0x000000070e8a7468) 
thrown [s\open\src\hotspot\share\interpreter\linkResolver.cpp, line 773]
Event: 6.967 Thread 0x00000264a43630b0 Exception <a 'java/lang/NoSuchMethodError'{0x000000070e8c15c0}: 'float java.lang.invoke.DirectMethodHandle$Holder.invokeVirtual(java.lang.Object, java.lang.Object)'> (0x000000070e8c15c0) 
thrown [s\open\src\hotspot\share\interpreter\linkResolver.cpp, line 773]
Event: 6.967 Thread 0x00000264a43630b0 Exception <a 'java/lang/NoSuchMethodError'{0x000000070e8c8978}: 'float java.lang.invoke.DelegatingMethodHandle$Holder.reinvoke_L(java.lang.Object, java.lang.Object)'> (0x000000070e8c8978) 
thrown [s\open\src\hotspot\share\interpreter\linkResolver.cpp, line 773]
Event: 6.968 Thread 0x00000264a43630b0 Exception <a 'java/lang/NoSuchMethodError'{0x000000070e8da938}: 'float java.lang.invoke.DelegatingMethodHandle$Holder.reinvoke_L(java.lang.Object, java.lang.Object, int)'> (0x000000070e8da938) 
thrown [s\open\src\hotspot\share\interpreter\linkResolver.cpp, line 773]
Event: 6.968 Thread 0x00000264a43630b0 Exception <a 'java/lang/NoSuchMethodError'{0x000000070e8e4ad0}: 'void java.lang.invoke.DelegatingMethodHandle$Holder.reinvoke_L(java.lang.Object, java.lang.Object, float)'> (0x000000070e8e4ad0) 
thrown [s\open\src\hotspot\share\interpreter\linkResolver.cpp, line 773]
Event: 7.008 Thread 0x00000264a43630b0 Exception <a 'java/lang/NoSuchMethodError'{0x000000070e6a7260}: 'java.lang.Object java.lang.invoke.DirectMethodHandle$Holder.invokeVirtual(java.lang.Object, java.lang.Object, java.lang.Object, java.lang.Object, java.lang.Object, java.lang.Object, java.lang.Object)'> (0x000000070e6a7260) 
thrown [s\open\src\hotspot\share\interpreter\linkResolver.cpp, line 773]
Event: 7.101 Thread 0x00000264a43630b0 Exception <a 'java/lang/NoSuchMethodError'{0x000000070dc0f018}: 'java.lang.Object java.lang.invoke.DirectMethodHandle$Holder.invokeStatic(java.lang.Object, java.lang.Object, java.lang.Object, java.lang.Object, int, java.lang.Object, java.lang.Object)'> (0x000000070dc0f018) 
thrown [s\open\src\hotspot\share\interpreter\linkResolver.cpp, line 773]
Event: 7.137 Thread 0x00000264a43630b0 Exception <a 'java/lang/NoSuchMethodError'{0x000000070ddc0fc0}: 'int java.lang.invoke.DirectMethodHandle$Holder.invokeStatic(java.lang.Object, int, int, int, int)'> (0x000000070ddc0fc0) 
thrown [s\open\src\hotspot\share\interpreter\linkResolver.cpp, line 773]
Event: 7.137 Thread 0x00000264a43630b0 Exception <a 'java/lang/NoSuchMethodError'{0x000000070ddc7748}: 'java.lang.Object java.lang.invoke.DirectMethodHandle$Holder.newInvokeSpecial(java.lang.Object, int, int, int)'> (0x000000070ddc7748) 
thrown [s\open\src\hotspot\share\interpreter\linkResolver.cpp, line 773]
Event: 7.357 Thread 0x00000264a43630b0 Exception <a 'java/lang/NoSuchMethodError'{0x0000000717f97950}: 'java.lang.Object java.lang.invoke.DirectMethodHandle$Holder.invokeStatic(java.lang.Object, int, int)'> (0x0000000717f97950) 
thrown [s\open\src\hotspot\share\interpreter\linkResolver.cpp, line 773]
Event: 7.380 Thread 0x00000264a43630b0 Exception <a 'java/lang/NoSuchMethodError'{0x0000000710cc8bb8}: 'java.lang.Object java.lang.invoke.DelegatingMethodHandle$Holder.reinvoke_L(java.lang.Object, int, int, long, java.lang.Object, long, long, long)'> (0x0000000710cc8bb8) 
thrown [s\open\src\hotspot\share\interpreter\linkResolver.cpp, line 773]
Event: 7.381 Thread 0x00000264a43630b0 Exception <a 'java/lang/NoSuchMethodError'{0x0000000710ceebe8}: 'java.lang.Object java.lang.invoke.DelegatingMethodHandle$Holder.reinvoke_L(java.lang.Object, java.lang.Object, java.lang.Object, java.lang.Object, java.lang.Object, java.lang.Object, java.lang.Object, java.lang.Object, java.lang.Object, java.lang.Object, java.lang.Object, java.lang.Object, java.lang.Object, java.lang.Object, int, java.lang.Object, java.lang.Object, java.lang.Object, java.lang.Object, java.lang.Object, java.lang.Object, java.l
Event: 7.384 Thread 0x00000264a43630b0 Exception <a 'java/lang/NoSuchMethodError'{0x0000000710d41378}: 'java.lang.Object java.lang.invoke.DirectMethodHandle$Holder.invokeStatic(java.lang.Object, java.lang.Object, java.lang.Object, java.lang.Object, java.lang.Object, java.lang.Object, java.lang.Object, java.lang.Object, java.lang.Object, java.lang.Object, java.lang.Object, java.lang.Object, java.lang.Object)'> (0x0000000710d41378) 
thrown [s\open\src\hotspot\share\interpreter\linkResolver.cpp, line 773]
Event: 7.385 Thread 0x00000264a43630b0 Exception <a 'java/lang/NoSuchMethodError'{0x0000000710d62108}: 'java.lang.Object java.lang.invoke.DirectMethodHandle$Holder.invokeStatic(java.lang.Object, java.lang.Object, java.lang.Object, java.lang.Object, java.lang.Object, java.lang.Object, java.lang.Object, java.lang.Object, java.lang.Object, java.lang.Object, java.lang.Object, java.lang.Object, java.lang.Object, java.lang.Object)'> (0x0000000710d62108) 
thrown [s\open\src\hotspot\share\interpreter\linkResolver.cpp, line 773]
Event: 7.385 Thread 0x00000264a43630b0 Exception <a 'java/lang/NoSuchMethodError'{0x0000000710d78b40}: 'java.lang.Object java.lang.invoke.DelegatingMethodHandle$Holder.reinvoke_L(java.lang.Object, java.lang.Object, java.lang.Object, java.lang.Object, java.lang.Object, java.lang.Object, java.lang.Object, java.lang.Object, java.lang.Object, java.lang.Object, java.lang.Object, java.lang.Object, java.lang.Object, java.lang.Object, java.lang.Object, java.lang.Object, java.lang.Object, java.lang.Object, java.lang.Object, java.lang.Object, java.lang.O
Event: 7.530 Thread 0x00000264a43630b0 Exception <a 'java/lang/IncompatibleClassChangeError'{0x0000000710225160}: Found class java.lang.Object, but interface was expected> (0x0000000710225160) 
thrown [s\open\src\hotspot\share\interpreter\linkResolver.cpp, line 840]
Event: 7.563 Thread 0x00000264a43630b0 Implicit null exception at 0x00000264b66a0a61 to 0x00000264b66a0d34
Event: 7.770 Thread 0x00000264a43630b0 Exception <a 'java/lang/NoSuchMethodError'{0x000000070f7fe878}: method resolution failed> (0x000000070f7fe878) 
thrown [s\open\src\hotspot\share\prims\methodHandles.cpp, line 1144]
Event: 7.788 Thread 0x00000264a43630b0 Exception <a 'java/lang/NoSuchMethodError'{0x000000070f4807c0}: 'void java.lang.invoke.DirectMethodHandle$Holder.invokeStatic(java.lang.Object, long)'> (0x000000070f4807c0) 
thrown [s\open\src\hotspot\share\interpreter\linkResolver.cpp, line 773]

ZGC Phase Switch (0 events):
No events

VM Operations (20 events):
Event: 6.514 Executing VM operation: HandshakeAllThreads (Deoptimize)
Event: 6.514 Executing VM operation: HandshakeAllThreads (Deoptimize) done
Event: 6.565 Executing VM operation: HandshakeAllThreads (Deoptimize)
Event: 6.565 Executing VM operation: HandshakeAllThreads (Deoptimize) done
Event: 6.595 Executing VM operation: G1CollectForAllocation (G1 Evacuation Pause)
Event: 6.606 Executing VM operation: G1CollectForAllocation (G1 Evacuation Pause) done
Event: 6.863 Executing VM operation: HandshakeAllThreads (Deoptimize)
Event: 6.863 Executing VM operation: HandshakeAllThreads (Deoptimize) done
Event: 7.142 Executing VM operation: G1CollectForAllocation (G1 Evacuation Pause)
Event: 7.153 Executing VM operation: G1CollectForAllocation (G1 Evacuation Pause) done
Event: 7.221 Executing VM operation: HandshakeAllThreads (Deoptimize)
Event: 7.221 Executing VM operation: HandshakeAllThreads (Deoptimize) done
Event: 7.293 Executing VM operation: HandshakeAllThreads (Deoptimize)
Event: 7.293 Executing VM operation: HandshakeAllThreads (Deoptimize) done
Event: 7.475 Executing VM operation: HandshakeAllThreads (Deoptimize)
Event: 7.475 Executing VM operation: HandshakeAllThreads (Deoptimize) done
Event: 7.609 Executing VM operation: ICBufferFull
Event: 7.609 Executing VM operation: ICBufferFull done
Event: 7.671 Executing VM operation: HandshakeAllThreads (Deoptimize)
Event: 7.671 Executing VM operation: HandshakeAllThreads (Deoptimize) done

Events (20 events):
Event: 5.041 Thread 0x00000264c58005b0 flushing nmethod 0x00000264b6550b90
Event: 5.041 Thread 0x00000264c58005b0 flushing nmethod 0x00000264b653ba10
Event: 5.041 Thread 0x00000264c58005b0 flushing nmethod 0x00000264b6536910
Event: 5.041 Thread 0x00000264c58005b0 flushing nmethod 0x00000264b6516710
Event: 5.041 Thread 0x00000264c58005b0 flushing nmethod 0x00000264b6514f90
Event: 5.041 Thread 0x00000264c58005b0 flushing nmethod 0x00000264b6500990
Event: 5.041 Thread 0x00000264c58005b0 flushing nmethod 0x00000264b64d3f90
Event: 5.041 Thread 0x00000264c58005b0 flushing nmethod 0x00000264b648a410
Event: 5.244 Thread 0x000002650d01d960 Thread exited: 0x000002650d01d960
Event: 5.248 Thread 0x000002650b89d290 Thread exited: 0x000002650b89d290
Event: 5.566 Thread 0x0000026510098110 Thread added: 0x0000026510098110
Event: 5.567 Thread 0x000002650fce4840 Thread added: 0x000002650fce4840
Event: 6.034 Thread 0x000002650e391a60 Thread added: 0x000002650e391a60
Event: 7.031 Thread 0x000002650d778450 Thread added: 0x000002650d778450
Event: 7.047 Thread 0x000002650d776a10 Thread added: 0x000002650d776a10
Event: 7.402 Thread 0x000002650d7770a0 Thread added: 0x000002650d7770a0
Event: 7.403 Thread 0x000002650d779800 Thread added: 0x000002650d779800
Event: 7.405 Thread 0x000002650d777dc0 Thread added: 0x000002650d777dc0
Event: 7.712 Thread 0x000002650d777730 Thread added: 0x000002650d777730
Event: 7.714 Thread 0x0000026510bdab20 Thread added: 0x0000026510bdab20


Dynamic libraries:
0x00007ff651be0000 - 0x00007ff651bf0000 	C:\Program Files\Java\jdk-21\bin\java.exe
0x00007ffbfa640000 - 0x00007ffbfa8a0000 	C:\WINDOWS\SYSTEM32\ntdll.dll
0x00007ffbf94a0000 - 0x00007ffbf9567000 	C:\WINDOWS\System32\KERNEL32.DLL
0x00007ffbf7b10000 - 0x00007ffbf7eda000 	C:\WINDOWS\System32\KERNELBASE.dll
0x00007ffbf7fa0000 - 0x00007ffbf80eb000 	C:\WINDOWS\System32\ucrtbase.dll
0x00007ffbdeea0000 - 0x00007ffbdeeb9000 	C:\Program Files\Java\jdk-21\bin\jli.dll
0x00007ffbdee80000 - 0x00007ffbdee9b000 	C:\Program Files\Java\jdk-21\bin\VCRUNTIME140.dll
0x00007ffbf9880000 - 0x00007ffbf9932000 	C:\WINDOWS\System32\ADVAPI32.dll
0x00007ffbf9940000 - 0x00007ffbf99e9000 	C:\WINDOWS\System32\msvcrt.dll
0x00007ffbf9680000 - 0x00007ffbf9726000 	C:\WINDOWS\System32\sechost.dll
0x00007ffbf8bf0000 - 0x00007ffbf8d06000 	C:\WINDOWS\System32\RPCRT4.dll
0x00007ffbf8800000 - 0x00007ffbf89cc000 	C:\WINDOWS\System32\USER32.dll
0x00007ffbf8230000 - 0x00007ffbf8257000 	C:\WINDOWS\System32\win32u.dll
0x00007ffbe5940000 - 0x00007ffbe5bd7000 	C:\WINDOWS\WinSxS\amd64_microsoft.windows.common-controls_6595b64144ccf1df_6.0.26100.3624_none_3e086962e3345f24\COMCTL32.dll
0x00007ffbf87d0000 - 0x00007ffbf87fa000 	C:\WINDOWS\System32\GDI32.dll
0x00007ffbf8300000 - 0x00007ffbf8431000 	C:\WINDOWS\System32\gdi32full.dll
0x00007ffbf8180000 - 0x00007ffbf8223000 	C:\WINDOWS\System32\msvcp_win.dll
0x00007ffbf0ff0000 - 0x00007ffbf0ffb000 	C:\WINDOWS\SYSTEM32\VERSION.dll
0x00007ffbf9730000 - 0x00007ffbf975f000 	C:\WINDOWS\System32\IMM32.DLL
0x00007ffbeb090000 - 0x00007ffbeb09c000 	C:\Program Files\Java\jdk-21\bin\vcruntime140_1.dll
0x00007ffba9c10000 - 0x00007ffba9c9e000 	C:\Program Files\Java\jdk-21\bin\msvcp140.dll
0x00007ffb67d80000 - 0x00007ffb68a97000 	C:\Program Files\Java\jdk-21\bin\server\jvm.dll
0x00007ffbf91a0000 - 0x00007ffbf9214000 	C:\WINDOWS\System32\WS2_32.dll
0x00007ffbf6be0000 - 0x00007ffbf6c3e000 	C:\WINDOWS\SYSTEM32\POWRPROF.dll
0x00007ffbeb450000 - 0x00007ffbeb486000 	C:\WINDOWS\SYSTEM32\WINMM.dll
0x00007ffbf6b20000 - 0x00007ffbf6b34000 	C:\WINDOWS\SYSTEM32\UMPDC.dll
0x00007ffbf6600000 - 0x00007ffbf661a000 	C:\WINDOWS\SYSTEM32\kernel.appcore.dll
0x00007ffbd7e10000 - 0x00007ffbd7e1a000 	C:\Program Files\Java\jdk-21\bin\jimage.dll
0x00007ffbf5240000 - 0x00007ffbf5481000 	C:\WINDOWS\SYSTEM32\DBGHELP.DLL
0x00007ffbfa180000 - 0x00007ffbfa502000 	C:\WINDOWS\System32\combase.dll
0x00007ffbfa510000 - 0x00007ffbfa5e6000 	C:\WINDOWS\System32\OLEAUT32.dll
0x00007ffbe52b0000 - 0x00007ffbe52e9000 	C:\WINDOWS\SYSTEM32\dbgcore.DLL
0x00007ffbf8260000 - 0x00007ffbf82f9000 	C:\WINDOWS\System32\bcryptPrimitives.dll
0x00007ffbd79b0000 - 0x00007ffbd79cf000 	C:\Program Files\Java\jdk-21\bin\java.dll
0x00007ffbf9a50000 - 0x00007ffbfa179000 	C:\WINDOWS\System32\SHELL32.dll
0x00007ffbf79a0000 - 0x00007ffbf7b08000 	C:\WINDOWS\System32\wintypes.dll
0x00007ffbf54a0000 - 0x00007ffbf5cf2000 	C:\WINDOWS\SYSTEM32\windows.storage.dll
0x00007ffbf86e0000 - 0x00007ffbf87cd000 	C:\WINDOWS\System32\SHCORE.dll
0x00007ffbf9600000 - 0x00007ffbf9664000 	C:\WINDOWS\System32\shlwapi.dll
0x00007ffbf7730000 - 0x00007ffbf775f000 	C:\WINDOWS\SYSTEM32\profapi.dll
0x00007ffb69580000 - 0x00007ffb69657000 	C:\Program Files\Java\jdk-21\bin\jsvml.dll
0x00007ffbd79a0000 - 0x00007ffbd79b0000 	C:\Program Files\Java\jdk-21\bin\net.dll
0x00007ffbefbb0000 - 0x00007ffbefccd000 	C:\WINDOWS\SYSTEM32\WINHTTP.dll
0x00007ffbf6c50000 - 0x00007ffbf6cba000 	C:\WINDOWS\system32\mswsock.dll
0x00007ffbd7130000 - 0x00007ffbd7146000 	C:\Program Files\Java\jdk-21\bin\nio.dll
0x00007ffbd7070000 - 0x00007ffbd7088000 	C:\Program Files\Java\jdk-21\bin\zip.dll
0x00007ffbf2590000 - 0x00007ffbf259a000 	C:\Program Files\Java\jdk-21\bin\management.dll
0x00007ffbf1770000 - 0x00007ffbf177b000 	C:\Program Files\Java\jdk-21\bin\management_ext.dll
0x00007ffbf9870000 - 0x00007ffbf9878000 	C:\WINDOWS\System32\PSAPI.DLL
0x00007ffbf6000000 - 0x00007ffbf6033000 	C:\WINDOWS\SYSTEM32\IPHLPAPI.DLL
0x00007ffbf9670000 - 0x00007ffbf967a000 	C:\WINDOWS\System32\NSI.dll
0x00007ffbf6090000 - 0x00007ffbf61b5000 	C:\WINDOWS\SYSTEM32\DNSAPI.dll
0x00007ffbf0fc0000 - 0x00007ffbf0fcb000 	C:\Windows\System32\rasadhlp.dll
0x00007ffbedec0000 - 0x00007ffbedf45000 	C:\WINDOWS\System32\fwpuclnt.dll
0x00007ffbf1760000 - 0x00007ffbf176e000 	C:\Program Files\Java\jdk-21\bin\sunmscapi.dll
0x00007ffbf7820000 - 0x00007ffbf7997000 	C:\WINDOWS\System32\CRYPT32.dll
0x00007ffbf7110000 - 0x00007ffbf7140000 	C:\WINDOWS\SYSTEM32\ncrypt.dll
0x00007ffbf70c0000 - 0x00007ffbf70ff000 	C:\WINDOWS\SYSTEM32\NTASN1.dll
0x00007ffbf6f10000 - 0x00007ffbf6f2c000 	C:\WINDOWS\SYSTEM32\CRYPTSP.dll
0x00007ffbf6560000 - 0x00007ffbf659a000 	C:\WINDOWS\system32\rsaenh.dll
0x00007ffbf6cf0000 - 0x00007ffbf6d1b000 	C:\WINDOWS\SYSTEM32\USERENV.dll
0x00007ffbf7700000 - 0x00007ffbf7726000 	C:\WINDOWS\SYSTEM32\bcrypt.dll
0x00007ffbf6f30000 - 0x00007ffbf6f3c000 	C:\WINDOWS\SYSTEM32\CRYPTBASE.dll
0x00007ffbf25a0000 - 0x00007ffbf25b0000 	C:\Program Files\Java\jdk-21\bin\verify.dll
0x00007ffbef9b0000 - 0x00007ffbef9b9000 	C:\Program Files\Java\jdk-21\bin\extnet.dll
0x00007ffb7d250000 - 0x00007ffb7d258000 	C:\WINDOWS\system32\wshunix.dll
0x00007ffbef8a0000 - 0x00007ffbef8af000 	C:\Program Files\Java\jdk-21\bin\instrument.dll

dbghelp: loaded successfully - version: 4.0.5 - missing functions: none
symbol engine: initialized successfully - sym options: 0x614 - pdb path: .;C:\Program Files\Java\jdk-21\bin;C:\WINDOWS\SYSTEM32;C:\WINDOWS\WinSxS\amd64_microsoft.windows.common-controls_6595b64144ccf1df_6.0.26100.3624_none_3e086962e3345f24;C:\Program Files\Java\jdk-21\bin\server

VM Arguments:
java_command: C:\Users\sambh\AppData\Local\Temp\surefire7783276880393669467\surefirebooter-20250514225923848_3.jar C:\Users\sambh\AppData\Local\Temp\surefire7783276880393669467 2025-05-14T22-59-23_725-jvmRun1 surefire-20250514225923848_1tmp surefire_0-20250514225923848_2tmp
java_class_path (initial): C:\Users\sambh\AppData\Local\Temp\surefire7783276880393669467\surefirebooter-20250514225923848_3.jar
Launcher Type: SUN_STANDARD

[Global flags]
     intx CICompilerCount                          = 4                                         {product} {ergonomic}
     uint ConcGCThreads                            = 3                                         {product} {ergonomic}
     uint G1ConcRefinementThreads                  = 10                                        {product} {ergonomic}
   size_t G1HeapRegionSize                         = 2097152                                   {product} {ergonomic}
    uintx GCDrainStackTargetSize                   = 64                                        {product} {ergonomic}
   size_t InitialHeapSize                          = 257949696                                 {product} {ergonomic}
   size_t MarkStackSize                            = 4194304                                   {product} {ergonomic}
   size_t MaxHeapSize                              = 4123000832                                {product} {ergonomic}
   size_t MaxNewSize                               = 2472542208                                {product} {ergonomic}
   size_t MinHeapDeltaBytes                        = 2097152                                   {product} {ergonomic}
   size_t MinHeapSize                              = 8388608                                   {product} {ergonomic}
    uintx NonNMethodCodeHeapSize                   = 5839372                                {pd product} {ergonomic}
    uintx NonProfiledCodeHeapSize                  = 122909434                              {pd product} {ergonomic}
    uintx ProfiledCodeHeapSize                     = 122909434                              {pd product} {ergonomic}
    uintx ReservedCodeCacheSize                    = 251658240                              {pd product} {ergonomic}
     bool SegmentedCodeCache                       = true                                      {product} {ergonomic}
   size_t SoftMaxHeapSize                          = 4123000832                             {manageable} {ergonomic}
     bool UseCompressedOops                        = true                           {product lp64_product} {ergonomic}
     bool UseG1GC                                  = true                                      {product} {ergonomic}
     bool UseLargePagesIndividualAllocation        = false                                  {pd product} {ergonomic}

Logging:
Log output configuration:
 #0: stdout all=warning uptime,level,tags foldmultilines=false
 #1: stderr all=off uptime,level,tags foldmultilines=false

Environment Variables:
PATH=C:\Program Files\Python312\Scripts\;C:\Program Files\Python312\;C:\Program Files\Common Files\Oracle\Java\javapath;C:\Windows\system32;C:\Windows;C:\Windows\System32\Wbem;C:\Windows\System32\WindowsPowerShell\v1.0\;C:\Windows\System32\OpenSSH\;C:\Program Files (x86)\NVIDIA Corporation\PhysX\Common;C:\Program Files\NVIDIA Corporation\NVIDIA NvDLISR;C:\WINDOWS\system32;C:\WINDOWS;C:\WINDOWS\System32\Wbem;C:\WINDOWS\System32\WindowsPowerShell\v1.0\;C:\WINDOWS\System32\OpenSSH\;C:\Program Files\Java\jdk-21\bin;C:\MinGW\bin;C:\Program Files\nodejs\;C:\ProgramData\chocolatey\bin;C:\Program Files\MongoDB\Server\7.0\bin;C:\Program Files\Docker\Docker\resources\bin;D:\Java\apache-maven-3.9.9\bin;C:\Program Files\Git\cmd;C:\Users\sambh\.cargo\bin;C:\Users\sambh\AppData\Local\Programs\Python\Launcher\;C:\Program Files\MySQL\MySQL Shell 8.0\bin\;C:\Users\sambh\AppData\Local\Microsoft\WindowsApps;C:\Users\sambh\AppData\Local\Programs\Microsoft VS Code\bin;C:\Program Files\JetBrains\IntelliJ IDEA Community Edition 2023.3.4\bin;;%MAVEN-HOME\bin;C:\Users\sambh\AppData\Roaming\npm;D:\MongoDB\;C:\Program Files\JetBrains\IntelliJ IDEA 2024.3.2.2\bin;;D:\PyCharm 2024.3.2\bin;;C:\Users\sambh\AppData\Local\GitHubDesktop\bin;D:\GoLand 2025.1\bin;;D:\WebStorm 2025.1.1\bin;
USERNAME=sambh
OS=Windows_NT
PROCESSOR_IDENTIFIER=AMD64 Family 25 Model 80 Stepping 0, AuthenticAMD
TMP=C:\Users\sambh\AppData\Local\Temp
TEMP=C:\Users\sambh\AppData\Local\Temp




Periodic native trim disabled

---------------  S Y S T E M  ---------------

OS:
 Windows 11 , 64 bit Build 26100 (10.0.26100.3775)
OS uptime: 0 days 0:21 hours
Hyper-V role detected

CPU: total 12 (initial active 12) (12 cores per cpu, 2 threads per core) family 25 model 80 stepping 0 microcode 0xa50000c, cx8, cmov, fxsr, ht, mmx, 3dnowpref, sse, sse2, sse3, ssse3, sse4a, sse4.1, sse4.2, popcnt, lzcnt, tsc, tscinvbit, avx, avx2, aes, erms, clmul, bmi1, bmi2, adx, sha, fma, vzeroupper, clflush, clflushopt, hv, rdtscp, rdpid, fsrm, f16c, cet_ss
Processor Information for all 12 processors :
  Max Mhz: 3301, Current Mhz: 3301, Mhz Limit: 3301

Memory: 4k page, system-wide physical 15724M (2145M free)
TotalPageFile size 17772M (AvailPageFile size 20M)
current process WorkingSet (physical memory assigned to process): 385M, peak: 386M
current process commit charge ("private bytes"): 426M, peak: 427M

vm_info: Java HotSpot(TM) 64-Bit Server VM (21.0.2+13-LTS-58) for windows-amd64 JRE (21.0.2+13-LTS-58), built on 2024-01-05T18:32:24Z by "mach5one" with MS VC++ 17.1 (VS2022)

END.
