#
# There is insufficient memory for the Java Runtime Environment to continue.
# Native memory allocation (malloc) failed to allocate 94896 bytes for Chunk::new
# Possible reasons:
#   The system is out of physical RAM or swap space
#   The process is running with CompressedOops enabled, and the Java Heap may be blocking the growth of the native heap
# Possible solutions:
#   Reduce memory load on the system
#   Increase physical memory or swap space
#   Check if swap backing store is full
#   Decrease Java heap size (-Xmx/-Xms)
#   Decrease number of Java threads
#   Decrease Java thread stack sizes (-Xss)
#   Set larger code cache with -XX:ReservedCodeCacheSize=
#   JVM is running with Zero Based Compressed Oops mode in which the Java heap is
#     placed in the first 32GB address space. The Java Heap base address is the
#     maximum limit for the native heap growth. Please use -XX:HeapBaseMinAddress
#     to set the Java Heap base and to place the Java Heap above 32GB virtual address.
# This output file may be truncated or incomplete.
#
#  Out of Memory Error (arena.cpp:168), pid=11372, tid=4376
#
# JRE version: Java(TM) SE Runtime Environment (21.0.2+13) (build 21.0.2+13-LTS-58)
# Java VM: Java HotSpot(TM) 64-Bit Server VM (21.0.2+13-LTS-58, mixed mode, sharing, tiered, compressed oops, compressed class ptrs, g1 gc, windows-amd64)
# No core dump will be written. Minidumps are not enabled by default on client versions of Windows
#

---------------  S U M M A R Y ------------

Command Line: -Dclassworlds.conf=D:\Java\apache-maven-3.9.9\bin\m2.conf -Dmaven.home=D:\Java\apache-maven-3.9.9 -Dlibrary.jansi.path=D:\Java\apache-maven-3.9.9\lib\jansi-native -Dmaven.multiModuleProjectDirectory=D:\New folder\Netflix\History-Service org.codehaus.plexus.classworlds.launcher.Launcher clean install

Host: AMD Ryzen 5 5600H with Radeon Graphics         , 12 cores, 15G,  Windows 11 , 64 bit Build 26100 (10.0.26100.3775)
Time: Wed May 14 22:37:25 2025 India Standard Time elapsed time: 14.454308 seconds (0d 0h 0m 14s)

---------------  T H R E A D  ---------------

Current thread (0x0000024876607e30):  JavaThread "C2 CompilerThread1" daemon [_thread_in_native, id=4376, stack(0x0000008131400000,0x0000008131500000) (1024K)]


Current CompileTask:
C2:  14454  726       4       java.util.zip.ZipFile$Source::getEntryPos (164 bytes)

Stack: [0x0000008131400000,0x0000008131500000]
Native frames: (J=compiled Java code, j=interpreted, Vv=VM code, C=native code)
V  [jvm.dll+0x6cade9]
V  [jvm.dll+0x8569c1]
V  [jvm.dll+0x858d2e]
V  [jvm.dll+0x859413]
V  [jvm.dll+0x280e56]
V  [jvm.dll+0xc3f3d]
V  [jvm.dll+0xc4473]
V  [jvm.dll+0x3b5bf2]
V  [jvm.dll+0x382855]
V  [jvm.dll+0x381cca]
V  [jvm.dll+0x249bd0]
V  [jvm.dll+0x2491b1]
V  [jvm.dll+0x1c9634]
V  [jvm.dll+0x258859]
V  [jvm.dll+0x256e3a]
V  [jvm.dll+0x3ef6c6]
V  [jvm.dll+0x7ff568]
V  [jvm.dll+0x6c953d]
C  [ucrtbase.dll+0x37b0]
C  [KERNEL32.DLL+0x2e8d7]
C  [ntdll.dll+0xb14fc]


---------------  P R O C E S S  ---------------

Threads class SMR info:
_java_thread_list=0x00000248765e5370, length=12, elements={
0x00000248506a1cf0, 0x0000024871b48d10, 0x0000024871b4a490, 0x0000024871b4e210,
0x0000024871b4f100, 0x0000024871b50880, 0x0000024871b52130, 0x0000024871b5d770,
0x0000024871b61e10, 0x0000024876151080, 0x000002487615daf0, 0x0000024876607e30
}

Java Threads: ( => current thread )
  0x00000248506a1cf0 JavaThread "main"                              [_thread_in_vm, id=23132, stack(0x0000008130200000,0x0000008130300000) (1024K)]
  0x0000024871b48d10 JavaThread "Reference Handler"          daemon [_thread_blocked, id=18980, stack(0x0000008130a00000,0x0000008130b00000) (1024K)]
  0x0000024871b4a490 JavaThread "Finalizer"                  daemon [_thread_blocked, id=8436, stack(0x0000008130b00000,0x0000008130c00000) (1024K)]
  0x0000024871b4e210 JavaThread "Signal Dispatcher"          daemon [_thread_blocked, id=22768, stack(0x0000008130c00000,0x0000008130d00000) (1024K)]
  0x0000024871b4f100 JavaThread "Attach Listener"            daemon [_thread_blocked, id=4836, stack(0x0000008130d00000,0x0000008130e00000) (1024K)]
  0x0000024871b50880 JavaThread "Service Thread"             daemon [_thread_blocked, id=23136, stack(0x0000008130e00000,0x0000008130f00000) (1024K)]
  0x0000024871b52130 JavaThread "Monitor Deflation Thread"   daemon [_thread_blocked, id=15872, stack(0x0000008130f00000,0x0000008131000000) (1024K)]
  0x0000024871b5d770 JavaThread "C2 CompilerThread0"         daemon [_thread_in_native, id=18668, stack(0x0000008131000000,0x0000008131100000) (1024K)]
  0x0000024871b61e10 JavaThread "C1 CompilerThread0"         daemon [_thread_in_vm, id=11640, stack(0x0000008131100000,0x0000008131200000) (1024K)]
  0x0000024876151080 JavaThread "Notification Thread"        daemon [_thread_blocked, id=7444, stack(0x0000008131200000,0x0000008131300000) (1024K)]
  0x000002487615daf0 JavaThread "Common-Cleaner"             daemon [_thread_blocked, id=12548, stack(0x0000008131300000,0x0000008131400000) (1024K)]
=>0x0000024876607e30 JavaThread "C2 CompilerThread1"         daemon [_thread_in_native, id=4376, stack(0x0000008131400000,0x0000008131500000) (1024K)]
Total: 12

Other Threads:
  0x0000024871b26320 VMThread "VM Thread"                           [id=5012, stack(0x0000008130900000,0x0000008130a00000) (1024K)]
  0x0000024871b0ceb0 WatcherThread "VM Periodic Task Thread"        [id=23348, stack(0x0000008130800000,0x0000008130900000) (1024K)]
  0x00000248520ab410 WorkerThread "GC Thread#0"                     [id=2244, stack(0x0000008130300000,0x0000008130400000) (1024K)]
  0x00000248520bc8b0 ConcurrentGCThread "G1 Main Marker"            [id=8012, stack(0x0000008130400000,0x0000008130500000) (1024K)]
  0x00000248520bdb50 WorkerThread "G1 Conc#0"                       [id=23428, stack(0x0000008130500000,0x0000008130600000) (1024K)]
  0x00000248719de550 ConcurrentGCThread "G1 Refine#0"               [id=11908, stack(0x0000008130600000,0x0000008130700000) (1024K)]
  0x00000248719df0c0 ConcurrentGCThread "G1 Service"                [id=23448, stack(0x0000008130700000,0x0000008130800000) (1024K)]
Total: 7

Threads with active compile tasks:
C2 CompilerThread0    14477  772  s!   4       jdk.internal.loader.URLClassPath::getLoader (194 bytes)
C1 CompilerThread0    14477  777       3       java.util.zip.ZipFile::getZipEntry (322 bytes)
C2 CompilerThread1    14477  726       4       java.util.zip.ZipFile$Source::getEntryPos (164 bytes)
Total: 3

VM state: not at safepoint (normal execution)

VM Mutex/Monitor currently owned by a thread: None

Heap address: 0x000000070a400000, size: 3932 MB, Compressed Oops mode: Zero based, Oop shift amount: 3

CDS archive(s) mapped at: [0x0000024800000000-0x0000024800c90000-0x0000024800c90000), size 13172736, SharedBaseAddress: 0x0000024800000000, ArchiveRelocationMode: 1.
Compressed class space mapped at: 0x0000024801000000-0x0000024841000000, reserved size: 1073741824
Narrow klass base: 0x0000024800000000, Narrow klass shift: 0, Narrow klass range: 0x100000000

GC Precious Log:
 CardTable entry size: 512
 Card Set container configuration: InlinePtr #cards 4 size 8 Array Of Cards #cards 16 size 48 Howl #buckets 8 coarsen threshold 3686 Howl Bitmap #cards 512 size 80 coarsen threshold 460 Card regions per heap region 1 cards per card region 4096
 CPUs: 12 total, 12 available
 Memory: 15724M
 Large Page Support: Disabled
 NUMA Support: Disabled
 Compressed Oops: Enabled (Zero based)
 Heap Region Size: 2M
 Heap Min Capacity: 8M
 Heap Initial Capacity: 246M
 Heap Max Capacity: 3932M
 Pre-touch: Disabled
 Parallel Workers: 10
 Concurrent Workers: 3
 Concurrent Refinement Workers: 10
 Periodic GC: Disabled

Heap:
 garbage-first heap   total 251904K, used 10240K [0x000000070a400000, 0x0000000800000000)
  region size 2048K, 6 young (12288K), 0 survivors (0K)
 Metaspace       used 2977K, committed 3136K, reserved 1114112K
  class space    used 309K, committed 384K, reserved 1048576K

Heap Regions: E=young(eden), S=young(survivor), O=old, HS=humongous(starts), HC=humongous(continues), CS=collection set, F=free, TAMS=top-at-mark-start, PB=parsable bottom
|   0|0x000000070a400000, 0x000000070a400000, 0x000000070a600000|  0%| F|  |TAMS 0x000000070a400000| PB 0x000000070a400000| Untracked 
|   1|0x000000070a600000, 0x000000070a600000, 0x000000070a800000|  0%| F|  |TAMS 0x000000070a600000| PB 0x000000070a600000| Untracked 
|   2|0x000000070a800000, 0x000000070a800000, 0x000000070aa00000|  0%| F|  |TAMS 0x000000070a800000| PB 0x000000070a800000| Untracked 
|   3|0x000000070aa00000, 0x000000070aa00000, 0x000000070ac00000|  0%| F|  |TAMS 0x000000070aa00000| PB 0x000000070aa00000| Untracked 
|   4|0x000000070ac00000, 0x000000070ac00000, 0x000000070ae00000|  0%| F|  |TAMS 0x000000070ac00000| PB 0x000000070ac00000| Untracked 
|   5|0x000000070ae00000, 0x000000070ae00000, 0x000000070b000000|  0%| F|  |TAMS 0x000000070ae00000| PB 0x000000070ae00000| Untracked 
|   6|0x000000070b000000, 0x000000070b000000, 0x000000070b200000|  0%| F|  |TAMS 0x000000070b000000| PB 0x000000070b000000| Untracked 
|   7|0x000000070b200000, 0x000000070b200000, 0x000000070b400000|  0%| F|  |TAMS 0x000000070b200000| PB 0x000000070b200000| Untracked 
|   8|0x000000070b400000, 0x000000070b400000, 0x000000070b600000|  0%| F|  |TAMS 0x000000070b400000| PB 0x000000070b400000| Untracked 
|   9|0x000000070b600000, 0x000000070b600000, 0x000000070b800000|  0%| F|  |TAMS 0x000000070b600000| PB 0x000000070b600000| Untracked 
|  10|0x000000070b800000, 0x000000070b800000, 0x000000070ba00000|  0%| F|  |TAMS 0x000000070b800000| PB 0x000000070b800000| Untracked 
|  11|0x000000070ba00000, 0x000000070ba00000, 0x000000070bc00000|  0%| F|  |TAMS 0x000000070ba00000| PB 0x000000070ba00000| Untracked 
|  12|0x000000070bc00000, 0x000000070bc00000, 0x000000070be00000|  0%| F|  |TAMS 0x000000070bc00000| PB 0x000000070bc00000| Untracked 
|  13|0x000000070be00000, 0x000000070be00000, 0x000000070c000000|  0%| F|  |TAMS 0x000000070be00000| PB 0x000000070be00000| Untracked 
|  14|0x000000070c000000, 0x000000070c000000, 0x000000070c200000|  0%| F|  |TAMS 0x000000070c000000| PB 0x000000070c000000| Untracked 
|  15|0x000000070c200000, 0x000000070c200000, 0x000000070c400000|  0%| F|  |TAMS 0x000000070c200000| PB 0x000000070c200000| Untracked 
|  16|0x000000070c400000, 0x000000070c400000, 0x000000070c600000|  0%| F|  |TAMS 0x000000070c400000| PB 0x000000070c400000| Untracked 
|  17|0x000000070c600000, 0x000000070c600000, 0x000000070c800000|  0%| F|  |TAMS 0x000000070c600000| PB 0x000000070c600000| Untracked 
|  18|0x000000070c800000, 0x000000070c800000, 0x000000070ca00000|  0%| F|  |TAMS 0x000000070c800000| PB 0x000000070c800000| Untracked 
|  19|0x000000070ca00000, 0x000000070ca00000, 0x000000070cc00000|  0%| F|  |TAMS 0x000000070ca00000| PB 0x000000070ca00000| Untracked 
|  20|0x000000070cc00000, 0x000000070cc00000, 0x000000070ce00000|  0%| F|  |TAMS 0x000000070cc00000| PB 0x000000070cc00000| Untracked 
|  21|0x000000070ce00000, 0x000000070ce00000, 0x000000070d000000|  0%| F|  |TAMS 0x000000070ce00000| PB 0x000000070ce00000| Untracked 
|  22|0x000000070d000000, 0x000000070d000000, 0x000000070d200000|  0%| F|  |TAMS 0x000000070d000000| PB 0x000000070d000000| Untracked 
|  23|0x000000070d200000, 0x000000070d200000, 0x000000070d400000|  0%| F|  |TAMS 0x000000070d200000| PB 0x000000070d200000| Untracked 
|  24|0x000000070d400000, 0x000000070d400000, 0x000000070d600000|  0%| F|  |TAMS 0x000000070d400000| PB 0x000000070d400000| Untracked 
|  25|0x000000070d600000, 0x000000070d600000, 0x000000070d800000|  0%| F|  |TAMS 0x000000070d600000| PB 0x000000070d600000| Untracked 
|  26|0x000000070d800000, 0x000000070d800000, 0x000000070da00000|  0%| F|  |TAMS 0x000000070d800000| PB 0x000000070d800000| Untracked 
|  27|0x000000070da00000, 0x000000070da00000, 0x000000070dc00000|  0%| F|  |TAMS 0x000000070da00000| PB 0x000000070da00000| Untracked 
|  28|0x000000070dc00000, 0x000000070dc00000, 0x000000070de00000|  0%| F|  |TAMS 0x000000070dc00000| PB 0x000000070dc00000| Untracked 
|  29|0x000000070de00000, 0x000000070de00000, 0x000000070e000000|  0%| F|  |TAMS 0x000000070de00000| PB 0x000000070de00000| Untracked 
|  30|0x000000070e000000, 0x000000070e000000, 0x000000070e200000|  0%| F|  |TAMS 0x000000070e000000| PB 0x000000070e000000| Untracked 
|  31|0x000000070e200000, 0x000000070e200000, 0x000000070e400000|  0%| F|  |TAMS 0x000000070e200000| PB 0x000000070e200000| Untracked 
|  32|0x000000070e400000, 0x000000070e400000, 0x000000070e600000|  0%| F|  |TAMS 0x000000070e400000| PB 0x000000070e400000| Untracked 
|  33|0x000000070e600000, 0x000000070e600000, 0x000000070e800000|  0%| F|  |TAMS 0x000000070e600000| PB 0x000000070e600000| Untracked 
|  34|0x000000070e800000, 0x000000070e800000, 0x000000070ea00000|  0%| F|  |TAMS 0x000000070e800000| PB 0x000000070e800000| Untracked 
|  35|0x000000070ea00000, 0x000000070ea00000, 0x000000070ec00000|  0%| F|  |TAMS 0x000000070ea00000| PB 0x000000070ea00000| Untracked 
|  36|0x000000070ec00000, 0x000000070ec00000, 0x000000070ee00000|  0%| F|  |TAMS 0x000000070ec00000| PB 0x000000070ec00000| Untracked 
|  37|0x000000070ee00000, 0x000000070ee00000, 0x000000070f000000|  0%| F|  |TAMS 0x000000070ee00000| PB 0x000000070ee00000| Untracked 
|  38|0x000000070f000000, 0x000000070f000000, 0x000000070f200000|  0%| F|  |TAMS 0x000000070f000000| PB 0x000000070f000000| Untracked 
|  39|0x000000070f200000, 0x000000070f200000, 0x000000070f400000|  0%| F|  |TAMS 0x000000070f200000| PB 0x000000070f200000| Untracked 
|  40|0x000000070f400000, 0x000000070f400000, 0x000000070f600000|  0%| F|  |TAMS 0x000000070f400000| PB 0x000000070f400000| Untracked 
|  41|0x000000070f600000, 0x000000070f600000, 0x000000070f800000|  0%| F|  |TAMS 0x000000070f600000| PB 0x000000070f600000| Untracked 
|  42|0x000000070f800000, 0x000000070f800000, 0x000000070fa00000|  0%| F|  |TAMS 0x000000070f800000| PB 0x000000070f800000| Untracked 
|  43|0x000000070fa00000, 0x000000070fa00000, 0x000000070fc00000|  0%| F|  |TAMS 0x000000070fa00000| PB 0x000000070fa00000| Untracked 
|  44|0x000000070fc00000, 0x000000070fc00000, 0x000000070fe00000|  0%| F|  |TAMS 0x000000070fc00000| PB 0x000000070fc00000| Untracked 
|  45|0x000000070fe00000, 0x000000070fe00000, 0x0000000710000000|  0%| F|  |TAMS 0x000000070fe00000| PB 0x000000070fe00000| Untracked 
|  46|0x0000000710000000, 0x0000000710000000, 0x0000000710200000|  0%| F|  |TAMS 0x0000000710000000| PB 0x0000000710000000| Untracked 
|  47|0x0000000710200000, 0x0000000710200000, 0x0000000710400000|  0%| F|  |TAMS 0x0000000710200000| PB 0x0000000710200000| Untracked 
|  48|0x0000000710400000, 0x0000000710400000, 0x0000000710600000|  0%| F|  |TAMS 0x0000000710400000| PB 0x0000000710400000| Untracked 
|  49|0x0000000710600000, 0x0000000710600000, 0x0000000710800000|  0%| F|  |TAMS 0x0000000710600000| PB 0x0000000710600000| Untracked 
|  50|0x0000000710800000, 0x0000000710800000, 0x0000000710a00000|  0%| F|  |TAMS 0x0000000710800000| PB 0x0000000710800000| Untracked 
|  51|0x0000000710a00000, 0x0000000710a00000, 0x0000000710c00000|  0%| F|  |TAMS 0x0000000710a00000| PB 0x0000000710a00000| Untracked 
|  52|0x0000000710c00000, 0x0000000710c00000, 0x0000000710e00000|  0%| F|  |TAMS 0x0000000710c00000| PB 0x0000000710c00000| Untracked 
|  53|0x0000000710e00000, 0x0000000710e00000, 0x0000000711000000|  0%| F|  |TAMS 0x0000000710e00000| PB 0x0000000710e00000| Untracked 
|  54|0x0000000711000000, 0x0000000711000000, 0x0000000711200000|  0%| F|  |TAMS 0x0000000711000000| PB 0x0000000711000000| Untracked 
|  55|0x0000000711200000, 0x0000000711200000, 0x0000000711400000|  0%| F|  |TAMS 0x0000000711200000| PB 0x0000000711200000| Untracked 
|  56|0x0000000711400000, 0x0000000711400000, 0x0000000711600000|  0%| F|  |TAMS 0x0000000711400000| PB 0x0000000711400000| Untracked 
|  57|0x0000000711600000, 0x0000000711600000, 0x0000000711800000|  0%| F|  |TAMS 0x0000000711600000| PB 0x0000000711600000| Untracked 
|  58|0x0000000711800000, 0x0000000711800000, 0x0000000711a00000|  0%| F|  |TAMS 0x0000000711800000| PB 0x0000000711800000| Untracked 
|  59|0x0000000711a00000, 0x0000000711a00000, 0x0000000711c00000|  0%| F|  |TAMS 0x0000000711a00000| PB 0x0000000711a00000| Untracked 
|  60|0x0000000711c00000, 0x0000000711c00000, 0x0000000711e00000|  0%| F|  |TAMS 0x0000000711c00000| PB 0x0000000711c00000| Untracked 
|  61|0x0000000711e00000, 0x0000000711e00000, 0x0000000712000000|  0%| F|  |TAMS 0x0000000711e00000| PB 0x0000000711e00000| Untracked 
|  62|0x0000000712000000, 0x0000000712000000, 0x0000000712200000|  0%| F|  |TAMS 0x0000000712000000| PB 0x0000000712000000| Untracked 
|  63|0x0000000712200000, 0x0000000712200000, 0x0000000712400000|  0%| F|  |TAMS 0x0000000712200000| PB 0x0000000712200000| Untracked 
|  64|0x0000000712400000, 0x0000000712400000, 0x0000000712600000|  0%| F|  |TAMS 0x0000000712400000| PB 0x0000000712400000| Untracked 
|  65|0x0000000712600000, 0x0000000712600000, 0x0000000712800000|  0%| F|  |TAMS 0x0000000712600000| PB 0x0000000712600000| Untracked 
|  66|0x0000000712800000, 0x0000000712800000, 0x0000000712a00000|  0%| F|  |TAMS 0x0000000712800000| PB 0x0000000712800000| Untracked 
|  67|0x0000000712a00000, 0x0000000712a00000, 0x0000000712c00000|  0%| F|  |TAMS 0x0000000712a00000| PB 0x0000000712a00000| Untracked 
|  68|0x0000000712c00000, 0x0000000712c00000, 0x0000000712e00000|  0%| F|  |TAMS 0x0000000712c00000| PB 0x0000000712c00000| Untracked 
|  69|0x0000000712e00000, 0x0000000712e00000, 0x0000000713000000|  0%| F|  |TAMS 0x0000000712e00000| PB 0x0000000712e00000| Untracked 
|  70|0x0000000713000000, 0x0000000713000000, 0x0000000713200000|  0%| F|  |TAMS 0x0000000713000000| PB 0x0000000713000000| Untracked 
|  71|0x0000000713200000, 0x0000000713200000, 0x0000000713400000|  0%| F|  |TAMS 0x0000000713200000| PB 0x0000000713200000| Untracked 
|  72|0x0000000713400000, 0x0000000713400000, 0x0000000713600000|  0%| F|  |TAMS 0x0000000713400000| PB 0x0000000713400000| Untracked 
|  73|0x0000000713600000, 0x0000000713600000, 0x0000000713800000|  0%| F|  |TAMS 0x0000000713600000| PB 0x0000000713600000| Untracked 
|  74|0x0000000713800000, 0x0000000713800000, 0x0000000713a00000|  0%| F|  |TAMS 0x0000000713800000| PB 0x0000000713800000| Untracked 
|  75|0x0000000713a00000, 0x0000000713a00000, 0x0000000713c00000|  0%| F|  |TAMS 0x0000000713a00000| PB 0x0000000713a00000| Untracked 
|  76|0x0000000713c00000, 0x0000000713c00000, 0x0000000713e00000|  0%| F|  |TAMS 0x0000000713c00000| PB 0x0000000713c00000| Untracked 
|  77|0x0000000713e00000, 0x0000000713e00000, 0x0000000714000000|  0%| F|  |TAMS 0x0000000713e00000| PB 0x0000000713e00000| Untracked 
|  78|0x0000000714000000, 0x0000000714000000, 0x0000000714200000|  0%| F|  |TAMS 0x0000000714000000| PB 0x0000000714000000| Untracked 
|  79|0x0000000714200000, 0x0000000714200000, 0x0000000714400000|  0%| F|  |TAMS 0x0000000714200000| PB 0x0000000714200000| Untracked 
|  80|0x0000000714400000, 0x0000000714400000, 0x0000000714600000|  0%| F|  |TAMS 0x0000000714400000| PB 0x0000000714400000| Untracked 
|  81|0x0000000714600000, 0x0000000714600000, 0x0000000714800000|  0%| F|  |TAMS 0x0000000714600000| PB 0x0000000714600000| Untracked 
|  82|0x0000000714800000, 0x0000000714800000, 0x0000000714a00000|  0%| F|  |TAMS 0x0000000714800000| PB 0x0000000714800000| Untracked 
|  83|0x0000000714a00000, 0x0000000714a00000, 0x0000000714c00000|  0%| F|  |TAMS 0x0000000714a00000| PB 0x0000000714a00000| Untracked 
|  84|0x0000000714c00000, 0x0000000714c00000, 0x0000000714e00000|  0%| F|  |TAMS 0x0000000714c00000| PB 0x0000000714c00000| Untracked 
|  85|0x0000000714e00000, 0x0000000714e00000, 0x0000000715000000|  0%| F|  |TAMS 0x0000000714e00000| PB 0x0000000714e00000| Untracked 
|  86|0x0000000715000000, 0x0000000715000000, 0x0000000715200000|  0%| F|  |TAMS 0x0000000715000000| PB 0x0000000715000000| Untracked 
|  87|0x0000000715200000, 0x0000000715200000, 0x0000000715400000|  0%| F|  |TAMS 0x0000000715200000| PB 0x0000000715200000| Untracked 
|  88|0x0000000715400000, 0x0000000715400000, 0x0000000715600000|  0%| F|  |TAMS 0x0000000715400000| PB 0x0000000715400000| Untracked 
|  89|0x0000000715600000, 0x0000000715600000, 0x0000000715800000|  0%| F|  |TAMS 0x0000000715600000| PB 0x0000000715600000| Untracked 
|  90|0x0000000715800000, 0x0000000715800000, 0x0000000715a00000|  0%| F|  |TAMS 0x0000000715800000| PB 0x0000000715800000| Untracked 
|  91|0x0000000715a00000, 0x0000000715a00000, 0x0000000715c00000|  0%| F|  |TAMS 0x0000000715a00000| PB 0x0000000715a00000| Untracked 
|  92|0x0000000715c00000, 0x0000000715c00000, 0x0000000715e00000|  0%| F|  |TAMS 0x0000000715c00000| PB 0x0000000715c00000| Untracked 
|  93|0x0000000715e00000, 0x0000000715e00000, 0x0000000716000000|  0%| F|  |TAMS 0x0000000715e00000| PB 0x0000000715e00000| Untracked 
|  94|0x0000000716000000, 0x0000000716000000, 0x0000000716200000|  0%| F|  |TAMS 0x0000000716000000| PB 0x0000000716000000| Untracked 
|  95|0x0000000716200000, 0x0000000716200000, 0x0000000716400000|  0%| F|  |TAMS 0x0000000716200000| PB 0x0000000716200000| Untracked 
|  96|0x0000000716400000, 0x0000000716400000, 0x0000000716600000|  0%| F|  |TAMS 0x0000000716400000| PB 0x0000000716400000| Untracked 
|  97|0x0000000716600000, 0x0000000716600000, 0x0000000716800000|  0%| F|  |TAMS 0x0000000716600000| PB 0x0000000716600000| Untracked 
|  98|0x0000000716800000, 0x0000000716800000, 0x0000000716a00000|  0%| F|  |TAMS 0x0000000716800000| PB 0x0000000716800000| Untracked 
|  99|0x0000000716a00000, 0x0000000716a00000, 0x0000000716c00000|  0%| F|  |TAMS 0x0000000716a00000| PB 0x0000000716a00000| Untracked 
| 100|0x0000000716c00000, 0x0000000716c00000, 0x0000000716e00000|  0%| F|  |TAMS 0x0000000716c00000| PB 0x0000000716c00000| Untracked 
| 101|0x0000000716e00000, 0x0000000716e00000, 0x0000000717000000|  0%| F|  |TAMS 0x0000000716e00000| PB 0x0000000716e00000| Untracked 
| 102|0x0000000717000000, 0x0000000717000000, 0x0000000717200000|  0%| F|  |TAMS 0x0000000717000000| PB 0x0000000717000000| Untracked 
| 103|0x0000000717200000, 0x0000000717200000, 0x0000000717400000|  0%| F|  |TAMS 0x0000000717200000| PB 0x0000000717200000| Untracked 
| 104|0x0000000717400000, 0x0000000717400000, 0x0000000717600000|  0%| F|  |TAMS 0x0000000717400000| PB 0x0000000717400000| Untracked 
| 105|0x0000000717600000, 0x0000000717600000, 0x0000000717800000|  0%| F|  |TAMS 0x0000000717600000| PB 0x0000000717600000| Untracked 
| 106|0x0000000717800000, 0x0000000717800000, 0x0000000717a00000|  0%| F|  |TAMS 0x0000000717800000| PB 0x0000000717800000| Untracked 
| 107|0x0000000717a00000, 0x0000000717a00000, 0x0000000717c00000|  0%| F|  |TAMS 0x0000000717a00000| PB 0x0000000717a00000| Untracked 
| 108|0x0000000717c00000, 0x0000000717c00000, 0x0000000717e00000|  0%| F|  |TAMS 0x0000000717c00000| PB 0x0000000717c00000| Untracked 
| 109|0x0000000717e00000, 0x0000000717e00000, 0x0000000718000000|  0%| F|  |TAMS 0x0000000717e00000| PB 0x0000000717e00000| Untracked 
| 110|0x0000000718000000, 0x0000000718000000, 0x0000000718200000|  0%| F|  |TAMS 0x0000000718000000| PB 0x0000000718000000| Untracked 
| 111|0x0000000718200000, 0x0000000718200000, 0x0000000718400000|  0%| F|  |TAMS 0x0000000718200000| PB 0x0000000718200000| Untracked 
| 112|0x0000000718400000, 0x0000000718400000, 0x0000000718600000|  0%| F|  |TAMS 0x0000000718400000| PB 0x0000000718400000| Untracked 
| 113|0x0000000718600000, 0x0000000718600000, 0x0000000718800000|  0%| F|  |TAMS 0x0000000718600000| PB 0x0000000718600000| Untracked 
| 114|0x0000000718800000, 0x0000000718800000, 0x0000000718a00000|  0%| F|  |TAMS 0x0000000718800000| PB 0x0000000718800000| Untracked 
| 115|0x0000000718a00000, 0x0000000718a00000, 0x0000000718c00000|  0%| F|  |TAMS 0x0000000718a00000| PB 0x0000000718a00000| Untracked 
| 116|0x0000000718c00000, 0x0000000718c00000, 0x0000000718e00000|  0%| F|  |TAMS 0x0000000718c00000| PB 0x0000000718c00000| Untracked 
| 117|0x0000000718e00000, 0x0000000718fc5a48, 0x0000000719000000| 88%| E|  |TAMS 0x0000000718e00000| PB 0x0000000718e00000| Complete 
| 118|0x0000000719000000, 0x0000000719200000, 0x0000000719200000|100%| E|CS|TAMS 0x0000000719000000| PB 0x0000000719000000| Complete 
| 119|0x0000000719200000, 0x0000000719400000, 0x0000000719400000|100%| E|CS|TAMS 0x0000000719200000| PB 0x0000000719200000| Complete 
| 120|0x0000000719400000, 0x0000000719600000, 0x0000000719600000|100%| E|CS|TAMS 0x0000000719400000| PB 0x0000000719400000| Complete 
| 121|0x0000000719600000, 0x0000000719800000, 0x0000000719800000|100%| E|CS|TAMS 0x0000000719600000| PB 0x0000000719600000| Complete 
| 122|0x0000000719800000, 0x0000000719a00000, 0x0000000719a00000|100%| E|CS|TAMS 0x0000000719800000| PB 0x0000000719800000| Complete 

Card table byte_map: [0x000002486a9c0000,0x000002486b170000] _byte_map_base: 0x000002486716e000

Marking Bits: (CMBitMap*) 0x00000248520abb10
 Bits: [0x000002486b170000, 0x000002486eee0000)

Polling page: 0x0000024850800000

Metaspace:

Usage:
  Non-class:      2.64 MB used.
      Class:    312.66 KB used.
       Both:      2.95 MB used.

Virtual space:
  Non-class space:       64.00 MB reserved,       2.69 MB (  4%) committed,  1 nodes.
      Class space:        1.00 GB reserved,     384.00 KB ( <1%) committed,  1 nodes.
             Both:        1.06 GB reserved,       3.06 MB ( <1%) committed. 

Chunk freelists:
   Non-Class:  10.75 MB
       Class:  15.55 MB
        Both:  26.30 MB

MaxMetaspaceSize: unlimited
CompressedClassSpaceSize: 1.00 GB
Initial GC threshold: 21.00 MB
Current GC threshold: 21.00 MB
CDS: on
 - commit_granule_bytes: 65536.
 - commit_granule_words: 8192.
 - virtual_space_node_default_size: 8388608.
 - enlarge_chunks_in_place: 1.
 - use_allocation_guard: 0.


Internal statistics:

num_allocs_failed_limit: 0.
num_arena_births: 46.
num_arena_deaths: 0.
num_vsnodes_births: 2.
num_vsnodes_deaths: 0.
num_space_committed: 49.
num_space_uncommitted: 0.
num_chunks_returned_to_freelist: 0.
num_chunks_taken_from_freelist: 117.
num_chunk_merges: 0.
num_chunk_splits: 76.
num_chunks_enlarged: 59.
num_inconsistent_stats: 0.

CodeHeap 'non-profiled nmethods': size=120000Kb used=230Kb max_used=230Kb free=119769Kb
 bounds [0x0000024862050000, 0x00000248622c0000, 0x0000024869580000]
CodeHeap 'profiled nmethods': size=120000Kb used=1433Kb max_used=1433Kb free=118566Kb
 bounds [0x000002485a580000, 0x000002485a7f0000, 0x0000024861ab0000]
CodeHeap 'non-nmethods': size=5760Kb used=1339Kb max_used=1354Kb free=4420Kb
 bounds [0x0000024861ab0000, 0x0000024861d20000, 0x0000024862050000]
 total_blobs=1229 nmethods=781 adapters=353
 compilation: enabled
              stopped_count=0, restarted_count=0
 full_count=0

Compilation events (20 events):
Event: 1.303 Thread 0x0000024871b61e10 nmethod 708 0x000002485a6b6410 code [0x000002485a6b65e0, 0x000002485a6b68c8]
Event: 1.304 Thread 0x0000024876607e30 nmethod 720 0x0000024862082a10 code [0x0000024862082be0, 0x00000248620832f0]
Event: 1.304 Thread 0x0000024871b61e10  724       3       java.lang.StringBuilder::append (8 bytes)
Event: 1.304 Thread 0x0000024871b61e10 nmethod 724 0x000002485a6b6a10 code [0x000002485a6b6bc0, 0x000002485a6b6d10]
Event: 1.304 Thread 0x0000024876607e30  723       4       java.lang.StringUTF16::getChar (60 bytes)
Event: 1.305 Thread 0x0000024876607e30 nmethod 723 0x0000024862083c10 code [0x0000024862083da0, 0x0000024862083e88]
Event: 1.306 Thread 0x0000024876607e30  726       4       java.util.zip.ZipFile$Source::getEntryPos (164 bytes)
Event: 1.306 Thread 0x0000024871b61e10  729       3       jdk.internal.ref.PhantomCleanable::clean (16 bytes)
Event: 1.306 Thread 0x0000024871b61e10 nmethod 729 0x000002485a6b6d90 code [0x000002485a6b6f60, 0x000002485a6b7248]
Event: 1.306 Thread 0x0000024871b61e10  730       3       jdk.internal.ref.CleanerImpl$PhantomCleanableRef::performCleanup (10 bytes)
Event: 1.306 Thread 0x0000024871b61e10 nmethod 730 0x000002485a6b7390 code [0x000002485a6b7540, 0x000002485a6b7720]
Event: 1.307 Thread 0x0000024871b61e10  732   !   3       java.util.zip.ZipFile::getInputStream (275 bytes)
Event: 1.308 Thread 0x0000024871b61e10 nmethod 732 0x000002485a6b7810 code [0x000002485a6b7b20, 0x000002485a6b8ce8]
Event: 1.308 Thread 0x0000024871b61e10  733       3       java.util.zip.ZipFile$ZipFileInputStream::<init> (96 bytes)
Event: 1.308 Thread 0x0000024871b61e10 nmethod 733 0x000002485a6b9790 code [0x000002485a6b99e0, 0x000002485a6ba420]
Event: 1.308 Thread 0x0000024871b61e10  734       3       java.util.zip.ZipFile$InflaterCleanupAction::<init> (15 bytes)
Event: 1.308 Thread 0x0000024871b61e10 nmethod 734 0x000002485a6ba890 code [0x000002485a6baa40, 0x000002485a6bac70]
Event: 1.309 Thread 0x0000024871b61e10  735       3       sun.net.www.protocol.file.Handler::parseURL (18 bytes)
Event: 1.309 Thread 0x0000024871b61e10 nmethod 735 0x000002485a6bad10 code [0x000002485a6baec0, 0x000002485a6bb080]
Event: 1.309 Thread 0x0000024871b61e10  736       3       java.net.URLStreamHandler::parseURL (1124 bytes)

GC Heap History (0 events):
No events

Dll operation events (8 events):
Event: 0.007 Loaded shared library C:\Program Files\Java\jdk-21\bin\java.dll
Event: 1.070 Loaded shared library C:\Program Files\Java\jdk-21\bin\jsvml.dll
Event: 1.083 Loaded shared library C:\Program Files\Java\jdk-21\bin\net.dll
Event: 1.084 Loaded shared library C:\Program Files\Java\jdk-21\bin\nio.dll
Event: 1.089 Loaded shared library C:\Program Files\Java\jdk-21\bin\zip.dll
Event: 1.179 Loaded shared library C:\Program Files\Java\jdk-21\bin\jimage.dll
Event: 1.180 Loaded shared library D:\Java\apache-maven-3.9.9\lib\jansi-native\Windows\x86_64\jansi.dll
Event: 1.193 Loaded shared library C:\Program Files\Java\jdk-21\bin\verify.dll

Deoptimization events (20 events):
Event: 1.182 Thread 0x000002487640b090 DEOPT PACKING pc=0x000002485a5d0055 sp=0x00000081314feac0
Event: 1.182 Thread 0x000002487640b090 DEOPT UNPACKING pc=0x0000024861b04e42 sp=0x00000081314fdf30 mode 0
Event: 1.232 Thread 0x00000248506a1cf0 DEOPT PACKING pc=0x000002485a5d0055 sp=0x00000081302fe840
Event: 1.232 Thread 0x00000248506a1cf0 DEOPT UNPACKING pc=0x0000024861b04e42 sp=0x00000081302fdcb0 mode 0
Event: 1.238 Thread 0x00000248506a1cf0 DEOPT PACKING pc=0x000002485a5d0055 sp=0x00000081302fe3b0
Event: 1.238 Thread 0x00000248506a1cf0 DEOPT UNPACKING pc=0x0000024861b04e42 sp=0x00000081302fd838 mode 0
Event: 1.251 Thread 0x00000248506a1cf0 DEOPT PACKING pc=0x000002485a5d0055 sp=0x00000081302fa170
Event: 1.251 Thread 0x00000248506a1cf0 DEOPT UNPACKING pc=0x0000024861b04e42 sp=0x00000081302f95e0 mode 0
Event: 1.298 Thread 0x00000248506a1cf0 Uncommon trap: trap_request=0xffffff45 fr.pc=0x000002486208079c relative=0x000000000000075c
Event: 1.298 Thread 0x00000248506a1cf0 Uncommon trap: reason=unstable_if action=reinterpret pc=0x000002486208079c method=java.util.regex.Matcher.search(I)Z @ 30 c2
Event: 1.298 Thread 0x00000248506a1cf0 DEOPT PACKING pc=0x000002486208079c sp=0x00000081302fdce0
Event: 1.298 Thread 0x00000248506a1cf0 DEOPT UNPACKING pc=0x0000024861b046a2 sp=0x00000081302fdcc0 mode 2
Event: 1.300 Thread 0x00000248506a1cf0 Uncommon trap: trap_request=0xffffff45 fr.pc=0x00000248620635c0 relative=0x00000000000004e0
Event: 1.301 Thread 0x00000248506a1cf0 Uncommon trap: reason=unstable_if action=reinterpret pc=0x00000248620635c0 method=java.lang.StringLatin1.canEncode(I)Z @ 4 c2
Event: 1.301 Thread 0x00000248506a1cf0 DEOPT PACKING pc=0x00000248620635c0 sp=0x00000081302fe310
Event: 1.301 Thread 0x00000248506a1cf0 DEOPT UNPACKING pc=0x0000024861b046a2 sp=0x00000081302fe248 mode 2
Event: 1.301 Thread 0x00000248506a1cf0 Uncommon trap: trap_request=0xffffff45 fr.pc=0x0000024862072b0c relative=0x000000000000006c
Event: 1.301 Thread 0x00000248506a1cf0 Uncommon trap: reason=unstable_if action=reinterpret pc=0x0000024862072b0c method=java.lang.AbstractStringBuilder.isLatin1()Z @ 10 c2
Event: 1.301 Thread 0x00000248506a1cf0 DEOPT PACKING pc=0x0000024862072b0c sp=0x00000081302fe2f0
Event: 1.301 Thread 0x00000248506a1cf0 DEOPT UNPACKING pc=0x0000024861b046a2 sp=0x00000081302fe280 mode 2

Classes loaded (20 events):
Event: 1.261 Loading class java/util/concurrent/locks/ReentrantReadWriteLock$Sync done
Event: 1.261 Loading class java/util/concurrent/locks/ReentrantReadWriteLock$NonfairSync done
Event: 1.261 Loading class java/util/concurrent/locks/ReentrantReadWriteLock$Sync$ThreadLocalHoldCounter
Event: 1.261 Loading class java/util/concurrent/locks/ReentrantReadWriteLock$Sync$ThreadLocalHoldCounter done
Event: 1.261 Loading class java/util/concurrent/locks/ReentrantReadWriteLock$ReadLock
Event: 1.261 Loading class java/util/concurrent/locks/ReentrantReadWriteLock$ReadLock done
Event: 1.261 Loading class java/util/concurrent/locks/ReentrantReadWriteLock$WriteLock
Event: 1.261 Loading class java/util/concurrent/locks/ReentrantReadWriteLock$WriteLock done
Event: 1.263 Loading class java/text/ParseException
Event: 1.264 Loading class java/text/ParseException done
Event: 1.275 Loading class sun/util/calendar/ZoneInfoFile$Checksum
Event: 1.275 Loading class sun/util/calendar/ZoneInfoFile$Checksum done
Event: 1.278 Loading class jdk/internal/module/ModulePatcher$PatchedModuleReader
Event: 1.278 Loading class jdk/internal/module/ModulePatcher$PatchedModuleReader done
Event: 1.278 Loading class sun/net/www/protocol/jrt/Handler
Event: 1.278 Loading class sun/net/www/protocol/jrt/Handler done
Event: 1.299 Loading class sun/text/resources/cldr/FormatData_en
Event: 1.299 Loading class sun/text/resources/cldr/FormatData_en done
Event: 1.300 Loading class sun/text/resources/cldr/FormatData_en_US
Event: 1.300 Loading class sun/text/resources/cldr/FormatData_en_US done

Classes unloaded (0 events):
No events

Classes redefined (0 events):
No events

Internal exceptions (17 events):
Event: 1.110 Thread 0x00000248506a1cf0 Exception <a 'java/lang/NoSuchMethodError'{0x00000007196d1608}: 'int java.lang.invoke.DirectMethodHandle$Holder.invokeSpecial(java.lang.Object, java.lang.Object, java.lang.Object)'> (0x00000007196d1608) 
thrown [s\open\src\hotspot\share\interpreter\linkResolver.cpp, line 773]
Event: 1.166 Thread 0x00000248506a1cf0 Exception <a 'java/lang/NoSuchMethodError'{0x00000007194f92a8}: 'java.lang.Object java.lang.invoke.Invokers$Holder.invokeExact_MT(java.lang.Object, java.lang.Object, java.lang.Object, java.lang.Object, java.lang.Object)'> (0x00000007194f92a8) 
thrown [s\open\src\hotspot\share\interpreter\linkResolver.cpp, line 773]
Event: 1.174 Thread 0x00000248506a1cf0 Exception <a 'java/lang/NullPointerException'{0x0000000719551ed8}> (0x0000000719551ed8) 
thrown [s\open\src\hotspot\share\interpreter\linkResolver.cpp, line 1372]
Event: 1.184 Thread 0x00000248506a1cf0 Exception <a 'java/lang/NoSuchMethodError'{0x0000000719576d60}: 'void java.lang.invoke.DirectMethodHandle$Holder.invokeStatic(java.lang.Object, long, java.lang.Object)'> (0x0000000719576d60) 
thrown [s\open\src\hotspot\share\interpreter\linkResolver.cpp, line 773]
Event: 1.184 Thread 0x00000248506a1cf0 Exception <a 'java/lang/NoSuchMethodError'{0x000000071957c508}: 'java.lang.Object java.lang.invoke.DirectMethodHandle$Holder.newInvokeSpecial(java.lang.Object, long, java.lang.Object)'> (0x000000071957c508) 
thrown [s\open\src\hotspot\share\interpreter\linkResolver.cpp, line 773]
Event: 1.185 Thread 0x00000248506a1cf0 Exception <a 'java/lang/NullPointerException'{0x0000000719587e28}> (0x0000000719587e28) 
thrown [s\open\src\hotspot\share\interpreter\linkResolver.cpp, line 1372]
Event: 1.185 Thread 0x00000248506a1cf0 Exception <a 'java/lang/NullPointerException'{0x0000000719588108}> (0x0000000719588108) 
thrown [s\open\src\hotspot\share\interpreter\linkResolver.cpp, line 1372]
Event: 1.185 Thread 0x00000248506a1cf0 Exception <a 'java/lang/NullPointerException'{0x00000007195883e8}> (0x00000007195883e8) 
thrown [s\open\src\hotspot\share\interpreter\linkResolver.cpp, line 1372]
Event: 1.186 Thread 0x00000248506a1cf0 Exception <a 'java/lang/NullPointerException'{0x000000071958de38}> (0x000000071958de38) 
thrown [s\open\src\hotspot\share\interpreter\linkResolver.cpp, line 1372]
Event: 1.187 Thread 0x00000248506a1cf0 Exception <a 'java/lang/NullPointerException'{0x00000007195a0f28}> (0x00000007195a0f28) 
thrown [s\open\src\hotspot\share\interpreter\linkResolver.cpp, line 1372]
Event: 1.187 Thread 0x00000248506a1cf0 Exception <a 'java/lang/NullPointerException'{0x00000007195a1208}> (0x00000007195a1208) 
thrown [s\open\src\hotspot\share\interpreter\linkResolver.cpp, line 1372]
Event: 1.187 Thread 0x00000248506a1cf0 Exception <a 'java/lang/NullPointerException'{0x00000007195a14e8}> (0x00000007195a14e8) 
thrown [s\open\src\hotspot\share\interpreter\linkResolver.cpp, line 1372]
Event: 1.187 Thread 0x00000248506a1cf0 Exception <a 'java/lang/NullPointerException'{0x00000007195a17c8}> (0x00000007195a17c8) 
thrown [s\open\src\hotspot\share\interpreter\linkResolver.cpp, line 1372]
Event: 1.199 Thread 0x00000248506a1cf0 Exception <a 'java/lang/NoSuchMethodError'{0x00000007192512d0}: 'void java.lang.invoke.DirectMethodHandle$Holder.invokeStatic(java.lang.Object, java.lang.Object)'> (0x00000007192512d0) 
thrown [s\open\src\hotspot\share\interpreter\linkResolver.cpp, line 773]
Event: 1.199 Thread 0x00000248506a1cf0 Exception <a 'java/lang/NoSuchMethodError'{0x00000007192546a0}: 'void java.lang.invoke.DirectMethodHandle$Holder.invokeStaticInit(java.lang.Object, java.lang.Object)'> (0x00000007192546a0) 
thrown [s\open\src\hotspot\share\interpreter\linkResolver.cpp, line 773]
Event: 1.205 Thread 0x00000248506a1cf0 Exception <a 'java/lang/NoSuchMethodError'{0x00000007192f9bb8}: 'void java.lang.invoke.DirectMethodHandle$Holder.invokeStatic(java.lang.Object, java.lang.Object, java.lang.Object)'> (0x00000007192f9bb8) 
thrown [s\open\src\hotspot\share\interpreter\linkResolver.cpp, line 773]
Event: 1.247 Thread 0x00000248506a1cf0 Exception <a 'java/lang/NoSuchMethodError'{0x0000000719063898}: 'java.lang.Object java.lang.invoke.DirectMethodHandle$Holder.invokeSpecialIFC(java.lang.Object, java.lang.Object, java.lang.Object, java.lang.Object)'> (0x0000000719063898) 
thrown [s\open\src\hotspot\share\interpreter\linkResolver.cpp, line 773]

ZGC Phase Switch (0 events):
No events

VM Operations (8 events):
Event: 1.090 Executing VM operation: HandshakeAllThreads (Deoptimize)
Event: 1.090 Executing VM operation: HandshakeAllThreads (Deoptimize) done
Event: 1.173 Executing VM operation: HandshakeAllThreads (Deoptimize)
Event: 1.173 Executing VM operation: HandshakeAllThreads (Deoptimize) done
Event: 1.182 Executing VM operation: HandshakeAllThreads (Deoptimize)
Event: 1.182 Executing VM operation: HandshakeAllThreads (Deoptimize) done
Event: 2.182 Executing VM operation: Cleanup
Event: 2.182 Executing VM operation: Cleanup done

Events (14 events):
Event: 1.055 Thread 0x00000248506a1cf0 Thread added: 0x00000248506a1cf0
Event: 1.067 Thread 0x0000024871b48d10 Thread added: 0x0000024871b48d10
Event: 1.067 Thread 0x0000024871b4a490 Thread added: 0x0000024871b4a490
Event: 1.067 Thread 0x0000024871b4e210 Thread added: 0x0000024871b4e210
Event: 1.067 Thread 0x0000024871b4f100 Thread added: 0x0000024871b4f100
Event: 1.067 Thread 0x0000024871b50880 Thread added: 0x0000024871b50880
Event: 1.067 Thread 0x0000024871b52130 Thread added: 0x0000024871b52130
Event: 1.067 Thread 0x0000024871b5d770 Thread added: 0x0000024871b5d770
Event: 1.067 Thread 0x0000024871b61e10 Thread added: 0x0000024871b61e10
Event: 1.078 Thread 0x0000024876151080 Thread added: 0x0000024876151080
Event: 1.079 Thread 0x000002487615daf0 Thread added: 0x000002487615daf0
Event: 1.177 Thread 0x000002487640b090 Thread added: 0x000002487640b090
Event: 1.212 Thread 0x000002487640b090 Thread exited: 0x000002487640b090
Event: 1.294 Thread 0x0000024876607e30 Thread added: 0x0000024876607e30


Dynamic libraries:
0x00007ff640230000 - 0x00007ff640240000 	C:\Program Files\Java\jdk-21\bin\java.exe
0x00007ff9731e0000 - 0x00007ff973440000 	C:\WINDOWS\SYSTEM32\ntdll.dll
0x00007ff9728d0000 - 0x00007ff972997000 	C:\WINDOWS\System32\KERNEL32.DLL
0x00007ff970ac0000 - 0x00007ff970e8a000 	C:\WINDOWS\System32\KERNELBASE.dll
0x00007ff970e90000 - 0x00007ff970fdb000 	C:\WINDOWS\System32\ucrtbase.dll
0x00007ff963eb0000 - 0x00007ff963ec9000 	C:\Program Files\Java\jdk-21\bin\jli.dll
0x00007ff963e90000 - 0x00007ff963eab000 	C:\Program Files\Java\jdk-21\bin\VCRUNTIME140.dll
0x00007ff970fe0000 - 0x00007ff971092000 	C:\WINDOWS\System32\ADVAPI32.dll
0x00007ff972470000 - 0x00007ff972519000 	C:\WINDOWS\System32\msvcrt.dll
0x00007ff972680000 - 0x00007ff972726000 	C:\WINDOWS\System32\sechost.dll
0x00007ff971d40000 - 0x00007ff971e56000 	C:\WINDOWS\System32\RPCRT4.dll
0x00007ff972000000 - 0x00007ff9721cc000 	C:\WINDOWS\System32\USER32.dll
0x00007ff970450000 - 0x00007ff970477000 	C:\WINDOWS\System32\win32u.dll
0x00007ff95dbb0000 - 0x00007ff95de47000 	C:\WINDOWS\WinSxS\amd64_microsoft.windows.common-controls_6595b64144ccf1df_6.0.26100.3624_none_3e086962e3345f24\COMCTL32.dll
0x00007ff971d00000 - 0x00007ff971d2a000 	C:\WINDOWS\System32\GDI32.dll
0x00007ff970760000 - 0x00007ff970891000 	C:\WINDOWS\System32\gdi32full.dll
0x00007ff9708a0000 - 0x00007ff970943000 	C:\WINDOWS\System32\msvcp_win.dll
0x00007ff967e30000 - 0x00007ff967e3b000 	C:\WINDOWS\SYSTEM32\VERSION.dll
0x00007ff9730d0000 - 0x00007ff9730ff000 	C:\WINDOWS\System32\IMM32.DLL
0x00007ff96d0a0000 - 0x00007ff96d0ac000 	C:\Program Files\Java\jdk-21\bin\vcruntime140_1.dll
0x00007ff963e00000 - 0x00007ff963e8e000 	C:\Program Files\Java\jdk-21\bin\msvcp140.dll
0x00007ff8c0940000 - 0x00007ff8c1657000 	C:\Program Files\Java\jdk-21\bin\server\jvm.dll
0x00007ff972280000 - 0x00007ff9722f4000 	C:\WINDOWS\System32\WS2_32.dll
0x00007ff96fab0000 - 0x00007ff96fb0e000 	C:\WINDOWS\SYSTEM32\POWRPROF.dll
0x00007ff9640b0000 - 0x00007ff9640e6000 	C:\WINDOWS\SYSTEM32\WINMM.dll
0x00007ff96fa20000 - 0x00007ff96fa34000 	C:\WINDOWS\SYSTEM32\UMPDC.dll
0x00007ff96f1a0000 - 0x00007ff96f1ba000 	C:\WINDOWS\SYSTEM32\kernel.appcore.dll
0x00007ff967e90000 - 0x00007ff967e9a000 	C:\Program Files\Java\jdk-21\bin\jimage.dll
0x00007ff96dde0000 - 0x00007ff96e021000 	C:\WINDOWS\SYSTEM32\DBGHELP.DLL
0x00007ff971200000 - 0x00007ff971582000 	C:\WINDOWS\System32\combase.dll
0x00007ff971110000 - 0x00007ff9711e6000 	C:\WINDOWS\System32\OLEAUT32.dll
0x00007ff95d9f0000 - 0x00007ff95da29000 	C:\WINDOWS\SYSTEM32\dbgcore.DLL
0x00007ff970480000 - 0x00007ff970519000 	C:\WINDOWS\System32\bcryptPrimitives.dll
0x00007ff963de0000 - 0x00007ff963dff000 	C:\Program Files\Java\jdk-21\bin\java.dll
0x00007ff9729a0000 - 0x00007ff9730c9000 	C:\WINDOWS\System32\SHELL32.dll
0x00007ff970950000 - 0x00007ff970ab8000 	C:\WINDOWS\System32\wintypes.dll
0x00007ff96e040000 - 0x00007ff96e892000 	C:\WINDOWS\SYSTEM32\windows.storage.dll
0x00007ff972300000 - 0x00007ff9723ed000 	C:\WINDOWS\System32\SHCORE.dll
0x00007ff9710a0000 - 0x00007ff971104000 	C:\WINDOWS\System32\shlwapi.dll
0x00007ff9702d0000 - 0x00007ff9702ff000 	C:\WINDOWS\SYSTEM32\profapi.dll
0x00007ff957800000 - 0x00007ff9578d7000 	C:\Program Files\Java\jdk-21\bin\jsvml.dll
0x00007ff963dd0000 - 0x00007ff963de0000 	C:\Program Files\Java\jdk-21\bin\net.dll
0x00007ff9684b0000 - 0x00007ff9685cd000 	C:\WINDOWS\SYSTEM32\WINHTTP.dll
0x00007ff96f740000 - 0x00007ff96f7aa000 	C:\WINDOWS\system32\mswsock.dll
0x00007ff9639b0000 - 0x00007ff9639c6000 	C:\Program Files\Java\jdk-21\bin\nio.dll
0x00007ff963990000 - 0x00007ff9639a8000 	C:\Program Files\Java\jdk-21\bin\zip.dll
0x00007ff963320000 - 0x00007ff963344000 	D:\Java\apache-maven-3.9.9\lib\jansi-native\Windows\x86_64\jansi.dll
0x00007ff963980000 - 0x00007ff963990000 	C:\Program Files\Java\jdk-21\bin\verify.dll

dbghelp: loaded successfully - version: 4.0.5 - missing functions: none
symbol engine: initialized successfully - sym options: 0x614 - pdb path: .;C:\Program Files\Java\jdk-21\bin;C:\WINDOWS\SYSTEM32;C:\WINDOWS\WinSxS\amd64_microsoft.windows.common-controls_6595b64144ccf1df_6.0.26100.3624_none_3e086962e3345f24;C:\Program Files\Java\jdk-21\bin\server;D:\Java\apache-maven-3.9.9\lib\jansi-native\Windows\x86_64

VM Arguments:
jvm_args: -Dclassworlds.conf=D:\Java\apache-maven-3.9.9\bin\m2.conf -Dmaven.home=D:\Java\apache-maven-3.9.9 -Dlibrary.jansi.path=D:\Java\apache-maven-3.9.9\lib\jansi-native -Dmaven.multiModuleProjectDirectory=D:\New folder\Netflix\History-Service 
java_command: org.codehaus.plexus.classworlds.launcher.Launcher clean install
java_class_path (initial): D:\Java\apache-maven-3.9.9\boot\plexus-classworlds-2.8.0.jar
Launcher Type: SUN_STANDARD

[Global flags]
     intx CICompilerCount                          = 4                                         {product} {ergonomic}
     uint ConcGCThreads                            = 3                                         {product} {ergonomic}
     uint G1ConcRefinementThreads                  = 10                                        {product} {ergonomic}
   size_t G1HeapRegionSize                         = 2097152                                   {product} {ergonomic}
    uintx GCDrainStackTargetSize                   = 64                                        {product} {ergonomic}
   size_t InitialHeapSize                          = 257949696                                 {product} {ergonomic}
   size_t MarkStackSize                            = 4194304                                   {product} {ergonomic}
   size_t MaxHeapSize                              = 4123000832                                {product} {ergonomic}
   size_t MaxNewSize                               = 2472542208                                {product} {ergonomic}
   size_t MinHeapDeltaBytes                        = 2097152                                   {product} {ergonomic}
   size_t MinHeapSize                              = 8388608                                   {product} {ergonomic}
    uintx NonNMethodCodeHeapSize                   = 5839372                                {pd product} {ergonomic}
    uintx NonProfiledCodeHeapSize                  = 122909434                              {pd product} {ergonomic}
    uintx ProfiledCodeHeapSize                     = 122909434                              {pd product} {ergonomic}
    uintx ReservedCodeCacheSize                    = 251658240                              {pd product} {ergonomic}
     bool SegmentedCodeCache                       = true                                      {product} {ergonomic}
   size_t SoftMaxHeapSize                          = 4123000832                             {manageable} {ergonomic}
     bool UseCompressedOops                        = true                           {product lp64_product} {ergonomic}
     bool UseG1GC                                  = true                                      {product} {ergonomic}
     bool UseLargePagesIndividualAllocation        = false                                  {pd product} {ergonomic}

Logging:
Log output configuration:
 #0: stdout all=warning uptime,level,tags foldmultilines=false
 #1: stderr all=off uptime,level,tags foldmultilines=false

Environment Variables:
PATH=C:\Program Files\Python312\Scripts\;C:\Program Files\Python312\;C:\Program Files\Common Files\Oracle\Java\javapath;C:\Windows\system32;C:\Windows;C:\Windows\System32\Wbem;C:\Windows\System32\WindowsPowerShell\v1.0\;C:\Windows\System32\OpenSSH\;C:\Program Files (x86)\NVIDIA Corporation\PhysX\Common;C:\Program Files\NVIDIA Corporation\NVIDIA NvDLISR;C:\WINDOWS\system32;C:\WINDOWS;C:\WINDOWS\System32\Wbem;C:\WINDOWS\System32\WindowsPowerShell\v1.0\;C:\WINDOWS\System32\OpenSSH\;C:\Program Files\Java\jdk-21\bin;C:\MinGW\bin;C:\Program Files\nodejs\;C:\ProgramData\chocolatey\bin;C:\Program Files\MongoDB\Server\7.0\bin;C:\Program Files\Docker\Docker\resources\bin;D:\Java\apache-maven-3.9.9\bin;C:\Program Files\Git\cmd;C:\Users\sambh\.cargo\bin;C:\Users\sambh\AppData\Local\Programs\Python\Launcher\;C:\Program Files\MySQL\MySQL Shell 8.0\bin\;C:\Users\sambh\AppData\Local\Microsoft\WindowsApps;C:\Users\sambh\AppData\Local\Programs\Microsoft VS Code\bin;C:\Program Files\JetBrains\IntelliJ IDEA Community Edition 2023.3.4\bin;;%MAVEN-HOME\bin;C:\Users\sambh\AppData\Roaming\npm;D:\MongoDB\;C:\Program Files\JetBrains\IntelliJ IDEA 2024.3.2.2\bin;;D:\PyCharm 2024.3.2\bin;;C:\Users\sambh\AppData\Local\GitHubDesktop\bin;D:\GoLand 2025.1\bin;;D:\WebStorm 2025.1.1\bin;
USERNAME=sambh
OS=Windows_NT
PROCESSOR_IDENTIFIER=AMD64 Family 25 Model 80 Stepping 0, AuthenticAMD
TMP=C:\Users\sambh\AppData\Local\Temp
TEMP=C:\Users\sambh\AppData\Local\Temp




Periodic native trim disabled

---------------  S Y S T E M  ---------------

OS:
 Windows 11 , 64 bit Build 26100 (10.0.26100.3775)
OS uptime: 0 days 0:14 hours
Hyper-V role detected

CPU: total 12 (initial active 12) (12 cores per cpu, 2 threads per core) family 25 model 80 stepping 0 microcode 0xa50000c, cx8, cmov, fxsr, ht, mmx, 3dnowpref, sse, sse2, sse3, ssse3, sse4a, sse4.1, sse4.2, popcnt, lzcnt, tsc, tscinvbit, avx, avx2, aes, erms, clmul, bmi1, bmi2, adx, sha, fma, vzeroupper, clflush, clflushopt, hv, rdtscp, rdpid, fsrm, f16c, cet_ss
Processor Information for all 12 processors :
  Max Mhz: 3301, Current Mhz: 3301, Mhz Limit: 3301

Memory: 4k page, system-wide physical 15724M (1503M free)
TotalPageFile size 17772M (AvailPageFile size 179M)
current process WorkingSet (physical memory assigned to process): 63M, peak: 63M
current process commit charge ("private bytes"): 346M, peak: 346M

vm_info: Java HotSpot(TM) 64-Bit Server VM (21.0.2+13-LTS-58) for windows-amd64 JRE (21.0.2+13-LTS-58), built on 2024-01-05T18:32:24Z by "mach5one" with MS VC++ 17.1 (VS2022)

END.
