#
# There is insufficient memory for the Java Runtime Environment to continue.
# Native memory allocation (mmap) failed to map 25165824 bytes for G1 virtual space
# Possible reasons:
#   The system is out of physical RAM or swap space
#   The process is running with CompressedOops enabled, and the Java Heap may be blocking the growth of the native heap
# Possible solutions:
#   Reduce memory load on the system
#   Increase physical memory or swap space
#   Check if swap backing store is full
#   Decrease Java heap size (-Xmx/-Xms)
#   Decrease number of Java threads
#   Decrease Java thread stack sizes (-Xss)
#   Set larger code cache with -XX:ReservedCodeCacheSize=
#   JVM is running with Zero Based Compressed Oops mode in which the Java heap is
#     placed in the first 32GB address space. The Java Heap base address is the
#     maximum limit for the native heap growth. Please use -XX:HeapBaseMinAddress
#     to set the Java Heap base and to place the Java Heap above 32GB virtual address.
# This output file may be truncated or incomplete.
#
#  Out of Memory Error (os_windows.cpp:3600), pid=10364, tid=22104
#
# JRE version: Java(TM) SE Runtime Environment (21.0.2+13) (build 21.0.2+13-LTS-58)
# Java VM: Java HotSpot(TM) 64-Bit Server VM (21.0.2+13-LTS-58, mixed mode, emulated-client, sharing, tiered, compressed oops, compressed class ptrs, g1 gc, windows-amd64)
# No core dump will be written. Minidumps are not enabled by default on client versions of Windows
#

---------------  S U M M A R Y ------------

Command Line: -XX:TieredStopAtLevel=1 -Dspring.output.ansi.enabled=always -Dcom.sun.management.jmxremote -Dspring.jmx.enabled=true -Dspring.liveBeansView.mbeanDomain -Dspring.application.admin.enabled=true -Dmanagement.endpoints.jmx.exposure.include=* -javaagent:C:\Program Files\JetBrains\IntelliJ IDEA 2024.3.2.2\lib\idea_rt.jar=53594:C:\Program Files\JetBrains\IntelliJ IDEA 2024.3.2.2\bin -Dfile.encoding=UTF-8 -Dsun.stdout.encoding=UTF-8 -Dsun.stderr.encoding=UTF-8 com.ben.User.Service.UserServiceApplication

Host: AMD Ryzen 5 5600H with Radeon Graphics         , 12 cores, 15G,  Windows 11 , 64 bit Build 26100 (10.0.26100.3775)
Time: Fri May  2 11:31:24 2025 India Standard Time elapsed time: 89.042529 seconds (0d 0h 1m 29s)

---------------  T H R E A D  ---------------

Current thread (0x00000267ffbc1210):  VMThread "VM Thread"          [id=22104, stack(0x000000f5d4100000,0x000000f5d4200000) (1024K)]

Stack: [0x000000f5d4100000,0x000000f5d4200000]
Native frames: (J=compiled Java code, j=interpreted, Vv=VM code, C=native code)
V  [jvm.dll+0x6cade9]
V  [jvm.dll+0x8569c1]
V  [jvm.dll+0x858d2e]
V  [jvm.dll+0x859413]
V  [jvm.dll+0x280e56]
V  [jvm.dll+0x6c74d5]
V  [jvm.dll+0x6bbeca]
V  [jvm.dll+0x355bca]
V  [jvm.dll+0x35d816]
V  [jvm.dll+0x3ae67e]
V  [jvm.dll+0x3ae928]
V  [jvm.dll+0x3295dc]
V  [jvm.dll+0x329667]
V  [jvm.dll+0x36df1c]
V  [jvm.dll+0x36c71d]
V  [jvm.dll+0x328d51]
V  [jvm.dll+0x36be2a]
V  [jvm.dll+0x85ef18]
V  [jvm.dll+0x860014]
V  [jvm.dll+0x860550]
V  [jvm.dll+0x8607f3]
V  [jvm.dll+0x7ff568]
V  [jvm.dll+0x6c953d]
C  [ucrtbase.dll+0x37b0]
C  [KERNEL32.DLL+0x2e8d7]
C  [ntdll.dll+0xb14fc]

VM_Operation (0x000000f5d78fde70): G1CollectForAllocation, mode: safepoint, requested by thread 0x00000267cbe0f430


---------------  P R O C E S S  ---------------

Threads class SMR info:
_java_thread_list=0x00000267cbede7b0, length=42, elements={
0x00000267ffbe08f0, 0x00000267ffbe1780, 0x00000267ffbe51a0, 0x00000267ffbec950,
0x00000267ffbecfc0, 0x00000267ffbed630, 0x0000026782679c80, 0x00000267ffba8cf0,
0x00000267c8348f10, 0x00000267c8349580, 0x00000267827bc6e0, 0x00000267c854ef70,
0x00000267c862e070, 0x00000267c86a7470, 0x000002678277e150, 0x00000267ca40ef60,
0x00000267ca423700, 0x00000267ca423d70, 0x00000267ca7d7920, 0x00000267cb9798a0,
0x00000267cb97b970, 0x00000267cb97b2e0, 0x00000267cb97c000, 0x00000267cb978b80,
0x00000267cb97a5c0, 0x00000267cb97ac50, 0x00000267cbe10150, 0x00000267cbe107e0,
0x00000267cbe10e70, 0x00000267cbe11500, 0x00000267cbe0e080, 0x00000267cbe11b90,
0x00000267cbe0fac0, 0x00000267cbe0e710, 0x00000267cbe12220, 0x00000267cbe0eda0,
0x00000267cbe128b0, 0x00000267cbe0f430, 0x00000267cbe135d0, 0x00000267cbe14980,
0x00000267cbe15010, 0x00000267cbe13c60
}

Java Threads: ( => current thread )
  0x00000267ffbe08f0 JavaThread "Reference Handler"          daemon [_thread_blocked, id=16604, stack(0x000000f5d4200000,0x000000f5d4300000) (1024K)]
  0x00000267ffbe1780 JavaThread "Finalizer"                  daemon [_thread_blocked, id=11476, stack(0x000000f5d4300000,0x000000f5d4400000) (1024K)]
  0x00000267ffbe51a0 JavaThread "Signal Dispatcher"          daemon [_thread_blocked, id=21652, stack(0x000000f5d4400000,0x000000f5d4500000) (1024K)]
  0x00000267ffbec950 JavaThread "Attach Listener"            daemon [_thread_blocked, id=10428, stack(0x000000f5d4500000,0x000000f5d4600000) (1024K)]
  0x00000267ffbecfc0 JavaThread "Service Thread"             daemon [_thread_blocked, id=5508, stack(0x000000f5d4600000,0x000000f5d4700000) (1024K)]
  0x00000267ffbed630 JavaThread "Monitor Deflation Thread"   daemon [_thread_blocked, id=9632, stack(0x000000f5d4700000,0x000000f5d4800000) (1024K)]
  0x0000026782679c80 JavaThread "C1 CompilerThread0"         daemon [_thread_blocked, id=4164, stack(0x000000f5d4800000,0x000000f5d4900000) (1024K)]
  0x00000267ffba8cf0 JavaThread "Common-Cleaner"             daemon [_thread_blocked, id=17608, stack(0x000000f5d4900000,0x000000f5d4a00000) (1024K)]
  0x00000267c8348f10 JavaThread "Monitor Ctrl-Break"         daemon [_thread_in_native, id=18912, stack(0x000000f5d4d00000,0x000000f5d4e00000) (1024K)]
  0x00000267c8349580 JavaThread "Notification Thread"        daemon [_thread_blocked, id=2748, stack(0x000000f5d4e00000,0x000000f5d4f00000) (1024K)]
  0x00000267827bc6e0 JavaThread "RMI TCP Accept-0"           daemon [_thread_in_native, id=20636, stack(0x000000f5d5600000,0x000000f5d5700000) (1024K)]
  0x00000267c854ef70 JavaThread "RMI TCP Connection(1)-192.168.0.101" daemon [_thread_blocked, id=17388, stack(0x000000f5d5700000,0x000000f5d5800000) (1024K)]
  0x00000267c862e070 JavaThread "RMI Scheduler(0)"           daemon [_thread_blocked, id=3568, stack(0x000000f5d5800000,0x000000f5d5900000) (1024K)]
  0x00000267c86a7470 JavaThread "JMX server connection timeout 33" daemon [_thread_blocked, id=8948, stack(0x000000f5d5900000,0x000000f5d5a00000) (1024K)]
  0x000002678277e150 JavaThread "Catalina-utility-1"                [_thread_blocked, id=16616, stack(0x000000f5d5c00000,0x000000f5d5d00000) (1024K)]
  0x00000267ca40ef60 JavaThread "Catalina-utility-2"                [_thread_blocked, id=8560, stack(0x000000f5d5f00000,0x000000f5d6000000) (1024K)]
  0x00000267ca423700 JavaThread "container-0"                       [_thread_blocked, id=15852, stack(0x000000f5d6000000,0x000000f5d6100000) (1024K)]
  0x00000267ca423d70 JavaThread "mysql-cj-abandoned-connection-cleanup" daemon [_thread_blocked, id=1312, stack(0x000000f5d6100000,0x000000f5d6200000) (1024K)]
  0x00000267ca7d7920 JavaThread "HikariPool-1 housekeeper"   daemon [_thread_blocked, id=15180, stack(0x000000f5d6300000,0x000000f5d6400000) (1024K)]
  0x00000267cb9798a0 JavaThread "spectator-gauge-polling-0"  daemon [_thread_blocked, id=7024, stack(0x000000f5d6600000,0x000000f5d6700000) (1024K)]
  0x00000267cb97b970 JavaThread "AsyncResolver-bootstrap-%d" daemon [_thread_blocked, id=17252, stack(0x000000f5d6700000,0x000000f5d6800000) (1024K)]
  0x00000267cb97b2e0 JavaThread "DiscoveryClient-%d"         daemon [_thread_blocked, id=3676, stack(0x000000f5d6800000,0x000000f5d6900000) (1024K)]
  0x00000267cb97c000 JavaThread "DiscoveryClient-%d"         daemon [_thread_blocked, id=15668, stack(0x000000f5d6900000,0x000000f5d6a00000) (1024K)]
  0x00000267cb978b80 JavaThread "DiscoveryClient-InstanceInfoReplicator-%d" daemon [_thread_blocked, id=14872, stack(0x000000f5d6a00000,0x000000f5d6b00000) (1024K)]
  0x00000267cb97a5c0 JavaThread "http-nio-8081-exec-1"       daemon [_thread_blocked, id=5396, stack(0x000000f5d6b00000,0x000000f5d6c00000) (1024K)]
  0x00000267cb97ac50 JavaThread "http-nio-8081-exec-2"       daemon [_thread_blocked, id=3928, stack(0x000000f5d6c00000,0x000000f5d6d00000) (1024K)]
  0x00000267cbe10150 JavaThread "http-nio-8081-exec-3"       daemon [_thread_blocked, id=15208, stack(0x000000f5d6d00000,0x000000f5d6e00000) (1024K)]
  0x00000267cbe107e0 JavaThread "http-nio-8081-exec-4"       daemon [_thread_blocked, id=14368, stack(0x000000f5d6e00000,0x000000f5d6f00000) (1024K)]
  0x00000267cbe10e70 JavaThread "http-nio-8081-exec-5"       daemon [_thread_blocked, id=3792, stack(0x000000f5d6f00000,0x000000f5d7000000) (1024K)]
  0x00000267cbe11500 JavaThread "http-nio-8081-exec-6"       daemon [_thread_blocked, id=5572, stack(0x000000f5d7000000,0x000000f5d7100000) (1024K)]
  0x00000267cbe0e080 JavaThread "http-nio-8081-exec-7"       daemon [_thread_blocked, id=3188, stack(0x000000f5d7100000,0x000000f5d7200000) (1024K)]
  0x00000267cbe11b90 JavaThread "http-nio-8081-exec-8"       daemon [_thread_blocked, id=10044, stack(0x000000f5d7200000,0x000000f5d7300000) (1024K)]
  0x00000267cbe0fac0 JavaThread "http-nio-8081-exec-9"       daemon [_thread_blocked, id=12240, stack(0x000000f5d7300000,0x000000f5d7400000) (1024K)]
  0x00000267cbe0e710 JavaThread "http-nio-8081-exec-10"      daemon [_thread_blocked, id=17380, stack(0x000000f5d7400000,0x000000f5d7500000) (1024K)]
  0x00000267cbe12220 JavaThread "http-nio-8081-Poller"       daemon [_thread_blocked, id=20900, stack(0x000000f5d7500000,0x000000f5d7600000) (1024K)]
  0x00000267cbe0eda0 JavaThread "http-nio-8081-Acceptor"     daemon [_thread_in_native, id=19720, stack(0x000000f5d7600000,0x000000f5d7700000) (1024K)]
  0x00000267cbe128b0 JavaThread "ThreadPoolTaskScheduler-1"         [_thread_blocked, id=14924, stack(0x000000f5d7700000,0x000000f5d7800000) (1024K)]
  0x00000267cbe0f430 JavaThread "org.springframework.kafka.KafkaListenerEndpointContainer#0-0-C-1"        [_thread_blocked, id=9224, stack(0x000000f5d7800000,0x000000f5d7900000) (1024K)]
  0x00000267cbe135d0 JavaThread "DestroyJavaVM"                     [_thread_blocked, id=18848, stack(0x000000f5d3a00000,0x000000f5d3b00000) (1024K)]
  0x00000267cbe14980 JavaThread "RMI TCP Connection(idle)"   daemon [_thread_blocked, id=19248, stack(0x000000f5d7900000,0x000000f5d7a00000) (1024K)]
  0x00000267cbe15010 JavaThread "DiscoveryClient-CacheRefreshExecutor-%d" daemon [_thread_blocked, id=14468, stack(0x000000f5d4c00000,0x000000f5d4d00000) (1024K)]
  0x00000267cbe13c60 JavaThread "DiscoveryClient-HeartbeatExecutor-%d" daemon [_thread_blocked, id=22416, stack(0x000000f5d6400000,0x000000f5d6500000) (1024K)]
Total: 42

Other Threads:
=>0x00000267ffbc1210 VMThread "VM Thread"                           [id=22104, stack(0x000000f5d4100000,0x000000f5d4200000) (1024K)]
  0x00000267ffba8560 WatcherThread "VM Periodic Task Thread"        [id=3440, stack(0x000000f5d4000000,0x000000f5d4100000) (1024K)]
  0x00000267ed311890 WorkerThread "GC Thread#0"                     [id=372, stack(0x000000f5d3b00000,0x000000f5d3c00000) (1024K)]
  0x00000267c8532a30 WorkerThread "GC Thread#1"                     [id=17280, stack(0x000000f5d4f00000,0x000000f5d5000000) (1024K)]
  0x00000267c8534de0 WorkerThread "GC Thread#2"                     [id=3204, stack(0x000000f5d5000000,0x000000f5d5100000) (1024K)]
  0x00000267c8535180 WorkerThread "GC Thread#3"                     [id=14544, stack(0x000000f5d5100000,0x000000f5d5200000) (1024K)]
  0x00000267c8537530 WorkerThread "GC Thread#4"                     [id=22128, stack(0x000000f5d5200000,0x000000f5d5300000) (1024K)]
  0x00000267c855c940 WorkerThread "GC Thread#5"                     [id=18984, stack(0x000000f5d5300000,0x000000f5d5400000) (1024K)]
  0x00000267c855cce0 WorkerThread "GC Thread#6"                     [id=968, stack(0x000000f5d5400000,0x000000f5d5500000) (1024K)]
  0x00000267c8561090 WorkerThread "GC Thread#7"                     [id=19644, stack(0x000000f5d5500000,0x000000f5d5600000) (1024K)]
  0x00000267c8751ba0 WorkerThread "GC Thread#8"                     [id=1976, stack(0x000000f5d5a00000,0x000000f5d5b00000) (1024K)]
  0x00000267c883ac70 WorkerThread "GC Thread#9"                     [id=19544, stack(0x000000f5d5b00000,0x000000f5d5c00000) (1024K)]
  0x00000267ed321dc0 ConcurrentGCThread "G1 Main Marker"            [id=9456, stack(0x000000f5d3c00000,0x000000f5d3d00000) (1024K)]
  0x00000267ed326d10 WorkerThread "G1 Conc#0"                       [id=17900, stack(0x000000f5d3d00000,0x000000f5d3e00000) (1024K)]
  0x00000267c8cda730 WorkerThread "G1 Conc#1"                       [id=20136, stack(0x000000f5d5d00000,0x000000f5d5e00000) (1024K)]
  0x00000267c8cdaad0 WorkerThread "G1 Conc#2"                       [id=10564, stack(0x000000f5d5e00000,0x000000f5d5f00000) (1024K)]
  0x00000267ed35eb70 ConcurrentGCThread "G1 Refine#0"               [id=9000, stack(0x000000f5d3e00000,0x000000f5d3f00000) (1024K)]
  0x00000267ffa74060 ConcurrentGCThread "G1 Service"                [id=13248, stack(0x000000f5d3f00000,0x000000f5d4000000) (1024K)]
Total: 18

Threads with active compile tasks:
Total: 0

VM state: at safepoint (normal execution)

VM Mutex/Monitor currently owned by a thread:  ([mutex/lock_event])
[0x00007fff660fcd68] Threads_lock - owner thread: 0x00000267ffbc1210
[0x00007fff660fce68] Heap_lock - owner thread: 0x00000267cbe0f430

OutOfMemory and StackOverflow Exception counts:
StackOverflowErrors=1
LinkageErrors=185

Heap address: 0x000000070a400000, size: 3932 MB, Compressed Oops mode: Zero based, Oop shift amount: 3

CDS archive(s) mapped at: [0x0000026783000000-0x0000026783c90000-0x0000026783c90000), size 13172736, SharedBaseAddress: 0x0000026783000000, ArchiveRelocationMode: 1.
Compressed class space mapped at: 0x0000026784000000-0x00000267c4000000, reserved size: 1073741824
Narrow klass base: 0x0000026783000000, Narrow klass shift: 0, Narrow klass range: 0x100000000

GC Precious Log:
 CardTable entry size: 512
 Card Set container configuration: InlinePtr #cards 4 size 8 Array Of Cards #cards 16 size 48 Howl #buckets 8 coarsen threshold 3686 Howl Bitmap #cards 512 size 80 coarsen threshold 460 Card regions per heap region 1 cards per card region 4096
 CPUs: 12 total, 12 available
 Memory: 15724M
 Large Page Support: Disabled
 NUMA Support: Disabled
 Compressed Oops: Enabled (Zero based)
 Heap Region Size: 2M
 Heap Min Capacity: 8M
 Heap Initial Capacity: 246M
 Heap Max Capacity: 3932M
 Pre-touch: Disabled
 Parallel Workers: 10
 Concurrent Workers: 3
 Concurrent Refinement Workers: 10
 Periodic GC: Disabled

Heap:
 garbage-first heap   total 118784K, used 46790K [0x000000070a400000, 0x0000000800000000)
  region size 2048K, 2 young (4096K), 2 survivors (4096K)
 Metaspace       used 91399K, committed 92352K, reserved 1179648K
  class space    used 12773K, committed 13184K, reserved 1048576K

Heap Regions: E=young(eden), S=young(survivor), O=old, HS=humongous(starts), HC=humongous(continues), CS=collection set, F=free, TAMS=top-at-mark-start, PB=parsable bottom
|   0|0x000000070a400000, 0x000000070a600000, 0x000000070a600000|100%| O|  |TAMS 0x000000070a400000| PB 0x000000070a400000| Untracked 
|   1|0x000000070a600000, 0x000000070a800000, 0x000000070a800000|100%| O|  |TAMS 0x000000070a600000| PB 0x000000070a600000| Untracked 
|   2|0x000000070a800000, 0x000000070aa00000, 0x000000070aa00000|100%| O|  |TAMS 0x000000070a800000| PB 0x000000070a800000| Untracked 
|   3|0x000000070aa00000, 0x000000070ac00000, 0x000000070ac00000|100%| O|  |TAMS 0x000000070aa00000| PB 0x000000070aa00000| Untracked 
|   4|0x000000070ac00000, 0x000000070ae00000, 0x000000070ae00000|100%| O|  |TAMS 0x000000070ac00000| PB 0x000000070ac00000| Untracked 
|   5|0x000000070ae00000, 0x000000070b000000, 0x000000070b000000|100%| O|  |TAMS 0x000000070ae00000| PB 0x000000070ae00000| Untracked 
|   6|0x000000070b000000, 0x000000070b200000, 0x000000070b200000|100%| O|  |TAMS 0x000000070b000000| PB 0x000000070b000000| Untracked 
|   7|0x000000070b200000, 0x000000070b400000, 0x000000070b400000|100%| O|  |TAMS 0x000000070b200000| PB 0x000000070b200000| Untracked 
|   8|0x000000070b400000, 0x000000070b600000, 0x000000070b600000|100%| O|  |TAMS 0x000000070b400000| PB 0x000000070b400000| Untracked 
|   9|0x000000070b600000, 0x000000070b800000, 0x000000070b800000|100%| O|  |TAMS 0x000000070b600000| PB 0x000000070b600000| Untracked 
|  10|0x000000070b800000, 0x000000070ba00000, 0x000000070ba00000|100%| O|  |TAMS 0x000000070b800000| PB 0x000000070b800000| Untracked 
|  11|0x000000070ba00000, 0x000000070bc00000, 0x000000070bc00000|100%| O|  |TAMS 0x000000070ba00000| PB 0x000000070ba00000| Untracked 
|  12|0x000000070bc00000, 0x000000070be00000, 0x000000070be00000|100%| O|  |TAMS 0x000000070bc00000| PB 0x000000070bc00000| Untracked 
|  13|0x000000070be00000, 0x000000070c000000, 0x000000070c000000|100%| O|  |TAMS 0x000000070be00000| PB 0x000000070be00000| Untracked 
|  14|0x000000070c000000, 0x000000070c200000, 0x000000070c200000|100%| O|  |TAMS 0x000000070c000000| PB 0x000000070c000000| Untracked 
|  15|0x000000070c200000, 0x000000070c400000, 0x000000070c400000|100%| O|  |TAMS 0x000000070c200000| PB 0x000000070c200000| Untracked 
|  16|0x000000070c400000, 0x000000070c600000, 0x000000070c600000|100%| O|  |TAMS 0x000000070c400000| PB 0x000000070c400000| Untracked 
|  17|0x000000070c600000, 0x000000070c800000, 0x000000070c800000|100%| O|  |TAMS 0x000000070c600000| PB 0x000000070c600000| Untracked 
|  18|0x000000070c800000, 0x000000070ca00000, 0x000000070ca00000|100%| O|  |TAMS 0x000000070c800000| PB 0x000000070c800000| Untracked 
|  19|0x000000070ca00000, 0x000000070cc00000, 0x000000070cc00000|100%| O|  |TAMS 0x000000070ca00000| PB 0x000000070ca00000| Untracked 
|  20|0x000000070cc00000, 0x000000070ce00000, 0x000000070ce00000|100%| O|  |TAMS 0x000000070cc00000| PB 0x000000070cc00000| Untracked 
|  21|0x000000070ce00000, 0x000000070ce800a0, 0x000000070d000000| 25%| O|  |TAMS 0x000000070ce00000| PB 0x000000070ce00000| Untracked 
|  22|0x000000070d000000, 0x000000070d000000, 0x000000070d200000|  0%| F|  |TAMS 0x000000070d000000| PB 0x000000070d000000| Untracked 
|  23|0x000000070d200000, 0x000000070d200000, 0x000000070d400000|  0%| F|  |TAMS 0x000000070d200000| PB 0x000000070d200000| Untracked 
|  24|0x000000070d400000, 0x000000070d400000, 0x000000070d600000|  0%| F|  |TAMS 0x000000070d400000| PB 0x000000070d400000| Untracked 
|  25|0x000000070d600000, 0x000000070d600000, 0x000000070d800000|  0%| F|  |TAMS 0x000000070d600000| PB 0x000000070d600000| Untracked 
|  26|0x000000070d800000, 0x000000070d800000, 0x000000070da00000|  0%| F|  |TAMS 0x000000070d800000| PB 0x000000070d800000| Untracked 
|  27|0x000000070da00000, 0x000000070db319a8, 0x000000070dc00000| 59%| S|CS|TAMS 0x000000070da00000| PB 0x000000070da00000| Complete 
|  28|0x000000070dc00000, 0x000000070dc00000, 0x000000070de00000|  0%| F|  |TAMS 0x000000070dc00000| PB 0x000000070dc00000| Untracked 
|  29|0x000000070de00000, 0x000000070e000000, 0x000000070e000000|100%| S|CS|TAMS 0x000000070de00000| PB 0x000000070de00000| Complete 
|  30|0x000000070e000000, 0x000000070e000000, 0x000000070e200000|  0%| F|  |TAMS 0x000000070e000000| PB 0x000000070e000000| Untracked 
|  31|0x000000070e200000, 0x000000070e200000, 0x000000070e400000|  0%| F|  |TAMS 0x000000070e200000| PB 0x000000070e200000| Untracked 
|  32|0x000000070e400000, 0x000000070e400000, 0x000000070e600000|  0%| F|  |TAMS 0x000000070e400000| PB 0x000000070e400000| Untracked 
|  33|0x000000070e600000, 0x000000070e600000, 0x000000070e800000|  0%| F|  |TAMS 0x000000070e600000| PB 0x000000070e600000| Untracked 
|  34|0x000000070e800000, 0x000000070e800000, 0x000000070ea00000|  0%| F|  |TAMS 0x000000070e800000| PB 0x000000070e800000| Untracked 
|  35|0x000000070ea00000, 0x000000070ea00000, 0x000000070ec00000|  0%| F|  |TAMS 0x000000070ea00000| PB 0x000000070ea00000| Untracked 
|  36|0x000000070ec00000, 0x000000070ec00000, 0x000000070ee00000|  0%| F|  |TAMS 0x000000070ec00000| PB 0x000000070ec00000| Untracked 
|  37|0x000000070ee00000, 0x000000070ee00000, 0x000000070f000000|  0%| F|  |TAMS 0x000000070ee00000| PB 0x000000070ee00000| Untracked 
|  38|0x000000070f000000, 0x000000070f000000, 0x000000070f200000|  0%| F|  |TAMS 0x000000070f000000| PB 0x000000070f000000| Untracked 
|  39|0x000000070f200000, 0x000000070f200000, 0x000000070f400000|  0%| F|  |TAMS 0x000000070f200000| PB 0x000000070f200000| Untracked 
|  40|0x000000070f400000, 0x000000070f400000, 0x000000070f600000|  0%| F|  |TAMS 0x000000070f400000| PB 0x000000070f400000| Untracked 
|  41|0x000000070f600000, 0x000000070f600000, 0x000000070f800000|  0%| F|  |TAMS 0x000000070f600000| PB 0x000000070f600000| Untracked 
|  42|0x000000070f800000, 0x000000070f800000, 0x000000070fa00000|  0%| F|  |TAMS 0x000000070f800000| PB 0x000000070f800000| Untracked 
|  43|0x000000070fa00000, 0x000000070fa00000, 0x000000070fc00000|  0%| F|  |TAMS 0x000000070fa00000| PB 0x000000070fa00000| Untracked 
|  44|0x000000070fc00000, 0x000000070fc00000, 0x000000070fe00000|  0%| F|  |TAMS 0x000000070fc00000| PB 0x000000070fc00000| Untracked 
|  45|0x000000070fe00000, 0x000000070fe00000, 0x0000000710000000|  0%| F|  |TAMS 0x000000070fe00000| PB 0x000000070fe00000| Untracked 
|  46|0x0000000710000000, 0x0000000710000000, 0x0000000710200000|  0%| F|  |TAMS 0x0000000710000000| PB 0x0000000710000000| Untracked 
|  47|0x0000000710200000, 0x0000000710200000, 0x0000000710400000|  0%| F|  |TAMS 0x0000000710200000| PB 0x0000000710200000| Untracked 
|  48|0x0000000710400000, 0x0000000710400000, 0x0000000710600000|  0%| F|  |TAMS 0x0000000710400000| PB 0x0000000710400000| Untracked 
|  49|0x0000000710600000, 0x0000000710600000, 0x0000000710800000|  0%| F|  |TAMS 0x0000000710600000| PB 0x0000000710600000| Untracked 
|  50|0x0000000710800000, 0x0000000710800000, 0x0000000710a00000|  0%| F|  |TAMS 0x0000000710800000| PB 0x0000000710800000| Untracked 
|  51|0x0000000710a00000, 0x0000000710a00000, 0x0000000710c00000|  0%| F|  |TAMS 0x0000000710a00000| PB 0x0000000710a00000| Untracked 
|  52|0x0000000710c00000, 0x0000000710c00000, 0x0000000710e00000|  0%| F|  |TAMS 0x0000000710c00000| PB 0x0000000710c00000| Untracked 
| 108|0x0000000717c00000, 0x0000000717c00000, 0x0000000717e00000|  0%| F|  |TAMS 0x0000000717c00000| PB 0x0000000717c00000| Untracked 
| 109|0x0000000717e00000, 0x0000000717e00000, 0x0000000718000000|  0%| F|  |TAMS 0x0000000717e00000| PB 0x0000000717e00000| Untracked 
| 110|0x0000000718000000, 0x0000000718000000, 0x0000000718200000|  0%| F|  |TAMS 0x0000000718000000| PB 0x0000000718000000| Untracked 
| 121|0x0000000719600000, 0x0000000719600000, 0x0000000719800000|  0%| F|  |TAMS 0x0000000719600000| PB 0x0000000719600000| Untracked 
| 122|0x0000000719800000, 0x0000000719800000, 0x0000000719a00000|  0%| F|  |TAMS 0x0000000719800000| PB 0x0000000719800000| Untracked 

Card table byte_map: [0x00000267fb2b0000,0x00000267fba60000] _byte_map_base: 0x00000267f7a5e000

Marking Bits: (CMBitMap*) 0x00000267ed311ea0
 Bits: [0x00000267fba60000, 0x00000267ff7d0000)

Polling page: 0x00000267eeb10000

Metaspace:

Usage:
  Non-class:     76.78 MB used.
      Class:     12.47 MB used.
       Both:     89.26 MB used.

Virtual space:
  Non-class space:      128.00 MB reserved,      77.31 MB ( 60%) committed,  2 nodes.
      Class space:        1.00 GB reserved,      12.88 MB (  1%) committed,  1 nodes.
             Both:        1.12 GB reserved,      90.19 MB (  8%) committed. 

Chunk freelists:
   Non-Class:  2.74 MB
       Class:  3.07 MB
        Both:  5.81 MB

MaxMetaspaceSize: unlimited
CompressedClassSpaceSize: 1.00 GB
Initial GC threshold: 21.00 MB
Current GC threshold: 98.69 MB
CDS: on
 - commit_granule_bytes: 65536.
 - commit_granule_words: 8192.
 - virtual_space_node_default_size: 8388608.
 - enlarge_chunks_in_place: 1.
 - use_allocation_guard: 0.


Internal statistics:

num_allocs_failed_limit: 12.
num_arena_births: 1382.
num_arena_deaths: 0.
num_vsnodes_births: 3.
num_vsnodes_deaths: 0.
num_space_committed: 1443.
num_space_uncommitted: 0.
num_chunks_returned_to_freelist: 12.
num_chunks_taken_from_freelist: 4573.
num_chunk_merges: 9.
num_chunk_splits: 3364.
num_chunks_enlarged: 2687.
num_inconsistent_stats: 0.

CodeCache: size=49152Kb used=13875Kb max_used=15245Kb free=35277Kb
 bounds [0x00000267f7040000, 0x00000267f7f40000, 0x00000267fa040000]
 total_blobs=8567 nmethods=7748 adapters=741
 compilation: enabled
              stopped_count=0, restarted_count=0
 full_count=0

Compilation events (20 events):
Event: 83.082 Thread 0x0000026782679c80 7811   !   1       javax.management.remote.rmi.RMIConnectionImpl::doPrivilegedOperation (173 bytes)
Event: 83.083 Thread 0x0000026782679c80 nmethod 7811 0x00000267f7e85010 code [0x00000267f7e852e0, 0x00000267f7e85be8]
Event: 83.083 Thread 0x0000026782679c80 7812   !   1       com.sun.jmx.remote.internal.ServerCommunicatorAdmin::reqIncoming (65 bytes)
Event: 83.083 Thread 0x0000026782679c80 nmethod 7812 0x00000267f7e84a10 code [0x00000267f7e84be0, 0x00000267f7e84ec0]
Event: 83.083 Thread 0x0000026782679c80 7813       1       javax.management.remote.rmi.RMIConnectionImpl$PrivilegedOperation::<init> (20 bytes)
Event: 83.083 Thread 0x0000026782679c80 nmethod 7813 0x00000267f7e84690 code [0x00000267f7e84820, 0x00000267f7e84998]
Event: 83.083 Thread 0x0000026782679c80 7814       1       javax.management.remote.rmi.RMIConnectionImpl$PrivilegedOperation::run (16 bytes)
Event: 83.083 Thread 0x0000026782679c80 nmethod 7814 0x00000267f7e84310 code [0x00000267f7e844c0, 0x00000267f7e845c0]
Event: 83.083 Thread 0x0000026782679c80 7815       1       javax.management.remote.rmi.RMIConnectionImpl::doOperation (683 bytes)
Event: 83.084 Thread 0x0000026782679c80 nmethod 7815 0x00000267f7e81690 code [0x00000267f7e81c00, 0x00000267f7e83730]
Event: 83.084 Thread 0x0000026782679c80 7816   !   1       com.sun.jmx.remote.internal.ServerCommunicatorAdmin::rspOutgoing (76 bytes)
Event: 83.084 Thread 0x0000026782679c80 nmethod 7816 0x00000267f7e80710 code [0x00000267f7e809a0, 0x00000267f7e80fb8]
Event: 84.099 Thread 0x0000026782679c80 7817   !   1       jdk.internal.reflect.GeneratedSerializationConstructorAccessor10::newInstance (49 bytes)
Event: 84.099 Thread 0x0000026782679c80 nmethod 7817 0x00000267f7e80110 code [0x00000267f7e802e0, 0x00000267f7e80590]
Event: 84.099 Thread 0x0000026782679c80 7818   !   1       javax.management.ObjectName::readObject (122 bytes)
Event: 84.100 Thread 0x0000026782679c80 nmethod 7818 0x00000267f7e7f510 code [0x00000267f7e7f780, 0x00000267f7e7fcf8]
Event: 86.982 Thread 0x0000026782679c80 7819 % !   1       org.apache.kafka.clients.consumer.internals.LegacyKafkaConsumer::poll @ 36 (239 bytes)
Event: 86.984 Thread 0x0000026782679c80 nmethod 7819% 0x00000267f7e7c310 code [0x00000267f7e7c720, 0x00000267f7e7e178]
Event: 86.990 Thread 0x0000026782679c80 7820   !   1       org.apache.kafka.clients.consumer.internals.LegacyKafkaConsumer::poll (239 bytes)
Event: 86.991 Thread 0x0000026782679c80 nmethod 7820 0x00000267f7e79810 code [0x00000267f7e79c20, 0x00000267f7e7b068]

GC Heap History (20 events):
Event: 2.829 GC heap after
{Heap after GC invocations=10 (full 0):
 garbage-first heap   total 98304K, used 30457K [0x000000070a400000, 0x0000000800000000)
  region size 2048K, 3 young (6144K), 3 survivors (6144K)
 Metaspace       used 46245K, committed 46912K, reserved 1114112K
  class space    used 6538K, committed 6848K, reserved 1048576K
}
Event: 3.402 GC heap before
{Heap before GC invocations=10 (full 0):
 garbage-first heap   total 98304K, used 69369K [0x000000070a400000, 0x0000000800000000)
  region size 2048K, 23 young (47104K), 3 survivors (6144K)
 Metaspace       used 59557K, committed 60160K, reserved 1114112K
  class space    used 8350K, committed 8640K, reserved 1048576K
}
Event: 3.406 GC heap after
{Heap after GC invocations=11 (full 0):
 garbage-first heap   total 98304K, used 33753K [0x000000070a400000, 0x0000000800000000)
  region size 2048K, 4 young (8192K), 4 survivors (8192K)
 Metaspace       used 59557K, committed 60160K, reserved 1114112K
  class space    used 8350K, committed 8640K, reserved 1048576K
}
Event: 3.935 GC heap before
{Heap before GC invocations=12 (full 0):
 garbage-first heap   total 98304K, used 78809K [0x000000070a400000, 0x0000000800000000)
  region size 2048K, 26 young (53248K), 4 survivors (8192K)
 Metaspace       used 69306K, committed 69952K, reserved 1114112K
  class space    used 9880K, committed 10176K, reserved 1048576K
}
Event: 3.940 GC heap after
{Heap after GC invocations=13 (full 0):
 garbage-first heap   total 98304K, used 36699K [0x000000070a400000, 0x0000000800000000)
  region size 2048K, 4 young (8192K), 4 survivors (8192K)
 Metaspace       used 69306K, committed 69952K, reserved 1114112K
  class space    used 9880K, committed 10176K, reserved 1048576K
}
Event: 4.394 GC heap before
{Heap before GC invocations=13 (full 0):
 garbage-first heap   total 98304K, used 81755K [0x000000070a400000, 0x0000000800000000)
  region size 2048K, 26 young (53248K), 4 survivors (8192K)
 Metaspace       used 74616K, committed 75392K, reserved 1114112K
  class space    used 10690K, committed 11008K, reserved 1048576K
}
Event: 4.400 GC heap after
{Heap after GC invocations=14 (full 0):
 garbage-first heap   total 98304K, used 40787K [0x000000070a400000, 0x0000000800000000)
  region size 2048K, 4 young (8192K), 4 survivors (8192K)
 Metaspace       used 74616K, committed 75392K, reserved 1114112K
  class space    used 10690K, committed 11008K, reserved 1048576K
}
Event: 4.801 GC heap before
{Heap before GC invocations=14 (full 0):
 garbage-first heap   total 98304K, used 81747K [0x000000070a400000, 0x0000000800000000)
  region size 2048K, 24 young (49152K), 4 survivors (8192K)
 Metaspace       used 79754K, committed 80640K, reserved 1179648K
  class space    used 11511K, committed 11904K, reserved 1048576K
}
Event: 4.806 GC heap after
{Heap after GC invocations=15 (full 0):
 garbage-first heap   total 118784K, used 43941K [0x000000070a400000, 0x0000000800000000)
  region size 2048K, 2 young (4096K), 2 survivors (4096K)
 Metaspace       used 79754K, committed 80640K, reserved 1179648K
  class space    used 11511K, committed 11904K, reserved 1048576K
}
Event: 20.827 GC heap before
{Heap before GC invocations=15 (full 0):
 garbage-first heap   total 118784K, used 97189K [0x000000070a400000, 0x0000000800000000)
  region size 2048K, 29 young (59392K), 2 survivors (4096K)
 Metaspace       used 91352K, committed 92288K, reserved 1179648K
  class space    used 12763K, committed 13184K, reserved 1048576K
}
Event: 20.831 GC heap after
{Heap after GC invocations=16 (full 0):
 garbage-first heap   total 118784K, used 46650K [0x000000070a400000, 0x0000000800000000)
  region size 2048K, 4 young (8192K), 4 survivors (8192K)
 Metaspace       used 91352K, committed 92288K, reserved 1179648K
  class space    used 12763K, committed 13184K, reserved 1048576K
}
Event: 86.617 GC heap before
{Heap before GC invocations=16 (full 0):
 garbage-first heap   total 118784K, used 99898K [0x000000070a400000, 0x0000000800000000)
  region size 2048K, 30 young (61440K), 4 survivors (8192K)
 Metaspace       used 91399K, committed 92352K, reserved 1179648K
  class space    used 12773K, committed 13184K, reserved 1048576K
}
Event: 86.621 GC heap after
{Heap after GC invocations=17 (full 0):
 garbage-first heap   total 118784K, used 46984K [0x000000070a400000, 0x0000000800000000)
  region size 2048K, 2 young (4096K), 2 survivors (4096K)
 Metaspace       used 91399K, committed 92352K, reserved 1179648K
  class space    used 12773K, committed 13184K, reserved 1048576K
}
Event: 86.717 GC heap before
{Heap before GC invocations=17 (full 0):
 garbage-first heap   total 118784K, used 104328K [0x000000070a400000, 0x0000000800000000)
  region size 2048K, 30 young (61440K), 2 survivors (4096K)
 Metaspace       used 91399K, committed 92352K, reserved 1179648K
  class space    used 12773K, committed 13184K, reserved 1048576K
}
Event: 86.719 GC heap after
{Heap after GC invocations=18 (full 0):
 garbage-first heap   total 118784K, used 46737K [0x000000070a400000, 0x0000000800000000)
  region size 2048K, 2 young (4096K), 2 survivors (4096K)
 Metaspace       used 91399K, committed 92352K, reserved 1179648K
  class space    used 12773K, committed 13184K, reserved 1048576K
}
Event: 86.816 GC heap before
{Heap before GC invocations=18 (full 0):
 garbage-first heap   total 118784K, used 104081K [0x000000070a400000, 0x0000000800000000)
  region size 2048K, 30 young (61440K), 2 survivors (4096K)
 Metaspace       used 91399K, committed 92352K, reserved 1179648K
  class space    used 12773K, committed 13184K, reserved 1048576K
}
Event: 86.818 GC heap after
{Heap after GC invocations=19 (full 0):
 garbage-first heap   total 118784K, used 46643K [0x000000070a400000, 0x0000000800000000)
  region size 2048K, 2 young (4096K), 2 survivors (4096K)
 Metaspace       used 91399K, committed 92352K, reserved 1179648K
  class space    used 12773K, committed 13184K, reserved 1048576K
}
Event: 86.916 GC heap before
{Heap before GC invocations=19 (full 0):
 garbage-first heap   total 118784K, used 103987K [0x000000070a400000, 0x0000000800000000)
  region size 2048K, 30 young (61440K), 2 survivors (4096K)
 Metaspace       used 91399K, committed 92352K, reserved 1179648K
  class space    used 12773K, committed 13184K, reserved 1048576K
}
Event: 86.919 GC heap after
{Heap after GC invocations=20 (full 0):
 garbage-first heap   total 118784K, used 46546K [0x000000070a400000, 0x0000000800000000)
  region size 2048K, 2 young (4096K), 2 survivors (4096K)
 Metaspace       used 91399K, committed 92352K, reserved 1179648K
  class space    used 12773K, committed 13184K, reserved 1048576K
}
Event: 87.015 GC heap before
{Heap before GC invocations=20 (full 0):
 garbage-first heap   total 118784K, used 103890K [0x000000070a400000, 0x0000000800000000)
  region size 2048K, 30 young (61440K), 2 survivors (4096K)
 Metaspace       used 91399K, committed 92352K, reserved 1179648K
  class space    used 12773K, committed 13184K, reserved 1048576K
}

Dll operation events (13 events):
Event: 0.007 Loaded shared library C:\Program Files\Java\jdk-21\bin\java.dll
Event: 0.131 Loaded shared library C:\Program Files\Java\jdk-21\bin\zip.dll
Event: 0.134 Loaded shared library C:\Program Files\Java\jdk-21\bin\instrument.dll
Event: 0.138 Loaded shared library C:\Program Files\Java\jdk-21\bin\net.dll
Event: 0.139 Loaded shared library C:\Program Files\Java\jdk-21\bin\nio.dll
Event: 0.141 Loaded shared library C:\Program Files\Java\jdk-21\bin\zip.dll
Event: 0.244 Loaded shared library C:\Program Files\Java\jdk-21\bin\jimage.dll
Event: 0.247 Loaded shared library C:\Program Files\JetBrains\IntelliJ IDEA 2024.3.2.2\bin\breakgen64.dll
Event: 0.257 Loaded shared library C:\Program Files\Java\jdk-21\bin\extnet.dll
Event: 0.268 Loaded shared library C:\Program Files\Java\jdk-21\bin\management.dll
Event: 0.280 Loaded shared library C:\Program Files\Java\jdk-21\bin\management_ext.dll
Event: 1.430 Loaded shared library C:\Program Files\Java\jdk-21\bin\sunmscapi.dll
Event: 2.637 Loaded shared library C:\Program Files\Java\jdk-21\bin\verify.dll

Deoptimization events (12 events):
Event: 4.869 Thread 0x00000267ed0a5720 DEOPT PACKING pc=0x00000267f7c87c94 sp=0x000000f5d3afdc90
Event: 4.869 Thread 0x00000267ed0a5720 DEOPT UNPACKING pc=0x00000267f7094e42 sp=0x000000f5d3afd138 mode 0
Event: 5.207 Thread 0x00000267cbe0f430 DEOPT PACKING pc=0x00000267f7a5ac54 sp=0x000000f5d78fdd30
Event: 5.207 Thread 0x00000267cbe0f430 DEOPT UNPACKING pc=0x00000267f7094e42 sp=0x000000f5d78fd1f0 mode 0
Event: 5.215 Thread 0x00000267c854ef70 DEOPT PACKING pc=0x00000267f7b37c24 sp=0x000000f5d57feca0
Event: 5.215 Thread 0x00000267c854ef70 DEOPT UNPACKING pc=0x00000267f7094e42 sp=0x000000f5d57fe1c8 mode 0
Event: 5.215 Thread 0x00000267c854ef70 DEOPT PACKING pc=0x00000267f76eaa5c sp=0x000000f5d57fef50
Event: 5.215 Thread 0x00000267c854ef70 DEOPT UNPACKING pc=0x00000267f7094e42 sp=0x000000f5d57fe490 mode 0
Event: 7.423 Thread 0x00000267ca423d70 DEOPT PACKING pc=0x00000267f76cf824 sp=0x000000f5d61fedd0
Event: 7.423 Thread 0x00000267ca423d70 DEOPT UNPACKING pc=0x00000267f7094e42 sp=0x000000f5d61fe318 mode 0
Event: 20.831 Thread 0x00000267ffba8cf0 DEOPT PACKING pc=0x00000267f76cf824 sp=0x000000f5d49fee20
Event: 20.831 Thread 0x00000267ffba8cf0 DEOPT UNPACKING pc=0x00000267f7094e42 sp=0x000000f5d49fe368 mode 0

Classes loaded (20 events):
Event: 5.240 Loading class javax/management/remote/rmi/RMIConnectionImpl$7
Event: 5.240 Loading class javax/management/remote/rmi/RMIConnectionImpl$7 done
Event: 5.240 Loading class com/sun/jmx/remote/util/OrderClassLoaders
Event: 5.240 Loading class com/sun/jmx/remote/util/OrderClassLoaders done
Event: 5.241 Loading class javax/management/remote/rmi/RMIConnectionImpl$SetCcl
Event: 5.241 Loading class javax/management/remote/rmi/RMIConnectionImpl$SetCcl done
Event: 5.241 Loading class java/rmi/MarshalledObject$MarshalledObjectInputStream
Event: 5.241 Loading class java/rmi/MarshalledObject$MarshalledObjectInputStream done
Event: 5.243 Loading class sun/nio/ch/IOVecWrapper
Event: 5.243 Loading class sun/nio/ch/IOVecWrapper done
Event: 5.243 Loading class sun/nio/ch/AllocatedNativeObject
Event: 5.243 Loading class sun/nio/ch/NativeObject
Event: 5.243 Loading class sun/nio/ch/NativeObject done
Event: 5.243 Loading class sun/nio/ch/AllocatedNativeObject done
Event: 5.243 Loading class sun/nio/ch/IOVecWrapper$Deallocator
Event: 5.244 Loading class sun/nio/ch/IOVecWrapper$Deallocator done
Event: 5.267 Loading class java/lang/ExceptionInInitializerError
Event: 5.267 Loading class java/lang/ExceptionInInitializerError done
Event: 8.333 Loading class java/util/TreeMap$KeySpliterator
Event: 8.333 Loading class java/util/TreeMap$KeySpliterator done

Classes unloaded (0 events):
No events

Classes redefined (0 events):
No events

Internal exceptions (20 events):
Event: 4.579 Thread 0x00000267ed0a5720 Exception <a 'java/lang/NoSuchMethodError'{0x000000070f14e638}: 'java.lang.Object java.lang.invoke.DirectMethodHandle$Holder.invokeVirtual(java.lang.Object, java.lang.Object, java.lang.Object, java.lang.Object, java.lang.Object, java.lang.Object, java.lang.Object)'> (0x000000070f14e638) 
thrown [s\open\src\hotspot\share\interpreter\linkResolver.cpp, line 773]
Event: 4.632 Thread 0x00000267ed0a5720 Exception <a 'java/lang/NoSuchMethodError'{0x000000070e9807c0}: 'java.lang.Object java.lang.invoke.DirectMethodHandle$Holder.invokeStatic(java.lang.Object, java.lang.Object, java.lang.Object, java.lang.Object, int, java.lang.Object, java.lang.Object)'> (0x000000070e9807c0) 
thrown [s\open\src\hotspot\share\interpreter\linkResolver.cpp, line 773]
Event: 4.655 Thread 0x00000267ed0a5720 Exception <a 'java/lang/NoSuchMethodError'{0x000000070e78d968}: 'int java.lang.invoke.DirectMethodHandle$Holder.invokeStatic(java.lang.Object, int, int, int, int)'> (0x000000070e78d968) 
thrown [s\open\src\hotspot\share\interpreter\linkResolver.cpp, line 773]
Event: 4.833 Thread 0x00000267ed0a5720 Exception <a 'java/lang/NoSuchMethodError'{0x00000007199a5328}: 'java.lang.Object java.lang.invoke.DirectMethodHandle$Holder.invokeStatic(java.lang.Object, int, int)'> (0x00000007199a5328) 
thrown [s\open\src\hotspot\share\interpreter\linkResolver.cpp, line 773]
Event: 4.853 Thread 0x00000267ed0a5720 Exception <a 'java/lang/NoSuchMethodError'{0x0000000719706c30}: 'java.lang.Object java.lang.invoke.DelegatingMethodHandle$Holder.reinvoke_L(java.lang.Object, int, int, long, java.lang.Object, long, long, long)'> (0x0000000719706c30) 
thrown [s\open\src\hotspot\share\interpreter\linkResolver.cpp, line 773]
Event: 4.854 Thread 0x00000267ed0a5720 Exception <a 'java/lang/NoSuchMethodError'{0x000000071972a3b8}: 'java.lang.Object java.lang.invoke.DelegatingMethodHandle$Holder.reinvoke_L(java.lang.Object, java.lang.Object, java.lang.Object, java.lang.Object, java.lang.Object, java.lang.Object, java.lang.Object, java.lang.Object, java.lang.Object, java.lang.Object, java.lang.Object, java.lang.Object, java.lang.Object, java.lang.Object, int, java.lang.Object, java.lang.Object, java.lang.Object, java.lang.Object, java.lang.Object, java.lang.Object, java.l
Event: 4.856 Thread 0x00000267ed0a5720 Exception <a 'java/lang/NoSuchMethodError'{0x000000071977fe08}: 'java.lang.Object java.lang.invoke.DirectMethodHandle$Holder.invokeStatic(java.lang.Object, java.lang.Object, java.lang.Object, java.lang.Object, java.lang.Object, java.lang.Object, java.lang.Object, java.lang.Object, java.lang.Object, java.lang.Object, java.lang.Object, java.lang.Object, java.lang.Object)'> (0x000000071977fe08) 
thrown [s\open\src\hotspot\share\interpreter\linkResolver.cpp, line 773]
Event: 4.857 Thread 0x00000267ed0a5720 Exception <a 'java/lang/NoSuchMethodError'{0x00000007197a0678}: 'java.lang.Object java.lang.invoke.DirectMethodHandle$Holder.invokeStatic(java.lang.Object, java.lang.Object, java.lang.Object, java.lang.Object, java.lang.Object, java.lang.Object, java.lang.Object, java.lang.Object, java.lang.Object, java.lang.Object, java.lang.Object, java.lang.Object, java.lang.Object, java.lang.Object)'> (0x00000007197a0678) 
thrown [s\open\src\hotspot\share\interpreter\linkResolver.cpp, line 773]
Event: 4.857 Thread 0x00000267ed0a5720 Exception <a 'java/lang/NoSuchMethodError'{0x00000007197b8410}: 'java.lang.Object java.lang.invoke.DelegatingMethodHandle$Holder.reinvoke_L(java.lang.Object, java.lang.Object, java.lang.Object, java.lang.Object, java.lang.Object, java.lang.Object, java.lang.Object, java.lang.Object, java.lang.Object, java.lang.Object, java.lang.Object, java.lang.Object, java.lang.Object, java.lang.Object, java.lang.Object, java.lang.Object, java.lang.Object, java.lang.Object, java.lang.Object, java.lang.Object, java.lang.O
Event: 5.037 Thread 0x00000267ed0a5720 Exception <a 'java/lang/NoSuchMethodError'{0x00000007103a4988}: 'void java.lang.invoke.DirectMethodHandle$Holder.invokeStaticInit(java.lang.Object)'> (0x00000007103a4988) 
thrown [s\open\src\hotspot\share\interpreter\linkResolver.cpp, line 773]
Event: 5.239 Thread 0x00000267cbe14980 Exception <a 'java/lang/NoSuchMethodError'{0x000000070ed7df28}: 'java.lang.Object java.lang.invoke.DirectMethodHandle$Holder.invokeInterface(java.lang.Object, java.lang.Object, java.lang.Object, java.lang.Object, java.lang.Object, java.lang.Object, java.lang.Object)'> (0x000000070ed7df28) 
thrown [s\open\src\hotspot\share\interpreter\linkResolver.cpp, line 773]
Event: 5.242 Thread 0x00000267cbe0f430 Exception <a 'java/lang/NoSuchMethodError'{0x000000070edcf2d0}: 'java.lang.Object java.lang.invoke.DirectMethodHandle$Holder.newInvokeSpecial(java.lang.Object, java.lang.Object, long)'> (0x000000070edcf2d0) 
thrown [s\open\src\hotspot\share\interpreter\linkResolver.cpp, line 773]
Event: 8.341 Thread 0x00000267cbe0f430 Exception <a 'java/lang/NoSuchMethodError'{0x000000070e5a63b8}: 'java.lang.Object java.lang.invoke.DirectMethodHandle$Holder.invokeVirtual(java.lang.Object, java.lang.Object, int)'> (0x000000070e5a63b8) 
thrown [s\open\src\hotspot\share\interpreter\linkResolver.cpp, line 773]
Event: 8.861 Thread 0x00000267cbe0f430 Exception <a 'java/lang/NoSuchMethodError'{0x000000070e2a6fc0}: 'java.lang.Object java.lang.invoke.DirectMethodHandle$Holder.newInvokeSpecial(java.lang.Object, int, java.lang.Object, java.lang.Object)'> (0x000000070e2a6fc0) 
thrown [s\open\src\hotspot\share\interpreter\linkResolver.cpp, line 773]
Event: 84.513 Thread 0x00000267cbe12f40 Exception <a 'java/io/IOException'{0x0000000717ef8448}> (0x0000000717ef8448) 
thrown [s\open\src\hotspot\share\prims\jni.cpp, line 520]
Event: 86.522 Thread 0x00000267cbe12f40 StackOverflowError at 0x00000267f74d8f00
Event: 86.522 Thread 0x00000267cbe12f40 Exception <a 'java/lang/StackOverflowError'{0x0000000717eff250}> (0x0000000717eff250) 
thrown [s\open\src\hotspot\share\runtime\sharedRuntime.cpp, line 625]
Event: 86.538 Thread 0x00000267cbe12f40 Exception <a 'java/lang/StackOverflowError'{0x0000000717eff250}> (0x0000000717eff250) 
thrown [s\open\src\hotspot\share\oops\instanceKlass.cpp, line 1180]
Event: 86.538 Thread 0x00000267cbe12f40 Exception <a 'java/lang/NoClassDefFoundError'{0x0000000717f00760}: Could not initialize class ch.qos.logback.classic.spi.ThrowableProxy> (0x0000000717f00760) 
thrown [s\open\src\hotspot\share\oops\instanceKlass.cpp, line 1098]
Event: 86.539 Thread 0x00000267cbe12f40 Exception <a 'java/lang/NoClassDefFoundError'{0x0000000717f00be8}: Could not initialize class ch.qos.logback.classic.spi.ThrowableProxy> (0x0000000717f00be8) 
thrown [s\open\src\hotspot\share\oops\instanceKlass.cpp, line 1098]

ZGC Phase Switch (0 events):
No events

VM Operations (20 events):
Event: 70.239 Executing VM operation: Cleanup done
Event: 75.291 Executing VM operation: Cleanup
Event: 75.291 Executing VM operation: Cleanup done
Event: 76.305 Executing VM operation: Cleanup
Event: 76.305 Executing VM operation: Cleanup done
Event: 77.316 Executing VM operation: Cleanup
Event: 77.316 Executing VM operation: Cleanup done
Event: 84.379 Executing VM operation: Cleanup
Event: 84.379 Executing VM operation: Cleanup done
Event: 85.382 Executing VM operation: Cleanup
Event: 86.538 Executing VM operation: Cleanup done
Event: 86.617 Executing VM operation: G1CollectForAllocation (G1 Evacuation Pause)
Event: 86.621 Executing VM operation: G1CollectForAllocation (G1 Evacuation Pause) done
Event: 86.717 Executing VM operation: G1CollectForAllocation (G1 Evacuation Pause)
Event: 86.719 Executing VM operation: G1CollectForAllocation (G1 Evacuation Pause) done
Event: 86.816 Executing VM operation: G1CollectForAllocation (G1 Evacuation Pause)
Event: 86.818 Executing VM operation: G1CollectForAllocation (G1 Evacuation Pause) done
Event: 86.916 Executing VM operation: G1CollectForAllocation (G1 Evacuation Pause)
Event: 86.919 Executing VM operation: G1CollectForAllocation (G1 Evacuation Pause) done
Event: 87.015 Executing VM operation: G1CollectForAllocation (G1 Evacuation Pause)

Events (20 events):
Event: 8.537 Thread 0x00000267cab770e0 Thread exited: 0x00000267cab770e0
Event: 11.377 Thread 0x0000026782775b60 Thread exited: 0x0000026782775b60
Event: 34.879 Thread 0x00000267cbe15010 Thread added: 0x00000267cbe15010
Event: 34.879 Thread 0x00000267cbe13c60 Thread added: 0x00000267cbe13c60
Event: 34.882 Thread 0x0000026782a65610 Thread added: 0x0000026782a65610
Event: 39.512 Thread 0x00000267c895a720 Thread added: 0x00000267c895a720
Event: 39.512 Thread 0x00000267c8aa1d50 Thread added: 0x00000267c8aa1d50
Event: 40.106 Thread 0x00000267c8aa1d50 Thread exited: 0x00000267c8aa1d50
Event: 40.516 Thread 0x00000267c895a720 Thread exited: 0x00000267c895a720
Event: 41.521 Thread 0x0000026782a65610 Thread exited: 0x0000026782a65610
Event: 56.586 Thread 0x00000267c836bfb0 Thread added: 0x00000267c836bfb0
Event: 56.586 Thread 0x00000267c8951ec0 Thread added: 0x00000267c8951ec0
Event: 56.587 Thread 0x00000267c8507ee0 Thread added: 0x00000267c8507ee0
Event: 58.095 Thread 0x00000267c8507ee0 Thread exited: 0x00000267c8507ee0
Event: 58.095 Thread 0x00000267c8951ec0 Thread exited: 0x00000267c8951ec0
Event: 64.893 Thread 0x00000267cb979210 Thread exited: 0x00000267cb979210
Event: 69.897 Thread 0x00000267c836bfb0 Thread exited: 0x00000267c836bfb0
Event: 74.973 Thread 0x00000267c8951ec0 Thread added: 0x00000267c8951ec0
Event: 75.475 Thread 0x00000267c8951ec0 Thread exited: 0x00000267c8951ec0
Event: 86.539 Thread 0x00000267cbe12f40 Thread exited: 0x00000267cbe12f40


Dynamic libraries:
0x00007ff7ef240000 - 0x00007ff7ef250000 	C:\Program Files\Java\jdk-21\bin\java.exe
0x00007fffbbce0000 - 0x00007fffbbf40000 	C:\WINDOWS\SYSTEM32\ntdll.dll
0x00007fffbace0000 - 0x00007fffbada7000 	C:\WINDOWS\System32\KERNEL32.DLL
0x00007fffb9460000 - 0x00007fffb982a000 	C:\WINDOWS\System32\KERNELBASE.dll
0x00007fffb9310000 - 0x00007fffb945b000 	C:\WINDOWS\System32\ucrtbase.dll
0x00007fffb5b30000 - 0x00007fffb5b49000 	C:\Program Files\Java\jdk-21\bin\jli.dll
0x00007fffb3b70000 - 0x00007fffb3b8b000 	C:\Program Files\Java\jdk-21\bin\VCRUNTIME140.dll
0x00007fffba3e0000 - 0x00007fffba492000 	C:\WINDOWS\System32\ADVAPI32.dll
0x00007fffba030000 - 0x00007fffba0d9000 	C:\WINDOWS\System32\msvcrt.dll
0x00007fffb9ef0000 - 0x00007fffb9f96000 	C:\WINDOWS\System32\sechost.dll
0x00007fffba0e0000 - 0x00007fffba1f6000 	C:\WINDOWS\System32\RPCRT4.dll
0x00007fffba860000 - 0x00007fffbaa2c000 	C:\WINDOWS\System32\USER32.dll
0x00007fffa5650000 - 0x00007fffa58e7000 	C:\WINDOWS\WinSxS\amd64_microsoft.windows.common-controls_6595b64144ccf1df_6.0.26100.3624_none_3e086962e3345f24\COMCTL32.dll
0x00007fffb8ec0000 - 0x00007fffb8ee7000 	C:\WINDOWS\System32\win32u.dll
0x00007fffba690000 - 0x00007fffba6ba000 	C:\WINDOWS\System32\GDI32.dll
0x00007fffb98f0000 - 0x00007fffb9a21000 	C:\WINDOWS\System32\gdi32full.dll
0x00007fffb9a30000 - 0x00007fffb9ad3000 	C:\WINDOWS\System32\msvcp_win.dll
0x00007fffb0260000 - 0x00007fffb026b000 	C:\WINDOWS\SYSTEM32\VERSION.dll
0x00007fffbaca0000 - 0x00007fffbaccf000 	C:\WINDOWS\System32\IMM32.DLL
0x00007fffb3b60000 - 0x00007fffb3b6c000 	C:\Program Files\Java\jdk-21\bin\vcruntime140_1.dll
0x00007fffa8060000 - 0x00007fffa80ee000 	C:\Program Files\Java\jdk-21\bin\msvcp140.dll
0x00007fff654c0000 - 0x00007fff661d7000 	C:\Program Files\Java\jdk-21\bin\server\jvm.dll
0x00007fffbbc20000 - 0x00007fffbbc94000 	C:\WINDOWS\System32\WS2_32.dll
0x00007fffb82f0000 - 0x00007fffb834e000 	C:\WINDOWS\SYSTEM32\POWRPROF.dll
0x00007fffac670000 - 0x00007fffac6a6000 	C:\WINDOWS\SYSTEM32\WINMM.dll
0x00007fffb82d0000 - 0x00007fffb82e4000 	C:\WINDOWS\SYSTEM32\UMPDC.dll
0x00007fffb7ca0000 - 0x00007fffb7cba000 	C:\WINDOWS\SYSTEM32\kernel.appcore.dll
0x00007fffb2c20000 - 0x00007fffb2c2a000 	C:\Program Files\Java\jdk-21\bin\jimage.dll
0x00007fffb68e0000 - 0x00007fffb6b21000 	C:\WINDOWS\SYSTEM32\DBGHELP.DLL
0x00007fffb9ae0000 - 0x00007fffb9e62000 	C:\WINDOWS\System32\combase.dll
0x00007fffbadb0000 - 0x00007fffbae86000 	C:\WINDOWS\System32\OLEAUT32.dll
0x00007fffa3f20000 - 0x00007fffa3f59000 	C:\WINDOWS\SYSTEM32\dbgcore.DLL
0x00007fffb9060000 - 0x00007fffb90f9000 	C:\WINDOWS\System32\bcryptPrimitives.dll
0x00007fffb0a60000 - 0x00007fffb0a6f000 	C:\Program Files\Java\jdk-21\bin\instrument.dll
0x00007fffb2c00000 - 0x00007fffb2c1f000 	C:\Program Files\Java\jdk-21\bin\java.dll
0x00007fffbb4f0000 - 0x00007fffbbc19000 	C:\WINDOWS\System32\SHELL32.dll
0x00007fffb8ef0000 - 0x00007fffb9058000 	C:\WINDOWS\System32\wintypes.dll
0x00007fffb6b40000 - 0x00007fffb7392000 	C:\WINDOWS\SYSTEM32\windows.storage.dll
0x00007fffbaab0000 - 0x00007fffbab9d000 	C:\WINDOWS\System32\SHCORE.dll
0x00007fffbaff0000 - 0x00007fffbb054000 	C:\WINDOWS\System32\shlwapi.dll
0x00007fffb8dd0000 - 0x00007fffb8dff000 	C:\WINDOWS\SYSTEM32\profapi.dll
0x00007fffa8800000 - 0x00007fffa8818000 	C:\Program Files\Java\jdk-21\bin\zip.dll
0x00007fffb0a50000 - 0x00007fffb0a60000 	C:\Program Files\Java\jdk-21\bin\net.dll
0x00007fffb0a70000 - 0x00007fffb0b8d000 	C:\WINDOWS\SYSTEM32\WINHTTP.dll
0x00007fffb8260000 - 0x00007fffb82ca000 	C:\WINDOWS\system32\mswsock.dll
0x00007fffa8850000 - 0x00007fffa8866000 	C:\Program Files\Java\jdk-21\bin\nio.dll
0x00007fffa87e0000 - 0x00007fffa87fa000 	C:\Program Files\JetBrains\IntelliJ IDEA 2024.3.2.2\bin\breakgen64.dll
0x00007fffb76e0000 - 0x00007fffb7805000 	C:\WINDOWS\SYSTEM32\DNSAPI.dll
0x00007fffb76a0000 - 0x00007fffb76d3000 	C:\WINDOWS\SYSTEM32\IPHLPAPI.DLL
0x00007fffba250000 - 0x00007fffba25a000 	C:\WINDOWS\System32\NSI.dll
0x00007fffa8840000 - 0x00007fffa8849000 	C:\Program Files\Java\jdk-21\bin\extnet.dll
0x00007fffb2270000 - 0x00007fffb227b000 	C:\Windows\System32\rasadhlp.dll
0x00007fffaf1b0000 - 0x00007fffaf235000 	C:\WINDOWS\System32\fwpuclnt.dll
0x00007fffa81c0000 - 0x00007fffa81ca000 	C:\Program Files\Java\jdk-21\bin\management.dll
0x00007fffa81b0000 - 0x00007fffa81bb000 	C:\Program Files\Java\jdk-21\bin\management_ext.dll
0x00007fffba3c0000 - 0x00007fffba3c8000 	C:\WINDOWS\System32\PSAPI.DLL
0x00007fffb85b0000 - 0x00007fffb85cc000 	C:\WINDOWS\SYSTEM32\CRYPTSP.dll
0x00007fffb7c00000 - 0x00007fffb7c3a000 	C:\WINDOWS\system32\rsaenh.dll
0x00007fffb83b0000 - 0x00007fffb83db000 	C:\WINDOWS\SYSTEM32\USERENV.dll
0x00007fffb8da0000 - 0x00007fffb8dc6000 	C:\WINDOWS\SYSTEM32\bcrypt.dll
0x00007fffb85d0000 - 0x00007fffb85dc000 	C:\WINDOWS\SYSTEM32\CRYPTBASE.dll
0x00007fffa5ba0000 - 0x00007fffa5bb8000 	C:\WINDOWS\system32\napinsp.dll
0x00007fffa5b80000 - 0x00007fffa5b92000 	C:\WINDOWS\System32\winrnr.dll
0x00007fff97ce0000 - 0x00007fff97d10000 	C:\WINDOWS\system32\nlansp_c.dll
0x00007fffb0930000 - 0x00007fffb0946000 	C:\WINDOWS\system32\wshbth.dll
0x00007fffa4e10000 - 0x00007fffa4e5e000 	C:\WINDOWS\SYSTEM32\pdh.dll
0x00007fff971b0000 - 0x00007fff971c2000 	C:\WINDOWS\System32\perfproc.dll
0x00007fff97190000 - 0x00007fff971a1000 	C:\WINDOWS\System32\perfos.dll
0x00007fffb5e20000 - 0x00007fffb5e32000 	C:\WINDOWS\SYSTEM32\pfclient.dll
0x00007fffb0a30000 - 0x00007fffb0a3e000 	C:\Program Files\Java\jdk-21\bin\sunmscapi.dll
0x00007fffb9100000 - 0x00007fffb9277000 	C:\WINDOWS\System32\CRYPT32.dll
0x00007fffb87b0000 - 0x00007fffb87e0000 	C:\WINDOWS\SYSTEM32\ncrypt.dll
0x00007fffb8760000 - 0x00007fffb879f000 	C:\WINDOWS\SYSTEM32\NTASN1.dll
0x00007fffa81a0000 - 0x00007fffa81b0000 	C:\Program Files\Java\jdk-21\bin\verify.dll
0x00007fff28680000 - 0x00007fff28688000 	C:\WINDOWS\system32\wshunix.dll

dbghelp: loaded successfully - version: 4.0.5 - missing functions: none
symbol engine: initialized successfully - sym options: 0x614 - pdb path: .;C:\Program Files\Java\jdk-21\bin;C:\WINDOWS\SYSTEM32;C:\WINDOWS\WinSxS\amd64_microsoft.windows.common-controls_6595b64144ccf1df_6.0.26100.3624_none_3e086962e3345f24;C:\Program Files\Java\jdk-21\bin\server;C:\Program Files\JetBrains\IntelliJ IDEA 2024.3.2.2\bin

VM Arguments:
jvm_args: -XX:TieredStopAtLevel=1 -Dspring.output.ansi.enabled=always -Dcom.sun.management.jmxremote -Dspring.jmx.enabled=true -Dspring.liveBeansView.mbeanDomain -Dspring.application.admin.enabled=true -Dmanagement.endpoints.jmx.exposure.include=* -javaagent:C:\Program Files\JetBrains\IntelliJ IDEA 2024.3.2.2\lib\idea_rt.jar=53594:C:\Program Files\JetBrains\IntelliJ IDEA 2024.3.2.2\bin -Dfile.encoding=UTF-8 -Dsun.stdout.encoding=UTF-8 -Dsun.stderr.encoding=UTF-8 
java_command: com.ben.User.Service.UserServiceApplication
java_class_path (initial): D:\New folder\Netflix\User-Service\target\classes;C:\Users\sambh\.m2\repository\org\springframework\boot\spring-boot-starter-data-jpa\3.4.4\spring-boot-starter-data-jpa-3.4.4.jar;C:\Users\sambh\.m2\repository\org\springframework\boot\spring-boot-starter\3.4.4\spring-boot-starter-3.4.4.jar;C:\Users\sambh\.m2\repository\org\springframework\boot\spring-boot\3.4.4\spring-boot-3.4.4.jar;C:\Users\sambh\.m2\repository\org\springframework\boot\spring-boot-autoconfigure\3.4.4\spring-boot-autoconfigure-3.4.4.jar;C:\Users\sambh\.m2\repository\org\springframework\boot\spring-boot-starter-logging\3.4.4\spring-boot-starter-logging-3.4.4.jar;C:\Users\sambh\.m2\repository\org\apache\logging\log4j\log4j-to-slf4j\2.24.3\log4j-to-slf4j-2.24.3.jar;C:\Users\sambh\.m2\repository\org\apache\logging\log4j\log4j-api\2.24.3\log4j-api-2.24.3.jar;C:\Users\sambh\.m2\repository\org\slf4j\jul-to-slf4j\2.0.17\jul-to-slf4j-2.0.17.jar;C:\Users\sambh\.m2\repository\jakarta\annotation\jakarta.annotation-api\2.1.1\jakarta.annotation-api-2.1.1.jar;C:\Users\sambh\.m2\repository\org\yaml\snakeyaml\2.3\snakeyaml-2.3.jar;C:\Users\sambh\.m2\repository\org\springframework\boot\spring-boot-starter-jdbc\3.4.4\spring-boot-starter-jdbc-3.4.4.jar;C:\Users\sambh\.m2\repository\com\zaxxer\HikariCP\5.1.0\HikariCP-5.1.0.jar;C:\Users\sambh\.m2\repository\org\springframework\spring-jdbc\6.2.5\spring-jdbc-6.2.5.jar;C:\Users\sambh\.m2\repository\org\hibernate\orm\hibernate-core\6.6.11.Final\hibernate-core-6.6.11.Final.jar;C:\Users\sambh\.m2\repository\jakarta\persistence\jakarta.persistence-api\3.1.0\jakarta.persistence-api-3.1.0.jar;C:\Users\sambh\.m2\repository\jakarta\transaction\jakarta.transaction-api\2.0.1\jakarta.transaction-api-2.0.1.jar;C:\Users\sambh\.m2\repository\org\jboss\logging\jboss-logging\3.6.1.Final\jboss-logging-3.6.1.Final.jar;C:\Users\sambh\.m2\repository\org\hibernate\common\hibernate-commons-annotations\7.0.3.Final\hibernate-commons-annotations-7.0.3.Final.jar;C:\Users\sambh\.m2\repository\io\smallrye\jandex\3.2.0\jandex-3.2.0.jar;C:\Users\sambh\.m2\repository\com\fasterxml\classmate\1.7.0\classmate-1.7.0.jar;C:\Users\sambh\.m2\repository\net\bytebuddy\byte-buddy\1.15.11\byte-buddy-1.15.11.jar;C:\Users\sambh\.m2\repository\org\glassfish\jaxb\jaxb-runtime\4.0.5\jaxb-runtime-4.0.5.jar;C:\Users\sambh\.m2\repository\org\glassfish\jaxb\jaxb-core\4.0.5\jaxb-core-4.0.5.jar;C:\Users\sambh\.m2\repository\org\eclipse\angus\angus-activation\2.0.2\angus-activation-2.0.2.jar;C:\Users\sambh\.m2\repository\org\glassfish\jaxb\txw2\4.0.5\txw2-4.0.5.jar;C:\Users\sambh\.m2\repository\com\sun\istack\istack-commons-runtime\4.1.2\istack-commons-runtime-4.1.2.jar;C:\Users\sambh\.m2\repository\jakarta\inject\jakarta.inject-api\2.0.1\jakarta.inject-api-2.0.1.jar;C:\Users\sambh\.m2\repository\org\antlr\antlr4-runtime\4.13.0\antlr4-runtime-4.13.0.jar;C:\Users\sambh\.m2\repository\org\springframework\data\spring-data-jpa\3.4.4\spring-data-jpa-3.4.4.jar;C:\Users\sambh\.m2\repository\org\springframework\data\spring-data-commons\3.4.4\spring-data-commons-3.4.4.jar;C:\Users\sambh\.m2\repository\org\springframework\spring-orm\6.2.5\spring-orm-6.2.5.jar;C:\Users\sambh\.m2\repository\org\springframework\spring-beans\6.2.5\spring-beans-6.2.5.jar;C:\Users\sambh\.m2\repository\org\slf4j\slf4j-api\2.0.17\slf4j-api-2.0.17.jar;C:\Users\sambh\.m2\repository\org\springframework\spring-aspects\6.2.5\spring-aspects-6.2.5.jar;C:\Users\sambh\.m2\repository\org\aspectj\aspectjweaver\1.9.23\aspectjweaver-1.9.23.jar;C:\Users\sambh\.m2\repository\org\springframework\boot\spring-boot-starter-security\3.4.4\spring-boot-starter-security-3.4.4.jar;C:\Users\sambh\.m2\repository\org\springframework\spring-aop\6.2.5\spring-aop-6.2.5.jar;C:\Users\sambh\.m2\repository\org\springframework\security\spring-security-config\6.4.4\spring-security-config-6.4.4.jar;C:\Users\sambh\.m2\repository\org\springframework\security\spring-security-web\6.4.4\spring-security-web-6.4.4.jar;C:\Users\sambh\.m2\repository\org\springframework\spring-expression\6.2.5\spring-expression-6.2.5.jar;C:\Users\sambh\.m2\repository\org\springframework\boot\spring-boot-starter-validation\3.4.4\spring-boot-starter-validation-3.4.4.jar;C:\Users\sambh\.m2\repository\org\apache\tomcat\embed\tomcat-embed-el\10.1.39\tomcat-embed-el-10.1.39.jar;C:\Users\sambh\.m2\repository\org\hibernate\validator\hibernate-validator\8.0.2.Final\hibernate-validator-8.0.2.Final.jar;C:\Users\sambh\.m2\repository\jakarta\validation\jakarta.validation-api\3.0.2\jakarta.validation-api-3.0.2.jar;C:\Users\sambh\.m2\repository\org\springframework\boot\spring-boot-starter-web\3.4.4\spring-boot-starter-web-3.4.4.jar;C:\Users\sambh\.m2\repository\org\springframework\boot\spring-boot-starter-json\3.4.4\spring-boot-starter-json-3.4.4.jar;C:\Users\sambh\.m2\repository\com\fasterxml\jackson\datatype\jackson-datatype-jdk8\2.18.3\jackson-datatype-jdk8-2.18.3.jar;C:\Users\sambh\.m2\repository\com\fasterxml\jackson\datatype\jackson-datatype-jsr310\2.18.3\jackson-datatype-jsr310-2.18.3.jar;C:\Users\sambh\.m2\repository\com\fasterxml\jackson\module\jackson-module-parameter-names\2.18.3\jackson-module-parameter-names-2.18.3.jar;C:\Users\sambh\.m2\repository\org\springframework\boot\spring-boot-starter-tomcat\3.4.4\spring-boot-starter-tomcat-3.4.4.jar;C:\Users\sambh\.m2\repository\org\apache\tomcat\embed\tomcat-embed-core\10.1.39\tomcat-embed-core-10.1.39.jar;C:\Users\sambh\.m2\repository\org\apache\tomcat\embed\tomcat-embed-websocket\10.1.39\tomcat-embed-websocket-10.1.39.jar;C:\Users\sambh\.m2\repository\org\springframework\spring-web\6.2.5\spring-web-6.2.5.jar;C:\Users\sambh\.m2\repository\org\springframework\spring-webmvc\6.2.5\spring-webmvc-6.2.5.jar;C:\Users\sambh\.m2\repository\io\jsonwebtoken\jjwt-impl\0.12.5\jjwt-impl-0.12.5.jar;C:\Users\sambh\.m2\repository\io\jsonwebtoken\jjwt-api\0.12.5\jjwt-api-0.12.5.jar;C:\Users\sambh\.m2\repository\io\jsonwebtoken\jjwt-jackson\0.12.5\jjwt-jackson-0.12.5.jar;C:\Users\sambh\.m2\repository\com\fasterxml\jackson\core\jackson-databind\2.18.3\jackson-databind-2.18.3.jar;C:\Users\sambh\.m2\repository\com\fasterxml\jackson\core\jackson-annotations\2.18.3\jackson-annotations-2.18.3.jar;C:\Users\sambh\.m2\repository\com\fasterxml\jackson\core\jackson-core\2.18.3\jackson-core-2.18.3.jar;C:\Users\sambh\.m2\repository\com\mysql\mysql-connector-j\9.1.0\mysql-connector-j-9.1.0.jar;C:\Users\sambh\.m2\repository\org\projectlombok\lombok\1.18.36\lombok-1.18.36.jar;C:\Users\sambh\.m2\repository\jakarta\xml\bind\jakarta.xml.bind-api\4.0.2\jakarta.xml.bind-api-4.0.2.jar;C:\Users\sambh\.m2\repository\jakarta\activation\jakarta.activation-api\2.1.3\jakarta.activation-api-2.1.3.jar;C:\Users\sambh\.m2\repository\org\springframework\spring-core\6.2.5\spring-core-6.2.5.jar;C:\Users\sambh\.m2\repository\org\springframework\spring-jcl\6.2.5\spring-jcl-6.2.5.jar;C:\Users\sambh\.m2\repository\org\springframework\security\spring-security-core\6.4.4\spring-security-core-6.4.4.jar;C:\Users\sambh\.m2\repository\org\springframework\security\spring-security-crypto\6.4.4\spring-security-crypto-6.4.4.jar;C:\Users\sambh\.m2\repository\org\springframework\cloud\spring-cloud-starter\4.2.1\spring-cloud-starter-4.2.1.jar;C:\Users\sambh\.m2\repository\org\springframework\cloud\spring-cloud-context\4.2.1\spring-cloud-context-4.2.1.jar;C:\Users\sambh\.m2\repository\org\springframework\cloud\spring-cloud-commons\4.2.1\spring-cloud-commons-4.2.1.jar;C:\Users\sambh\.m2\repository\org\bouncycastle\bcprov-jdk18on\1.78.1\bcprov-jdk18on-1.78.1.jar;C:\Users\sambh\.m2\repository\org\springframework\cloud\spring-cloud-starter-netflix-eureka-client\4.2.1\spring-cloud-starter-netflix-eureka-client-4.2.1.jar;C:\Users\sambh\.m2\repository\org\springframework\cloud\spring-cloud-netflix-eureka-client\4.2.1\spring-cloud-netflix-eureka-client-4.2.1.jar;C:\Users\sambh\.m2\repository\org\apache\httpcomponents\client5\httpclient5\5.4.2\httpclient5-5.4.2.jar;C:\Users\sambh\.m2\repository\org\apache\httpcomponents\core5\httpcore5\5.3.3\httpcore5-5.3.3.jar;C:\Users\sambh\.m2\repository\org\apache\httpcomponents\core5\httpcore5-h2\5.3.3\httpcore5-h2-5.3.3.jar;C:\Users\sambh\.m2\repository\com\netflix\eureka\eureka-client\2.0.4\eureka-client-2.0.4.jar;C:\Users\sambh\.m2\repository\com\thoughtworks\xstream\xstream\1.4.20\xstream-1.4.20.jar;C:\Users\sambh\.m2\repository\io\github\x-stream\mxparser\1.2.2\mxparser-1.2.2.jar;C:\Users\sambh\.m2\repository\xmlpull\xmlpull\1.1.3.1\xmlpull-1.1.3.1.jar;C:\Users\sambh\.m2\repository\jakarta\ws\rs\jakarta.ws.rs-api\3.1.0\jakarta.ws.rs-api-3.1.0.jar;C:\Users\sambh\.m2\repository\com\netflix\spectator\spectator-api\1.7.3\spectator-api-1.7.3.jar;C:\Users\sambh\.m2\repository\org\apache\httpcomponents\httpclient\4.5.3\httpclient-4.5.3.jar;C:\Users\sambh\.m2\repository\org\apache\httpcomponents\httpcore\4.4.16\httpcore-4.4.16.jar;C:\Users\sambh\.m2\repository\commons-codec\commons-codec\1.17.2\commons-codec-1.17.2.jar;C:\Users\sambh\.m2\repository\commons-configuration\commons-configuration\1.10\commons-configuration-1.10.jar;C:\Users\sambh\.m2\repository\commons-lang\commons-lang\2.6\commons-lang-2.6.jar;C:\Users\sambh\.m2\repository\com\netflix\netflix-commons\netflix-eventbus\0.3.0\netflix-eventbus-0.3.0.jar;C:\Users\sambh\.m2\repository\com\netflix\netflix-commons\netflix-infix\0.3.0\netflix-infix-0.3.0.jar;C:\Users\sambh\.m2\repository\commons-jxpath\commons-jxpath\1.3\commons-jxpath-1.3.jar;C:\Users\sambh\.m2\repository\joda-time\joda-time\2.3\joda-time-2.3.jar;C:\Users\sambh\.m2\repository\org\antlr\antlr-runtime\3.4\antlr-runtime-3.4.jar;C:\Users\sambh\.m2\repository\org\antlr\stringtemplate\3.2.1\stringtemplate-3.2.1.jar;C:\Users\sambh\.m2\repository\antlr\antlr\2.7.7\antlr-2.7.7.jar;C:\Users\sambh\.m2\repository\com\google\guava\guava\14.0.1\guava-14.0.1.jar;C:\Users\sambh\.m2\repository\com\google\code\gson\gson\2.11.0\gson-2.11.0.jar;C:\Users\sambh\.m2\repository\com\netflix\servo\servo-core\0.5.3\servo-core-0.5.3.jar;C:\Users\sambh\.m2\repository\org\apache\commons\commons-math\2.2\commons-math-2.2.jar;C:\Users\sambh\.m2\repository\javax\annotation\javax.annotation-api\1.2\javax.annotation-api-1.2.jar;C:\Users\sambh\.m2\repository\org\codehaus\jettison\jettison\1.5.4\jettison-1.5.4.jar;C:\Users\sambh\.m2\repository\org\springframework\cloud\spring-cloud-starter-loadbalancer\4.2.1\spring-cloud-starter-loadbalancer-4.2.1.jar;C:\Users\sambh\.m2\repository\org\springframework\cloud\spring-cloud-loadbalancer\4.2.1\spring-cloud-loadbalancer-4.2.1.jar;C:\Users\sambh\.m2\repository\io\projectreactor\reactor-core\3.7.4\reactor-core-3.7.4.jar;C:\Users\sambh\.m2\repository\org\reactivestreams\reactive-streams\1.0.4\reactive-streams-1.0.4.jar;C:\Users\sambh\.m2\repository\io\projectreactor\addons\reactor-extra\3.5.2\reactor-extra-3.5.2.jar;C:\Users\sambh\.m2\repository\org\springframework\boot\spring-boot-starter-cache\3.4.4\spring-boot-starter-cache-3.4.4.jar;C:\Users\sambh\.m2\repository\org\springframework\spring-context-support\6.2.5\spring-context-support-6.2.5.jar;C:\Users\sambh\.m2\repository\com\stoyanr\evictor\1.0.0\evictor-1.0.0.jar;C:\Users\sambh\.m2\repository\org\springframework\kafka\spring-kafka\3.3.4\spring-kafka-3.3.4.jar;C:\Users\sambh\.m2\repository\org\springframework\spring-context\6.2.5\spring-context-6.2.5.jar;C:\Users\sambh\.m2\repository\org\springframework\spring-messaging\6.2.5\spring-messaging-6.2.5.jar;C:\Users\sambh\.m2\repository\org\springframework\spring-tx\6.2.5\spring-tx-6.2.5.jar;C:\Users\sambh\.m2\repository\org\springframework\retry\spring-retry\2.0.11\spring-retry-2.0.11.jar;C:\Users\sambh\.m2\repository\org\apache\kafka\kafka-clients\3.8.1\kafka-clients-3.8.1.jar;C:\Users\sambh\.m2\repository\com\github\luben\zstd-jni\1.5.6-4\zstd-jni-1.5.6-4.jar;C:\Users\sambh\.m2\repository\org\lz4\lz4-java\1.8.0\lz4-java-1.8.0.jar;C:\Users\sambh\.m2\repository\org\xerial\snappy\snappy-java\1.1.10.5\snappy-java-1.1.10.5.jar;C:\Users\sambh\.m2\repository\io\micrometer\micrometer-observation\1.14.5\micrometer-observation-1.14.5.jar;C:\Users\sambh\.m2\repository\io\micrometer\micrometer-commons\1.14.5\micrometer-commons-1.14.5.jar;C:\Users\sambh\.m2\repository\ch\qos\logback\logback-core\1.5.18\logback-core-1.5.18.jar;C:\Users\sambh\.m2\repository\ch\qos\logback\logback-classic\1.5.18\logback-classic-1.5.18.jar;C:\Users\sambh\.m2\repository\com\google\errorprone\error_prone_annotations\2.21.1\error_prone_annotations-2.21.1.jar
Launcher Type: SUN_STANDARD

[Global flags]
     intx CICompilerCount                          = 4                                         {product} {ergonomic}
     uint ConcGCThreads                            = 3                                         {product} {ergonomic}
     uint G1ConcRefinementThreads                  = 10                                        {product} {ergonomic}
   size_t G1HeapRegionSize                         = 2097152                                   {product} {ergonomic}
    uintx GCDrainStackTargetSize                   = 64                                        {product} {ergonomic}
   size_t InitialHeapSize                          = 257949696                                 {product} {ergonomic}
     bool ManagementServer                         = true                                      {product} {command line}
   size_t MarkStackSize                            = 4194304                                   {product} {ergonomic}
   size_t MaxHeapSize                              = 4123000832                                {product} {ergonomic}
   size_t MaxNewSize                               = 2472542208                                {product} {ergonomic}
   size_t MinHeapDeltaBytes                        = 2097152                                   {product} {ergonomic}
   size_t MinHeapSize                              = 8388608                                   {product} {ergonomic}
    uintx NonNMethodCodeHeapSize                   = 4096                                   {pd product} {ergonomic}
    uintx NonProfiledCodeHeapSize                  = 0                                      {pd product} {ergonomic}
     bool ProfileInterpreter                       = false                                  {pd product} {command line}
    uintx ProfiledCodeHeapSize                     = 0                                      {pd product} {ergonomic}
   size_t SoftMaxHeapSize                          = 4123000832                             {manageable} {ergonomic}
     intx TieredStopAtLevel                        = 1                                         {product} {command line}
     bool UseCompressedOops                        = true                           {product lp64_product} {ergonomic}
     bool UseG1GC                                  = true                                      {product} {ergonomic}
     bool UseLargePagesIndividualAllocation        = false                                  {pd product} {ergonomic}

Logging:
Log output configuration:
 #0: stdout all=warning uptime,level,tags foldmultilines=false
 #1: stderr all=off uptime,level,tags foldmultilines=false

Environment Variables:
PATH=C:\Program Files\Python312\Scripts\;C:\Program Files\Python312\;C:\Program Files\Common Files\Oracle\Java\javapath;C:\Windows\system32;C:\Windows;C:\Windows\System32\Wbem;C:\Windows\System32\WindowsPowerShell\v1.0\;C:\Windows\System32\OpenSSH\;C:\Program Files (x86)\NVIDIA Corporation\PhysX\Common;C:\Program Files\NVIDIA Corporation\NVIDIA NvDLISR;C:\WINDOWS\system32;C:\WINDOWS;C:\WINDOWS\System32\Wbem;C:\WINDOWS\System32\WindowsPowerShell\v1.0\;C:\WINDOWS\System32\OpenSSH\;C:\Program Files\Java\jdk-21\bin;C:\MinGW\bin;C:\Program Files\nodejs\;C:\ProgramData\chocolatey\bin;C:\Program Files\MongoDB\Server\7.0\bin;C:\Program Files\Docker\Docker\resources\bin;D:\Java\apache-maven-3.9.9\bin;C:\Program Files\Git\cmd;C:\Users\sambh\.cargo\bin;C:\Users\sambh\AppData\Local\Programs\Python\Launcher\;C:\Program Files\MySQL\MySQL Shell 8.0\bin\;C:\Users\sambh\AppData\Local\Microsoft\WindowsApps;C:\Users\sambh\AppData\Local\Programs\Microsoft VS Code\bin;C:\Program Files\JetBrains\IntelliJ IDEA Community Edition 2023.3.4\bin;;%MAVEN-HOME\bin;C:\Users\sambh\AppData\Roaming\npm;D:\MongoDB\;C:\Program Files\JetBrains\IntelliJ IDEA 2024.3.2.2\bin;;D:\PyCharm 2024.3.2\bin;;C:\Users\sambh\AppData\Local\GitHubDesktop\bin
USERNAME=sambh
OS=Windows_NT
PROCESSOR_IDENTIFIER=AMD64 Family 25 Model 80 Stepping 0, AuthenticAMD
TMP=C:\Users\sambh\AppData\Local\Temp
TEMP=C:\Users\sambh\AppData\Local\Temp




Periodic native trim disabled

---------------  S Y S T E M  ---------------

OS:
 Windows 11 , 64 bit Build 26100 (10.0.26100.3775)
OS uptime: 0 days 1:29 hours
Hyper-V role detected

CPU: total 12 (initial active 12) (12 cores per cpu, 2 threads per core) family 25 model 80 stepping 0 microcode 0xa50000c, cx8, cmov, fxsr, ht, mmx, 3dnowpref, sse, sse2, sse3, ssse3, sse4a, sse4.1, sse4.2, popcnt, lzcnt, tsc, tscinvbit, avx, avx2, aes, erms, clmul, bmi1, bmi2, adx, sha, fma, vzeroupper, clflush, clflushopt, hv, rdtscp, rdpid, fsrm, f16c, cet_ss
Processor Information for all 12 processors :
  Max Mhz: 3301, Current Mhz: 3301, Mhz Limit: 3301

Memory: 4k page, system-wide physical 15724M (2156M free)
TotalPageFile size 17772M (AvailPageFile size 218M)
current process WorkingSet (physical memory assigned to process): 326M, peak: 326M
current process commit charge ("private bytes"): 371M, peak: 395M

vm_info: Java HotSpot(TM) 64-Bit Server VM (21.0.2+13-LTS-58) for windows-amd64 JRE (21.0.2+13-LTS-58), built on 2024-01-05T18:32:24Z by "mach5one" with MS VC++ 17.1 (VS2022)

END.
