#
# There is insufficient memory for the Java Runtime Environment to continue.
# Native memory allocation (mmap) failed to map 257949696 bytes for G1 virtual space
# Possible reasons:
#   The system is out of physical RAM or swap space
#   The process is running with CompressedOops enabled, and the Java Heap may be blocking the growth of the native heap
# Possible solutions:
#   Reduce memory load on the system
#   Increase physical memory or swap space
#   Check if swap backing store is full
#   Decrease Java heap size (-Xmx/-Xms)
#   Decrease number of Java threads
#   Decrease Java thread stack sizes (-Xss)
#   Set larger code cache with -XX:ReservedCodeCacheSize=
#   JVM is running with Zero Based Compressed Oops mode in which the Java heap is
#     placed in the first 32GB address space. The Java Heap base address is the
#     maximum limit for the native heap growth. Please use -XX:HeapBaseMinAddress
#     to set the Java Heap base and to place the Java Heap above 32GB virtual address.
# This output file may be truncated or incomplete.
#
#  Out of Memory Error (os_windows.cpp:3600), pid=18884, tid=14432
#
# JRE version:  (21.0.2+13) (build )
# Java VM: Java HotSpot(TM) 64-Bit Server VM (21.0.2+13-LTS-58, mixed mode, sharing, tiered, compressed oops, compressed class ptrs, g1 gc, windows-amd64)
# No core dump will be written. Minidumps are not enabled by default on client versions of Windows
#

---------------  S U M M A R Y ------------

Command Line: C:\Users\sambh\AppData\Local\Temp\surefire9576294723229120031\surefirebooter-20250514222150689_3.jar C:\Users\sambh\AppData\Local\Temp\surefire9576294723229120031 2025-05-14T22-21-50_562-jvmRun1 surefire-20250514222150689_1tmp surefire_0-20250514222150689_2tmp

Host: AMD Ryzen 5 5600H with Radeon Graphics         , 12 cores, 15G,  Windows 11 , 64 bit Build 26100 (10.0.26100.3775)
Time: Wed May 14 22:21:51 2025 India Standard Time elapsed time: 1.058996 seconds (0d 0h 0m 1s)

---------------  T H R E A D  ---------------

Current thread (0x000001988c5d3ac0):  JavaThread "Unknown thread" [_thread_in_vm, id=14432, stack(0x0000003fc7600000,0x0000003fc7700000) (1024K)]

Stack: [0x0000003fc7600000,0x0000003fc7700000]
Native frames: (J=compiled Java code, j=interpreted, Vv=VM code, C=native code)
V  [jvm.dll+0x6cade9]
V  [jvm.dll+0x8569c1]
V  [jvm.dll+0x858d2e]
V  [jvm.dll+0x859413]
V  [jvm.dll+0x280e56]
V  [jvm.dll+0x6c74d5]
V  [jvm.dll+0x6bbeca]
V  [jvm.dll+0x355bca]
V  [jvm.dll+0x35d816]
V  [jvm.dll+0x3ae67e]
V  [jvm.dll+0x3ae928]
V  [jvm.dll+0x3295dc]
V  [jvm.dll+0x32a16b]
V  [jvm.dll+0x81efa9]
V  [jvm.dll+0x3bba01]
V  [jvm.dll+0x807928]
V  [jvm.dll+0x44f50e]
V  [jvm.dll+0x450e11]
C  [jli.dll+0x52a3]
C  [ucrtbase.dll+0x37b0]
C  [KERNEL32.DLL+0x2e8d7]
C  [ntdll.dll+0xb14fc]


---------------  P R O C E S S  ---------------

Threads class SMR info:
_java_thread_list=0x00007ffe8289bb88, length=0, elements={
}

Java Threads: ( => current thread )
Total: 0

Other Threads:
  0x000001988c8dcb40 WorkerThread "GC Thread#0"                     [id=10680, stack(0x0000003fc7700000,0x0000003fc7800000) (1024K)]
  0x000001988c8eec10 ConcurrentGCThread "G1 Main Marker"            [id=6116, stack(0x0000003fc7800000,0x0000003fc7900000) (1024K)]
  0x000001988c8f04a0 WorkerThread "G1 Conc#0"                       [id=6660, stack(0x0000003fc7900000,0x0000003fc7a00000) (1024K)]

[error occurred during error reporting (printing all threads), id 0xc0000005, EXCEPTION_ACCESS_VIOLATION (0xc0000005) at pc=0x00007ffe8200c6a7]
VM state: not at safepoint (not fully initialized)

VM Mutex/Monitor currently owned by a thread:  ([mutex/lock_event])
[0x00007ffe8290ce68] Heap_lock - owner thread: 0x000001988c5d3ac0

Heap address: 0x000000070a400000, size: 3932 MB, Compressed Oops mode: Zero based, Oop shift amount: 3

CDS archive(s) mapped at: [0x0000000000000000-0x0000000000000000-0x0000000000000000), size 0, SharedBaseAddress: 0x0000000800000000, ArchiveRelocationMode: 1.
Narrow klass base: 0x0000000000000000, Narrow klass shift: 0, Narrow klass range: 0x0

GC Precious Log:
 CardTable entry size: 512
 Card Set container configuration: InlinePtr #cards 4 size 8 Array Of Cards #cards 16 size 48 Howl #buckets 8 coarsen threshold 3686 Howl Bitmap #cards 512 size 80 coarsen threshold 460 Card regions per heap region 1 cards per card region 4096

Heap:
 garbage-first heap   total 0K, used 0K [0x000000070a400000, 0x0000000800000000)
  region size 2048K, 0 young (0K), 0 survivors (0K)

[error occurred during error reporting (printing heap information), id 0xc0000005, EXCEPTION_ACCESS_VIOLATION (0xc0000005) at pc=0x00007ffe823f39f9]
GC Heap History (0 events):
No events

Dll operation events (1 events):
Event: 0.006 Loaded shared library C:\Program Files\Java\jdk-21\bin\java.dll

Deoptimization events (0 events):
No events

Classes loaded (0 events):
No events

Classes unloaded (0 events):
No events

Classes redefined (0 events):
No events

Internal exceptions (0 events):
No events

ZGC Phase Switch (0 events):
No events

VM Operations (0 events):
No events

Events (0 events):
No events


Dynamic libraries:
0x00007ff6441e0000 - 0x00007ff6441f0000 	C:\Program Files\Java\jdk-21\bin\java.exe
0x00007ffec4140000 - 0x00007ffec43a0000 	C:\WINDOWS\SYSTEM32\ntdll.dll
0x00007ffec38d0000 - 0x00007ffec3997000 	C:\WINDOWS\System32\KERNEL32.DLL
0x00007ffec1b70000 - 0x00007ffec1f3a000 	C:\WINDOWS\System32\KERNELBASE.dll
0x00007ffec18b0000 - 0x00007ffec19fb000 	C:\WINDOWS\System32\ucrtbase.dll
0x00007ffeb4dc0000 - 0x00007ffeb4ddb000 	C:\Program Files\Java\jdk-21\bin\VCRUNTIME140.dll
0x00007ffeb4d40000 - 0x00007ffeb4d59000 	C:\Program Files\Java\jdk-21\bin\jli.dll
0x00007ffec3bc0000 - 0x00007ffec3c72000 	C:\WINDOWS\System32\ADVAPI32.dll
0x00007ffec27b0000 - 0x00007ffec2859000 	C:\WINDOWS\System32\msvcrt.dll
0x00007ffec2700000 - 0x00007ffec27a6000 	C:\WINDOWS\System32\sechost.dll
0x00007ffec3d10000 - 0x00007ffec3e26000 	C:\WINDOWS\System32\RPCRT4.dll
0x00007ffec2a90000 - 0x00007ffec2c5c000 	C:\WINDOWS\System32\USER32.dll
0x00007ffec1a00000 - 0x00007ffec1a27000 	C:\WINDOWS\System32\win32u.dll
0x00007ffeae340000 - 0x00007ffeae5d7000 	C:\WINDOWS\WinSxS\amd64_microsoft.windows.common-controls_6595b64144ccf1df_6.0.26100.3624_none_3e086962e3345f24\COMCTL32.dll
0x00007ffec2420000 - 0x00007ffec244a000 	C:\WINDOWS\System32\GDI32.dll
0x00007ffec1a30000 - 0x00007ffec1b61000 	C:\WINDOWS\System32\gdi32full.dll
0x00007ffec13b0000 - 0x00007ffec1453000 	C:\WINDOWS\System32\msvcp_win.dll
0x00007ffebafb0000 - 0x00007ffebafbb000 	C:\WINDOWS\SYSTEM32\VERSION.dll
0x00007ffec3aa0000 - 0x00007ffec3acf000 	C:\WINDOWS\System32\IMM32.DLL
0x00007ffeb4d30000 - 0x00007ffeb4d3c000 	C:\Program Files\Java\jdk-21\bin\vcruntime140_1.dll
0x00007ffeb4ca0000 - 0x00007ffeb4d2e000 	C:\Program Files\Java\jdk-21\bin\msvcp140.dll
0x00007ffe81cd0000 - 0x00007ffe829e7000 	C:\Program Files\Java\jdk-21\bin\server\jvm.dll
0x00007ffec3b10000 - 0x00007ffec3b84000 	C:\WINDOWS\System32\WS2_32.dll
0x00007ffec06e0000 - 0x00007ffec073e000 	C:\WINDOWS\SYSTEM32\POWRPROF.dll
0x00007ffeb4f60000 - 0x00007ffeb4f96000 	C:\WINDOWS\SYSTEM32\WINMM.dll
0x00007ffec0620000 - 0x00007ffec0634000 	C:\WINDOWS\SYSTEM32\UMPDC.dll
0x00007ffec0100000 - 0x00007ffec011a000 	C:\WINDOWS\SYSTEM32\kernel.appcore.dll
0x00007ffeb4c90000 - 0x00007ffeb4c9a000 	C:\Program Files\Java\jdk-21\bin\jimage.dll
0x00007ffebed40000 - 0x00007ffebef81000 	C:\WINDOWS\SYSTEM32\DBGHELP.DLL
0x00007ffec1f40000 - 0x00007ffec22c2000 	C:\WINDOWS\System32\combase.dll
0x00007ffec3e30000 - 0x00007ffec3f06000 	C:\WINDOWS\System32\OLEAUT32.dll
0x00007ffeab680000 - 0x00007ffeab6b9000 	C:\WINDOWS\SYSTEM32\dbgcore.DLL
0x00007ffec1520000 - 0x00007ffec15b9000 	C:\WINDOWS\System32\bcryptPrimitives.dll
0x00007ffeb45f0000 - 0x00007ffeb460f000 	C:\Program Files\Java\jdk-21\bin\java.dll

dbghelp: loaded successfully - version: 4.0.5 - missing functions: none
symbol engine: initialized successfully - sym options: 0x614 - pdb path: .;C:\Program Files\Java\jdk-21\bin;C:\WINDOWS\SYSTEM32;C:\WINDOWS\WinSxS\amd64_microsoft.windows.common-controls_6595b64144ccf1df_6.0.26100.3624_none_3e086962e3345f24;C:\Program Files\Java\jdk-21\bin\server

VM Arguments:
java_command: C:\Users\sambh\AppData\Local\Temp\surefire9576294723229120031\surefirebooter-20250514222150689_3.jar C:\Users\sambh\AppData\Local\Temp\surefire9576294723229120031 2025-05-14T22-21-50_562-jvmRun1 surefire-20250514222150689_1tmp surefire_0-20250514222150689_2tmp
java_class_path (initial): C:\Users\sambh\AppData\Local\Temp\surefire9576294723229120031\surefirebooter-20250514222150689_3.jar
Launcher Type: SUN_STANDARD

[Global flags]
     intx CICompilerCount                          = 4                                         {product} {ergonomic}
     uint ConcGCThreads                            = 3                                         {product} {ergonomic}
     uint G1ConcRefinementThreads                  = 10                                        {product} {ergonomic}
   size_t G1HeapRegionSize                         = 2097152                                   {product} {ergonomic}
    uintx GCDrainStackTargetSize                   = 64                                        {product} {ergonomic}
   size_t InitialHeapSize                          = 257949696                                 {product} {ergonomic}
   size_t MarkStackSize                            = 4194304                                   {product} {ergonomic}
   size_t MaxHeapSize                              = 4123000832                                {product} {ergonomic}
   size_t MinHeapDeltaBytes                        = 2097152                                   {product} {ergonomic}
   size_t MinHeapSize                              = 8388608                                   {product} {ergonomic}
    uintx NonNMethodCodeHeapSize                   = 5839372                                {pd product} {ergonomic}
    uintx NonProfiledCodeHeapSize                  = 122909434                              {pd product} {ergonomic}
    uintx ProfiledCodeHeapSize                     = 122909434                              {pd product} {ergonomic}
    uintx ReservedCodeCacheSize                    = 251658240                              {pd product} {ergonomic}
     bool SegmentedCodeCache                       = true                                      {product} {ergonomic}
   size_t SoftMaxHeapSize                          = 4123000832                             {manageable} {ergonomic}
     bool UseCompressedOops                        = true                           {product lp64_product} {ergonomic}
     bool UseG1GC                                  = true                                      {product} {ergonomic}
     bool UseLargePagesIndividualAllocation        = false                                  {pd product} {ergonomic}

Logging:
Log output configuration:
 #0: stdout all=warning uptime,level,tags foldmultilines=false
 #1: stderr all=off uptime,level,tags foldmultilines=false

Environment Variables:
PATH=C:\Program Files\Python312\Scripts\;C:\Program Files\Python312\;C:\Program Files\Common Files\Oracle\Java\javapath;C:\Windows\system32;C:\Windows;C:\Windows\System32\Wbem;C:\Windows\System32\WindowsPowerShell\v1.0\;C:\Windows\System32\OpenSSH\;C:\Program Files (x86)\NVIDIA Corporation\PhysX\Common;C:\Program Files\NVIDIA Corporation\NVIDIA NvDLISR;C:\WINDOWS\system32;C:\WINDOWS;C:\WINDOWS\System32\Wbem;C:\WINDOWS\System32\WindowsPowerShell\v1.0\;C:\WINDOWS\System32\OpenSSH\;C:\Program Files\Java\jdk-21\bin;C:\MinGW\bin;C:\Program Files\nodejs\;C:\ProgramData\chocolatey\bin;C:\Program Files\MongoDB\Server\7.0\bin;C:\Program Files\Docker\Docker\resources\bin;D:\Java\apache-maven-3.9.9\bin;C:\Program Files\Git\cmd;C:\Users\sambh\.cargo\bin;C:\Users\sambh\AppData\Local\Programs\Python\Launcher\;C:\Program Files\MySQL\MySQL Shell 8.0\bin\;C:\Users\sambh\AppData\Local\Microsoft\WindowsApps;C:\Users\sambh\AppData\Local\Programs\Microsoft VS Code\bin;C:\Program Files\JetBrains\IntelliJ IDEA Community Edition 2023.3.4\bin;;%MAVEN-HOME\bin;C:\Users\sambh\AppData\Roaming\npm;D:\MongoDB\;C:\Program Files\JetBrains\IntelliJ IDEA 2024.3.2.2\bin;;D:\PyCharm 2024.3.2\bin;;C:\Users\sambh\AppData\Local\GitHubDesktop\bin;D:\GoLand 2025.1\bin;;D:\WebStorm 2025.1.1\bin;
USERNAME=sambh
OS=Windows_NT
PROCESSOR_IDENTIFIER=AMD64 Family 25 Model 80 Stepping 0, AuthenticAMD
TMP=C:\Users\sambh\AppData\Local\Temp
TEMP=C:\Users\sambh\AppData\Local\Temp




Periodic native trim disabled

---------------  S Y S T E M  ---------------

OS:
 Windows 11 , 64 bit Build 26100 (10.0.26100.3775)
OS uptime: 0 days 0:17 hours
Hyper-V role detected

CPU: total 12 (initial active 12) (12 cores per cpu, 2 threads per core) family 25 model 80 stepping 0 microcode 0xa50000c, cx8, cmov, fxsr, ht, mmx, 3dnowpref, sse, sse2, sse3, ssse3, sse4a, sse4.1, sse4.2, popcnt, lzcnt, tsc, tscinvbit, avx, avx2, aes, erms, clmul, bmi1, bmi2, adx, sha, fma, vzeroupper, clflush, clflushopt, hv, rdtscp, rdpid, fsrm, f16c, cet_ss
Processor Information for all 12 processors :
  Max Mhz: 3301, Current Mhz: 3301, Mhz Limit: 3301

Memory: 4k page, system-wide physical 15724M (3236M free)
TotalPageFile size 17772M (AvailPageFile size 5M)
current process WorkingSet (physical memory assigned to process): 12M, peak: 12M
current process commit charge ("private bytes"): 64M, peak: 310M

vm_info: Java HotSpot(TM) 64-Bit Server VM (21.0.2+13-LTS-58) for windows-amd64 JRE (21.0.2+13-LTS-58), built on 2024-01-05T18:32:24Z by "mach5one" with MS VC++ 17.1 (VS2022)

END.
